Log file open, 11/08/22 23:05:11
LogInit: Display: Running engine for game: ProjectDAGR
LogPlatformFile: Not using cached read wrapper
LogTaskGraph: Started task graph with 5 named threads and 23 total threads with 3 sets of task threads.
LogStats: Stats thread started at 0.170156
LogD3D11RHI: Loaded GFSDK_Aftermath_Lib.x64.dll
LogICUInternationalization: ICU TimeZone Detection - Raw Offset: +10:00, Platform Override: ''
LogPluginManager: Mounting plugin Paper2D
LogPluginManager: Mounting plugin AISupport
LogPluginManager: Mounting plugin LightPropagationVolume
LogPluginManager: Mounting plugin CameraShakePreviewer
LogPluginManager: Mounting plugin Composure
LogPluginManager: Mounting plugin LensDistortion
LogPluginManager: Mounting plugin OpenColorIO
LogPluginManager: Mounting plugin ActorLayerUtilities
LogPluginManager: Mounting plugin AnimationSharing
LogPluginManager: Mounting plugin CLionSourceCodeAccess
LogPluginManager: Mounting plugin CodeLiteSourceCodeAccess
LogPluginManager: Mounting plugin GitSourceControl
LogPluginManager: Mounting plugin KDevelopSourceCodeAccess
LogPluginManager: Mounting plugin NullSourceCodeAccess
LogPluginManager: Mounting plugin PerforceSourceControl
LogPluginManager: Mounting plugin PlasticSourceControl
LogPluginManager: Mounting plugin RiderSourceCodeAccess
LogPluginManager: Mounting plugin SubversionSourceControl
LogPluginManager: Mounting plugin UObjectPlugin
LogPluginManager: Mounting plugin VisualStudioCodeSourceCodeAccess
LogPluginManager: Mounting plugin VisualStudioSourceCodeAccess
LogPluginManager: Mounting plugin XCodeSourceCodeAccess
LogPluginManager: Mounting plugin AssetManagerEditor
LogPluginManager: Mounting plugin BlueprintMaterialTextureNodes
LogPluginManager: Mounting plugin CryptoKeys
LogPluginManager: Mounting plugin CurveEditorTools
LogPluginManager: Mounting plugin DataValidation
LogPluginManager: Mounting plugin EditorScriptingUtilities
LogPluginManager: Mounting plugin FacialAnimation
LogPluginManager: Mounting plugin GameplayTagsEditor
LogPluginManager: Mounting plugin GeometryMode
LogPluginManager: Mounting plugin MacGraphicsSwitching
LogPluginManager: Mounting plugin MaterialAnalyzer
LogPluginManager: Mounting plugin MobileLauncherProfileWizard
LogPluginManager: Mounting plugin PluginBrowser
LogPluginManager: Mounting plugin SpeedTreeImporter
LogPluginManager: Mounting plugin DatasmithContent
LogPluginManager: Mounting plugin VariantManagerContent
LogPluginManager: Mounting plugin AlembicImporter
LogPluginManager: Mounting plugin AutomationUtils
LogPluginManager: Mounting plugin BackChannel
LogPluginManager: Mounting plugin ChaosCloth
LogPluginManager: Mounting plugin ChaosClothEditor
LogPluginManager: Mounting plugin ChaosEditor
LogPluginManager: Mounting plugin ChaosNiagara
LogPluginManager: Mounting plugin ChaosSolverPlugin
LogPluginManager: Mounting plugin CharacterAI
LogPluginManager: Mounting plugin GeometryCache
LogPluginManager: Mounting plugin GeometryCollectionPlugin
LogPluginManager: Mounting plugin GeometryProcessing
LogPluginManager: Mounting plugin PlanarCut
LogPluginManager: Mounting plugin PlatformCrypto
LogPluginManager: Mounting plugin ProxyLODPlugin
LogPluginManager: Mounting plugin SkeletalReduction
LogPluginManager: Mounting plugin Niagara
LogPluginManager: Mounting plugin MagicLeap
LogPluginManager: Mounting plugin MagicLeapLightEstimation
LogPluginManager: Mounting plugin MagicLeapMedia
LogPluginManager: Mounting plugin MagicLeapPassableWorld
LogPluginManager: Mounting plugin MLSDK
LogPluginManager: Mounting plugin AndroidMedia
LogPluginManager: Mounting plugin AvfMedia
LogPluginManager: Mounting plugin ImgMedia
LogPluginManager: Mounting plugin MediaCompositing
LogPluginManager: Mounting plugin MediaIOFramework
LogPluginManager: Mounting plugin MediaPlayerEditor
LogPluginManager: Mounting plugin WebMMedia
LogPluginManager: Mounting plugin WmfMedia
LogPluginManager: Mounting plugin MeshPainting
LogPluginManager: Mounting plugin TcpMessaging
LogPluginManager: Mounting plugin UdpMessaging
LogPluginManager: Mounting plugin ActorSequence
LogPluginManager: Mounting plugin LevelSequenceEditor
LogPluginManager: Mounting plugin MatineeToLevelSequence
LogPluginManager: Mounting plugin MovieRenderPipeline
LogPluginManager: Mounting plugin TemplateSequence
LogPluginManager: Mounting plugin NetcodeUnitTest
LogPluginManager: Mounting plugin NUTUnrealEngine4
LogPluginManager: Mounting plugin OnlineSubsystemGooglePlay
LogPluginManager: Mounting plugin OnlineSubsystemIOS
LogPluginManager: Mounting plugin OnlineSubsystem
LogPluginManager: Mounting plugin OnlineSubsystemNull
LogPluginManager: Mounting plugin OnlineSubsystemUtils
LogPluginManager: Mounting plugin LauncherChunkInstaller
LogPluginManager: Mounting plugin AndroidDeviceProfileSelector
LogPluginManager: Mounting plugin AndroidMoviePlayer
LogPluginManager: Mounting plugin AndroidPermission
LogPluginManager: Mounting plugin ApexDestruction
LogPluginManager: Mounting plugin AppleImageUtils
LogPluginManager: Mounting plugin AppleMoviePlayer
LogPluginManager: Mounting plugin ArchVisCharacter
LogPluginManager: Mounting plugin AssetTags
LogPluginManager: Mounting plugin AudioCapture
LogPluginManager: Mounting plugin CableComponent
LogPluginManager: Mounting plugin CustomMeshComponent
LogPluginManager: Mounting plugin EditableMesh
LogPluginManager: Mounting plugin ExampleDeviceProfileSelector
LogPluginManager: Mounting plugin GoogleCloudMessaging
LogPluginManager: Mounting plugin GooglePAD
LogPluginManager: Mounting plugin IOSDeviceProfileSelector
LogPluginManager: Mounting plugin LinuxDeviceProfileSelector
LogPluginManager: Mounting plugin LocationServicesBPLibrary
LogPluginManager: Mounting plugin MobilePatchingUtils
LogPluginManager: Mounting plugin nDisplay
LogPluginManager: Mounting plugin OculusVR
LogPluginManager: Mounting plugin PhysXVehicles
LogPluginManager: Mounting plugin PostSplashScreen
LogPluginManager: Mounting plugin ProceduralMeshComponent
LogPluginManager: Mounting plugin RuntimePhysXCooking
LogPluginManager: Mounting plugin SignificanceManager
LogPluginManager: Mounting plugin SoundFields
LogPluginManager: Mounting plugin SteamVR
LogPluginManager: Mounting plugin Synthesis
LogPluginManager: Mounting plugin WebMMoviePlayer
LogPluginManager: Mounting plugin WindowsMoviePlayer
LogPluginManager: Mounting plugin ScreenshotTools
LogPluginManager: Mounting plugin DA_Assets
LogInit: Using libcurl 7.55.1-DEV
LogInit:  - built for x86_64-pc-win32
LogInit:  - supports SSL with OpenSSL/1.1.1
LogInit:  - supports HTTP deflate (compression) using libz 1.2.8
LogInit:  - other features:
LogInit:      CURL_VERSION_SSL
LogInit:      CURL_VERSION_LIBZ
LogInit:      CURL_VERSION_IPV6
LogInit:      CURL_VERSION_ASYNCHDNS
LogInit:      CURL_VERSION_LARGEFILE
LogInit:      CURL_VERSION_IDN
LogInit:  CurlRequestOptions (configurable via config and command line):
LogInit:  - bVerifyPeer = true  - Libcurl will verify peer certificate
LogInit:  - bUseHttpProxy = false  - Libcurl will NOT use HTTP proxy
LogInit:  - bDontReuseConnections = false  - Libcurl will reuse connections
LogInit:  - MaxHostConnections = 16  - Libcurl will limit the number of connections to a host
LogInit:  - LocalHostAddr = Default
LogInit:  - BufferSize = 65536
LogOnline: OSS: Creating online subsystem instance for: NULL
LogInit: WinSock: version 1.1 (2.2), MaxSocks=32767, MaxUdp=65467
LogOnline: OSS: TryLoadSubsystemAndSetDefault: Loaded subsystem for module [NULL]
LogInit: Build: ++UE4+Release-4.25-CL-14469661
LogInit: Engine Version: 4.25.4-14469661+++UE4+Release-4.25
LogInit: Compatible Engine Version: 4.25.0-13144385+++UE4+Release-4.25
LogInit: Net CL: 13144385
LogInit: OS: Windows 10 (Release 2009) (), CPU: 11th Gen Intel(R) Core(TM) i7-1165G7 @ 2.80GHz, GPU: Intel(R) Iris(R) Xe Graphics
LogInit: Compiled (64-bit): Oct 11 2020 08:10:49
LogInit: Compiled with Visual C++: 19.24.28315.00
LogInit: Build Configuration: Development
LogInit: Branch Name: ++UE4+Release-4.25
LogInit: Command Line: 
LogInit: Base Directory: C:/Program Files/Epic Games/UE_4.25/Engine/Binaries/Win64/
LogInit: Allocator: TBB
LogInit: Installed Engine Build: 1
LogDevObjectVersion: Number of dev versions registered: 26
LogDevObjectVersion:   Dev-Blueprints (B0D832E4-1F89-4F0D-ACCF-7EB736FD4AA2): 10
LogDevObjectVersion:   Dev-Build (E1C64328-A22C-4D53-A36C-8E866417BD8C): 0
LogDevObjectVersion:   Dev-Core (375EC13C-06E4-48FB-B500-84F0262A717E): 4
LogDevObjectVersion:   Dev-Editor (E4B068ED-F494-42E9-A231-DA0B2E46BB41): 38
LogDevObjectVersion:   Dev-Framework (CFFC743F-43B0-4480-9391-14DF171D2073): 37
LogDevObjectVersion:   Dev-Mobile (B02B49B5-BB20-44E9-A304-32B752E40360): 2
LogDevObjectVersion:   Dev-Networking (A4E4105C-59A1-49B5-A7C5-40C4547EDFEE): 0
LogDevObjectVersion:   Dev-Online (39C831C9-5AE6-47DC-9A44-9C173E1C8E7C): 0
LogDevObjectVersion:   Dev-Physics (78F01B33-EBEA-4F98-B9B4-84EACCB95AA2): 4
LogDevObjectVersion:   Dev-Platform (6631380F-2D4D-43E0-8009-CF276956A95A): 0
LogDevObjectVersion:   Dev-Rendering (12F88B9F-8875-4AFC-A67C-D90C383ABD29): 43
LogDevObjectVersion:   Dev-Sequencer (7B5AE74C-D270-4C10-A958-57980B212A5A): 12
LogDevObjectVersion:   Dev-VR (D7296918-1DD6-4BDD-9DE2-64A83CC13884): 3
LogDevObjectVersion:   Dev-LoadTimes (C2A15278-BFE7-4AFE-6C17-90FF531DF755): 1
LogDevObjectVersion:   Private-Geometry (6EACA3D4-40EC-4CC1-B786-8BED09428FC5): 3
LogDevObjectVersion:   Dev-AnimPhys (29E575DD-E0A3-4627-9D10-D276232CDCEA): 17
LogDevObjectVersion:   Dev-Anim (AF43A65D-7FD3-4947-9873-3E8ED9C1BB05): 7
LogDevObjectVersion:   Dev-ReflectionCapture (6B266CEC-1EC7-4B8F-A30B-E4D90942FC07): 1
LogDevObjectVersion:   Dev-Automation (0DF73D61-A23F-47EA-B727-89E90C41499A): 1
LogDevObjectVersion:   FortniteMain (601D1886-AC64-4F84-AA16-D3DE0DEAC7D6): 31
LogDevObjectVersion:   Dev-Enterprise (9DFFBCD6-494F-0158-E221-12823C92A888): 10
LogDevObjectVersion:   Dev-Niagara (F2AED0AC-9AFE-416F-8664-AA7FFA26D6FC): 1
LogDevObjectVersion:   Dev-Destruction (174F1F0B-B4C6-45A5-B13F-2EE8D0FB917D): 10
LogDevObjectVersion:   Dev-Physics-Ext (35F94A83-E258-406C-A318-09F59610247C): 37
LogDevObjectVersion:   Dev-PhysicsMaterial-Chaos (B68FC16E-8B1B-42E2-B453-215C058844FE): 1
LogDevObjectVersion:   Dev-CineCamera (B2E18506-4273-CFC2-A54E-F4BB758BBA07): 1
LogInit: Presizing for max 25165824 objects, including 0 objects not considered by GC, pre-allocating 0 bytes for permanent pool.
LogConfig: Applying CVar settings from Section [/Script/Engine.StreamingSettings] File [C:/Users/edwar/OneDrive/Desktop/Data Arena/DataArena/ProjectDAGR425/Saved/Config/Windows/Engine.ini]
LogConfig: Setting CVar [[s.MinBulkDataSizeForAsyncLoading:131072]]
LogConfig: Setting CVar [[s.AsyncLoadingThreadEnabled:0]]
LogConfig: Setting CVar [[s.EventDrivenLoaderEnabled:1]]
LogConfig: Setting CVar [[s.WarnIfTimeLimitExceeded:0]]
LogConfig: Setting CVar [[s.TimeLimitExceededMultiplier:1.5]]
LogConfig: Setting CVar [[s.TimeLimitExceededMinTime:0.005]]
LogConfig: Setting CVar [[s.UseBackgroundLevelStreaming:1]]
LogConfig: Setting CVar [[s.PriorityAsyncLoadingExtraTime:15.0]]
LogConfig: Setting CVar [[s.LevelStreamingActorsUpdateTimeLimit:5.0]]
LogConfig: Setting CVar [[s.PriorityLevelStreamingActorsUpdateExtraTime:5.0]]
LogConfig: Setting CVar [[s.LevelStreamingComponentsRegistrationGranularity:10]]
LogConfig: Setting CVar [[s.UnregisterComponentsTimeLimit:1.0]]
LogConfig: Setting CVar [[s.LevelStreamingComponentsUnregistrationGranularity:5]]
LogConfig: Setting CVar [[s.FlushStreamingOnExit:1]]
LogInit: Object subsystem initialized
LogConfig: Setting CVar [[con.DebugEarlyDefault:1]]
LogConfig: Setting CVar [[r.setres:1280x720]]
[2022.11.08-12.05.11:636][  0]LogConfig: Setting CVar [[r.VSync:0]]
[2022.11.08-12.05.11:636][  0]LogConfig: Setting CVar [[r.RHICmdBypass:0]]
[2022.11.08-12.05.11:636][  0]LogConfig: Applying CVar settings from Section [/Script/Engine.RendererSettings] File [C:/Users/edwar/OneDrive/Desktop/Data Arena/DataArena/ProjectDAGR425/Saved/Config/Windows/Engine.ini]
[2022.11.08-12.05.11:636][  0]LogConfig: Setting CVar [[r.GPUCrashDebugging:0]]
[2022.11.08-12.05.11:636][  0]LogConfig: Applying CVar settings from Section [/Script/Engine.RendererOverrideSettings] File [C:/Users/edwar/OneDrive/Desktop/Data Arena/DataArena/ProjectDAGR425/Saved/Config/Windows/Engine.ini]
[2022.11.08-12.05.11:636][  0]LogConfig: Applying CVar settings from Section [/Script/Engine.StreamingSettings] File [C:/Users/edwar/OneDrive/Desktop/Data Arena/DataArena/ProjectDAGR425/Saved/Config/Windows/Engine.ini]
[2022.11.08-12.05.11:636][  0]LogConfig: Setting CVar [[s.MinBulkDataSizeForAsyncLoading:131072]]
[2022.11.08-12.05.11:636][  0]LogConfig: Setting CVar [[s.AsyncLoadingThreadEnabled:0]]
[2022.11.08-12.05.11:636][  0]LogConfig: Setting CVar [[s.EventDrivenLoaderEnabled:1]]
[2022.11.08-12.05.11:636][  0]LogConfig: Setting CVar [[s.WarnIfTimeLimitExceeded:0]]
[2022.11.08-12.05.11:636][  0]LogConfig: Setting CVar [[s.TimeLimitExceededMultiplier:1.5]]
[2022.11.08-12.05.11:636][  0]LogConfig: Setting CVar [[s.TimeLimitExceededMinTime:0.005]]
[2022.11.08-12.05.11:636][  0]LogConfig: Setting CVar [[s.UseBackgroundLevelStreaming:1]]
[2022.11.08-12.05.11:636][  0]LogConfig: Setting CVar [[s.PriorityAsyncLoadingExtraTime:15.0]]
[2022.11.08-12.05.11:636][  0]LogConfig: Setting CVar [[s.LevelStreamingActorsUpdateTimeLimit:5.0]]
[2022.11.08-12.05.11:636][  0]LogConfig: Setting CVar [[s.PriorityLevelStreamingActorsUpdateExtraTime:5.0]]
[2022.11.08-12.05.11:636][  0]LogConfig: Setting CVar [[s.LevelStreamingComponentsRegistrationGranularity:10]]
[2022.11.08-12.05.11:636][  0]LogConfig: Setting CVar [[s.UnregisterComponentsTimeLimit:1.0]]
[2022.11.08-12.05.11:636][  0]LogConfig: Setting CVar [[s.LevelStreamingComponentsUnregistrationGranularity:5]]
[2022.11.08-12.05.11:636][  0]LogConfig: Setting CVar [[s.FlushStreamingOnExit:1]]
[2022.11.08-12.05.11:636][  0]LogConfig: Applying CVar settings from Section [/Script/Engine.GarbageCollectionSettings] File [C:/Users/edwar/OneDrive/Desktop/Data Arena/DataArena/ProjectDAGR425/Saved/Config/Windows/Engine.ini]
[2022.11.08-12.05.11:636][  0]LogConfig: Setting CVar [[gc.MaxObjectsNotConsideredByGC:1]]
[2022.11.08-12.05.11:636][  0]LogConfig: Setting CVar [[gc.SizeOfPermanentObjectPool:0]]
[2022.11.08-12.05.11:636][  0]LogConfig: Setting CVar [[gc.FlushStreamingOnGC:0]]
[2022.11.08-12.05.11:636][  0]LogConfig: Setting CVar [[gc.NumRetriesBeforeForcingGC:10]]
[2022.11.08-12.05.11:636][  0]LogConfig: Setting CVar [[gc.AllowParallelGC:1]]
[2022.11.08-12.05.11:636][  0]LogConfig: Setting CVar [[gc.TimeBetweenPurgingPendingKillObjects:61.1]]
[2022.11.08-12.05.11:636][  0]LogConfig: Setting CVar [[gc.MaxObjectsInEditor:25165824]]
[2022.11.08-12.05.11:636][  0]LogConfig: Setting CVar [[gc.IncrementalBeginDestroyEnabled:1]]
[2022.11.08-12.05.11:636][  0]LogConfig: Setting CVar [[gc.CreateGCClusters:1]]
[2022.11.08-12.05.11:636][  0]LogConfig: Setting CVar [[gc.MinGCClusterSize:5]]
[2022.11.08-12.05.11:636][  0]LogConfig: Setting CVar [[gc.ActorClusteringEnabled:0]]
[2022.11.08-12.05.11:636][  0]LogConfig: Setting CVar [[gc.BlueprintClusteringEnabled:0]]
[2022.11.08-12.05.11:636][  0]LogConfig: Setting CVar [[gc.UseDisregardForGCOnDedicatedServers:0]]
[2022.11.08-12.05.11:636][  0]LogConfig: Applying CVar settings from Section [/Script/Engine.NetworkSettings] File [C:/Users/edwar/OneDrive/Desktop/Data Arena/DataArena/ProjectDAGR425/Saved/Config/Windows/Engine.ini]
[2022.11.08-12.05.11:636][  0]LogConfig: Applying CVar settings from Section [/Script/UnrealEd.CookerSettings] File [C:/Users/edwar/OneDrive/Desktop/Data Arena/DataArena/ProjectDAGR425/Saved/Config/Windows/Engine.ini]
[2022.11.08-12.05.11:638][  0]LogConfig: Applying CVar settings from Section [ViewDistanceQuality@3] File [C:/Users/edwar/OneDrive/Desktop/Data Arena/DataArena/ProjectDAGR425/Saved/Config/Windows/Scalability.ini]
[2022.11.08-12.05.11:638][  0]LogConfig: Setting CVar [[r.SkeletalMeshLODBias:0]]
[2022.11.08-12.05.11:638][  0]LogConfig: Setting CVar [[r.ViewDistanceScale:1.0]]
[2022.11.08-12.05.11:638][  0]LogConfig: Applying CVar settings from Section [AntiAliasingQuality@3] File [C:/Users/edwar/OneDrive/Desktop/Data Arena/DataArena/ProjectDAGR425/Saved/Config/Windows/Scalability.ini]
[2022.11.08-12.05.11:638][  0]LogConfig: Setting CVar [[r.PostProcessAAQuality:4]]
[2022.11.08-12.05.11:638][  0]LogConfig: Applying CVar settings from Section [ShadowQuality@3] File [C:/Users/edwar/OneDrive/Desktop/Data Arena/DataArena/ProjectDAGR425/Saved/Config/Windows/Scalability.ini]
[2022.11.08-12.05.11:638][  0]LogConfig: Setting CVar [[r.LightFunctionQuality:1]]
[2022.11.08-12.05.11:638][  0]LogConfig: Setting CVar [[r.ShadowQuality:5]]
[2022.11.08-12.05.11:638][  0]LogConfig: Setting CVar [[r.Shadow.CSM.MaxCascades:10]]
[2022.11.08-12.05.11:638][  0]LogConfig: Setting CVar [[r.Shadow.MaxResolution:2048]]
[2022.11.08-12.05.11:638][  0]LogConfig: Setting CVar [[r.Shadow.MaxCSMResolution:2048]]
[2022.11.08-12.05.11:638][  0]LogConfig: Setting CVar [[r.Shadow.RadiusThreshold:0.01]]
[2022.11.08-12.05.11:638][  0]LogConfig: Setting CVar [[r.Shadow.DistanceScale:1.0]]
[2022.11.08-12.05.11:638][  0]LogConfig: Setting CVar [[r.Shadow.CSM.TransitionScale:1.0]]
[2022.11.08-12.05.11:638][  0]LogConfig: Setting CVar [[r.Shadow.PreShadowResolutionFactor:1.0]]
[2022.11.08-12.05.11:638][  0]LogConfig: Setting CVar [[r.DistanceFieldShadowing:1]]
[2022.11.08-12.05.11:638][  0]LogConfig: Setting CVar [[r.DistanceFieldAO:1]]
[2022.11.08-12.05.11:638][  0]LogConfig: Setting CVar [[r.AOQuality:2]]
[2022.11.08-12.05.11:638][  0]LogConfig: Setting CVar [[r.VolumetricFog:1]]
[2022.11.08-12.05.11:638][  0]LogConfig: Setting CVar [[r.VolumetricFog.GridPixelSize:8]]
[2022.11.08-12.05.11:638][  0]LogConfig: Setting CVar [[r.VolumetricFog.GridSizeZ:128]]
[2022.11.08-12.05.11:638][  0]LogConfig: Setting CVar [[r.VolumetricFog.HistoryMissSupersampleCount:4]]
[2022.11.08-12.05.11:638][  0]LogConfig: Setting CVar [[r.LightMaxDrawDistanceScale:1]]
[2022.11.08-12.05.11:638][  0]LogConfig: Setting CVar [[r.CapsuleShadows:1]]
[2022.11.08-12.05.11:638][  0]LogConfig: Applying CVar settings from Section [PostProcessQuality@3] File [C:/Users/edwar/OneDrive/Desktop/Data Arena/DataArena/ProjectDAGR425/Saved/Config/Windows/Scalability.ini]
[2022.11.08-12.05.11:638][  0]LogConfig: Setting CVar [[r.MotionBlurQuality:4]]
[2022.11.08-12.05.11:638][  0]LogConfig: Setting CVar [[r.AmbientOcclusionMipLevelFactor:0.4]]
[2022.11.08-12.05.11:638][  0]LogConfig: Setting CVar [[r.AmbientOcclusionMaxQuality:100]]
[2022.11.08-12.05.11:638][  0]LogConfig: Setting CVar [[r.AmbientOcclusionLevels:-1]]
[2022.11.08-12.05.11:638][  0]LogConfig: Setting CVar [[r.AmbientOcclusionRadiusScale:1.0]]
[2022.11.08-12.05.11:638][  0]LogConfig: Setting CVar [[r.DepthOfFieldQuality:2]]
[2022.11.08-12.05.11:638][  0]LogConfig: Setting CVar [[r.RenderTargetPoolMin:400]]
[2022.11.08-12.05.11:638][  0]LogConfig: Setting CVar [[r.LensFlareQuality:2]]
[2022.11.08-12.05.11:638][  0]LogConfig: Setting CVar [[r.SceneColorFringeQuality:1]]
[2022.11.08-12.05.11:638][  0]LogConfig: Setting CVar [[r.EyeAdaptationQuality:2]]
[2022.11.08-12.05.11:638][  0]LogConfig: Setting CVar [[r.BloomQuality:5]]
[2022.11.08-12.05.11:638][  0]LogConfig: Setting CVar [[r.FastBlurThreshold:100]]
[2022.11.08-12.05.11:638][  0]LogConfig: Setting CVar [[r.Upscale.Quality:3]]
[2022.11.08-12.05.11:638][  0]LogConfig: Setting CVar [[r.Tonemapper.GrainQuantization:1]]
[2022.11.08-12.05.11:638][  0]LogConfig: Setting CVar [[r.LightShaftQuality:1]]
[2022.11.08-12.05.11:638][  0]LogConfig: Setting CVar [[r.Filter.SizeScale:1]]
[2022.11.08-12.05.11:638][  0]LogConfig: Setting CVar [[r.Tonemapper.Quality:5]]
[2022.11.08-12.05.11:638][  0]LogConfig: Setting CVar [[r.DOF.Gather.AccumulatorQuality:1        ; higher gathering accumulator quality]]
[2022.11.08-12.05.11:638][  0]LogConfig: Setting CVar [[r.DOF.Gather.PostfilterMethod:1          ; Median3x3 postfilering method]]
[2022.11.08-12.05.11:638][  0]LogConfig: Setting CVar [[r.DOF.Gather.EnableBokehSettings:0       ; no bokeh simulation when gathering]]
[2022.11.08-12.05.11:638][  0]LogConfig: Setting CVar [[r.DOF.Gather.RingCount:4                 ; medium number of samples when gathering]]
[2022.11.08-12.05.11:638][  0]LogConfig: Setting CVar [[r.DOF.Scatter.ForegroundCompositing:1    ; additive foreground scattering]]
[2022.11.08-12.05.11:638][  0]LogConfig: Setting CVar [[r.DOF.Scatter.BackgroundCompositing:2    ; additive background scattering]]
[2022.11.08-12.05.11:638][  0]LogConfig: Setting CVar [[r.DOF.Scatter.EnableBokehSettings:1      ; bokeh simulation when scattering]]
[2022.11.08-12.05.11:638][  0]LogConfig: Setting CVar [[r.DOF.Scatter.MaxSpriteRatio:0.1         ; only a maximum of 10% of scattered bokeh]]
[2022.11.08-12.05.11:638][  0]LogConfig: Setting CVar [[r.DOF.Recombine.Quality:1                ; cheap slight out of focus]]
[2022.11.08-12.05.11:638][  0]LogConfig: Setting CVar [[r.DOF.Recombine.EnableBokehSettings:0    ; no bokeh simulation on slight out of focus]]
[2022.11.08-12.05.11:638][  0]LogConfig: Setting CVar [[r.DOF.TemporalAAQuality:1                ; more stable temporal accumulation]]
[2022.11.08-12.05.11:638][  0]LogConfig: Setting CVar [[r.DOF.Kernel.MaxForegroundRadius:0.025]]
[2022.11.08-12.05.11:638][  0]LogConfig: Setting CVar [[r.DOF.Kernel.MaxBackgroundRadius:0.025]]
[2022.11.08-12.05.11:638][  0]LogConfig: Applying CVar settings from Section [TextureQuality@3] File [C:/Users/edwar/OneDrive/Desktop/Data Arena/DataArena/ProjectDAGR425/Saved/Config/Windows/Scalability.ini]
[2022.11.08-12.05.11:638][  0]LogConfig: Setting CVar [[r.Streaming.MipBias:0]]
[2022.11.08-12.05.11:638][  0]LogConfig: Setting CVar [[r.Streaming.AmortizeCPUToGPUCopy:0]]
[2022.11.08-12.05.11:638][  0]LogConfig: Setting CVar [[r.Streaming.MaxNumTexturesToStreamPerFrame:0]]
[2022.11.08-12.05.11:638][  0]LogConfig: Setting CVar [[r.Streaming.Boost:1]]
[2022.11.08-12.05.11:638][  0]LogConfig: Setting CVar [[r.MaxAnisotropy:8]]
[2022.11.08-12.05.11:638][  0]LogConfig: Setting CVar [[r.VT.MaxAnisotropy:8]]
[2022.11.08-12.05.11:638][  0]LogConfig: Setting CVar [[r.Streaming.LimitPoolSizeToVRAM:0]]
[2022.11.08-12.05.11:638][  0]LogConfig: Setting CVar [[r.Streaming.PoolSize:1000]]
[2022.11.08-12.05.11:638][  0]LogConfig: Setting CVar [[r.Streaming.MaxEffectiveScreenSize:0]]
[2022.11.08-12.05.11:638][  0]LogConfig: Applying CVar settings from Section [EffectsQuality@3] File [C:/Users/edwar/OneDrive/Desktop/Data Arena/DataArena/ProjectDAGR425/Saved/Config/Windows/Scalability.ini]
[2022.11.08-12.05.11:639][  0]LogConfig: Setting CVar [[r.TranslucencyLightingVolumeDim:64]]
[2022.11.08-12.05.11:639][  0]LogConfig: Setting CVar [[r.RefractionQuality:2]]
[2022.11.08-12.05.11:639][  0]LogConfig: Setting CVar [[r.SSR.Quality:3]]
[2022.11.08-12.05.11:639][  0]LogConfig: Setting CVar [[r.SSR.HalfResSceneColor:0]]
[2022.11.08-12.05.11:639][  0]LogConfig: Setting CVar [[r.SceneColorFormat:4]]
[2022.11.08-12.05.11:639][  0]LogConfig: Setting CVar [[r.DetailMode:2]]
[2022.11.08-12.05.11:639][  0]LogConfig: Setting CVar [[r.TranslucencyVolumeBlur:1]]
[2022.11.08-12.05.11:639][  0]LogConfig: Setting CVar [[r.MaterialQualityLevel:1 ; High quality]]
[2022.11.08-12.05.11:639][  0]LogConfig: Setting CVar [[r.SSS.Scale:1]]
[2022.11.08-12.05.11:639][  0]LogConfig: Setting CVar [[r.SSS.SampleSet:2]]
[2022.11.08-12.05.11:639][  0]LogConfig: Setting CVar [[r.SSS.Quality:1]]
[2022.11.08-12.05.11:639][  0]LogConfig: Setting CVar [[r.SSS.HalfRes:0]]
[2022.11.08-12.05.11:639][  0]LogConfig: Setting CVar [[r.SSGI.Quality:3]]
[2022.11.08-12.05.11:639][  0]LogConfig: Setting CVar [[r.EmitterSpawnRateScale:1.0]]
[2022.11.08-12.05.11:639][  0]LogConfig: Setting CVar [[r.ParticleLightQuality:2]]
[2022.11.08-12.05.11:639][  0]LogConfig: Setting CVar [[r.SkyAtmosphere.AerialPerspectiveLUT.FastApplyOnOpaque:1 ; Always have FastSkyLUT 1 in this case to avoid wrong sky]]
[2022.11.08-12.05.11:639][  0]LogConfig: Setting CVar [[r.SkyAtmosphere.AerialPerspectiveLUT.SampleCountPerSlice:1]]
[2022.11.08-12.05.11:639][  0]LogConfig: Setting CVar [[r.SkyAtmosphere.AerialPerspectiveLUT.DepthResolution:16.0]]
[2022.11.08-12.05.11:639][  0]LogConfig: Setting CVar [[r.SkyAtmosphere.FastSkyLUT:1]]
[2022.11.08-12.05.11:639][  0]LogConfig: Setting CVar [[r.SkyAtmosphere.FastSkyLUT.SampleCountMin:4.0]]
[2022.11.08-12.05.11:639][  0]LogConfig: Setting CVar [[r.SkyAtmosphere.FastSkyLUT.SampleCountMax:32.0]]
[2022.11.08-12.05.11:639][  0]LogConfig: Setting CVar [[r.SkyAtmosphere.SampleCountMin:4.0]]
[2022.11.08-12.05.11:639][  0]LogConfig: Setting CVar [[r.SkyAtmosphere.SampleCountMax:32.0]]
[2022.11.08-12.05.11:639][  0]LogConfig: Setting CVar [[r.SkyAtmosphere.TransmittanceLUT.UseSmallFormat:0]]
[2022.11.08-12.05.11:639][  0]LogConfig: Setting CVar [[r.SkyAtmosphere.TransmittanceLUT.SampleCount:10.0]]
[2022.11.08-12.05.11:639][  0]LogConfig: Setting CVar [[r.SkyAtmosphere.MultiScatteringLUT.SampleCount:15.0]]
[2022.11.08-12.05.11:639][  0]LogConfig: Applying CVar settings from Section [FoliageQuality@3] File [C:/Users/edwar/OneDrive/Desktop/Data Arena/DataArena/ProjectDAGR425/Saved/Config/Windows/Scalability.ini]
[2022.11.08-12.05.11:639][  0]LogConfig: Setting CVar [[foliage.DensityScale:1.0]]
[2022.11.08-12.05.11:639][  0]LogConfig: Setting CVar [[grass.DensityScale:1.0]]
[2022.11.08-12.05.11:639][  0]LogConfig: Applying CVar settings from Section [ShadingQuality@3] File [C:/Users/edwar/OneDrive/Desktop/Data Arena/DataArena/ProjectDAGR425/Saved/Config/Windows/Scalability.ini]
[2022.11.08-12.05.11:639][  0]LogConfig: Setting CVar [[r.HairStrands.SkyLighting.SampleCount:16]]
[2022.11.08-12.05.11:639][  0]LogConfig: Setting CVar [[r.HairStrands.SkyLighting.JitterIntegration:0]]
[2022.11.08-12.05.11:639][  0]LogConfig: Setting CVar [[r.HairStrands.SkyAO.SampleCount:16]]
[2022.11.08-12.05.11:639][  0]LogConfig: Setting CVar [[r.HairStrands.DeepShadow.SuperSampling:0]]
[2022.11.08-12.05.11:639][  0]LogConfig: Setting CVar [[r.HairStrands.VisibilityPPLL:0]]
[2022.11.08-12.05.11:639][  0]LogConfig: Setting CVar [[r.HairStrands.RasterizationScale:0.5]]
[2022.11.08-12.05.11:639][  0]LogConfig: Setting CVar [[r.HairStrands.VelocityRasterizationScale:1]]
[2022.11.08-12.05.11:639][  0]LogInit: Selected Device Profile: [Windows]
[2022.11.08-12.05.11:639][  0]LogInit: Applying CVar settings loaded from the selected device profile: [Windows]
[2022.11.08-12.05.11:639][  0]LogHAL: Display: Platform has ~ 8 GB [8299257856 / 8589934592 / 8], which maps to Default [LargestMinGB=32, LargerMinGB=12, DefaultMinGB=8, SmallerMinGB=6, SmallestMinGB=0)
[2022.11.08-12.05.11:639][  0]LogInit: Going up to parent DeviceProfile []
[2022.11.08-12.05.11:639][  0]LogConfig: Applying CVar settings from Section [ViewDistanceQuality@1] File [C:/Users/edwar/OneDrive/Desktop/Data Arena/DataArena/ProjectDAGR425/Saved/Config/Windows/Scalability.ini]
[2022.11.08-12.05.11:639][  0]LogConfig: Setting CVar [[r.SkeletalMeshLODBias:1]]
[2022.11.08-12.05.11:639][  0]LogConfig: Setting CVar [[r.ViewDistanceScale:0.6]]
[2022.11.08-12.05.11:639][  0]LogConfig: Applying CVar settings from Section [AntiAliasingQuality@1] File [C:/Users/edwar/OneDrive/Desktop/Data Arena/DataArena/ProjectDAGR425/Saved/Config/Windows/Scalability.ini]
[2022.11.08-12.05.11:639][  0]LogConfig: Setting CVar [[r.PostProcessAAQuality:2]]
[2022.11.08-12.05.11:639][  0]LogConfig: Applying CVar settings from Section [ShadowQuality@1] File [C:/Users/edwar/OneDrive/Desktop/Data Arena/DataArena/ProjectDAGR425/Saved/Config/Windows/Scalability.ini]
[2022.11.08-12.05.11:639][  0]LogConfig: Setting CVar [[r.LightFunctionQuality:1]]
[2022.11.08-12.05.11:639][  0]LogConfig: Setting CVar [[r.ShadowQuality:3]]
[2022.11.08-12.05.11:639][  0]LogConfig: Setting CVar [[r.Shadow.CSM.MaxCascades:1]]
[2022.11.08-12.05.11:639][  0]LogConfig: Setting CVar [[r.Shadow.MaxResolution:1024]]
[2022.11.08-12.05.11:639][  0]LogConfig: Setting CVar [[r.Shadow.MaxCSMResolution:1024]]
[2022.11.08-12.05.11:639][  0]LogConfig: Setting CVar [[r.Shadow.RadiusThreshold:0.05]]
[2022.11.08-12.05.11:639][  0]LogConfig: Setting CVar [[r.Shadow.DistanceScale:0.7]]
[2022.11.08-12.05.11:639][  0]LogConfig: Setting CVar [[r.Shadow.CSM.TransitionScale:0.25]]
[2022.11.08-12.05.11:639][  0]LogConfig: Setting CVar [[r.Shadow.PreShadowResolutionFactor:0.5]]
[2022.11.08-12.05.11:639][  0]LogConfig: Setting CVar [[r.DistanceFieldShadowing:0]]
[2022.11.08-12.05.11:639][  0]LogConfig: Setting CVar [[r.DistanceFieldAO:0]]
[2022.11.08-12.05.11:639][  0]LogConfig: Setting CVar [[r.VolumetricFog:0]]
[2022.11.08-12.05.11:639][  0]LogConfig: Setting CVar [[r.LightMaxDrawDistanceScale:.5]]
[2022.11.08-12.05.11:639][  0]LogConfig: Setting CVar [[r.CapsuleShadows:1]]
[2022.11.08-12.05.11:639][  0]LogConfig: Applying CVar settings from Section [PostProcessQuality@1] File [C:/Users/edwar/OneDrive/Desktop/Data Arena/DataArena/ProjectDAGR425/Saved/Config/Windows/Scalability.ini]
[2022.11.08-12.05.11:639][  0]LogConfig: Setting CVar [[r.MotionBlurQuality:3]]
[2022.11.08-12.05.11:639][  0]LogConfig: Setting CVar [[r.AmbientOcclusionMipLevelFactor:1.0]]
[2022.11.08-12.05.11:639][  0]LogConfig: Setting CVar [[r.AmbientOcclusionMaxQuality:60]]
[2022.11.08-12.05.11:639][  0]LogConfig: Setting CVar [[r.AmbientOcclusionLevels:-1]]
[2022.11.08-12.05.11:639][  0]LogConfig: Setting CVar [[r.AmbientOcclusionRadiusScale:1.5]]
[2022.11.08-12.05.11:639][  0]LogConfig: Setting CVar [[r.DepthOfFieldQuality:1]]
[2022.11.08-12.05.11:639][  0]LogConfig: Setting CVar [[r.RenderTargetPoolMin:350]]
[2022.11.08-12.05.11:639][  0]LogConfig: Setting CVar [[r.LensFlareQuality:0]]
[2022.11.08-12.05.11:639][  0]LogConfig: Setting CVar [[r.SceneColorFringeQuality:0]]
[2022.11.08-12.05.11:639][  0]LogConfig: Setting CVar [[r.EyeAdaptationQuality:0]]
[2022.11.08-12.05.11:639][  0]LogConfig: Setting CVar [[r.BloomQuality:4]]
[2022.11.08-12.05.11:639][  0]LogConfig: Setting CVar [[r.FastBlurThreshold:2]]
[2022.11.08-12.05.11:639][  0]LogConfig: Setting CVar [[r.Upscale.Quality:2]]
[2022.11.08-12.05.11:639][  0]LogConfig: Setting CVar [[r.Tonemapper.GrainQuantization:0]]
[2022.11.08-12.05.11:639][  0]LogConfig: Setting CVar [[r.LightShaftQuality:0]]
[2022.11.08-12.05.11:639][  0]LogConfig: Setting CVar [[r.Filter.SizeScale:0.7]]
[2022.11.08-12.05.11:639][  0]LogConfig: Setting CVar [[r.Tonemapper.Quality:2]]
[2022.11.08-12.05.11:639][  0]LogConfig: Setting CVar [[r.DOF.Gather.AccumulatorQuality:0        ; lower gathering accumulator quality]]
[2022.11.08-12.05.11:639][  0]LogConfig: Setting CVar [[r.DOF.Gather.PostfilterMethod:2          ; Max3x3 postfilering method]]
[2022.11.08-12.05.11:639][  0]LogConfig: Setting CVar [[r.DOF.Gather.EnableBokehSettings:0       ; no bokeh simulation when gathering]]
[2022.11.08-12.05.11:639][  0]LogConfig: Setting CVar [[r.DOF.Gather.RingCount:3                 ; low number of samples when gathering]]
[2022.11.08-12.05.11:639][  0]LogConfig: Setting CVar [[r.DOF.Scatter.ForegroundCompositing:0    ; no foreground scattering]]
[2022.11.08-12.05.11:639][  0]LogConfig: Setting CVar [[r.DOF.Scatter.BackgroundCompositing:0    ; no foreground scattering]]
[2022.11.08-12.05.11:639][  0]LogConfig: Setting CVar [[r.DOF.Recombine.Quality:0                ; no slight out of focus]]
[2022.11.08-12.05.11:639][  0]LogConfig: Setting CVar [[r.DOF.TemporalAAQuality:0                ; faster temporal accumulation]]
[2022.11.08-12.05.11:639][  0]LogConfig: Setting CVar [[r.DOF.Kernel.MaxForegroundRadius:0.006   ; required because low gathering and no scattering and not looking great at 1080p]]
[2022.11.08-12.05.11:639][  0]LogConfig: Setting CVar [[r.DOF.Kernel.MaxBackgroundRadius:0.006   ; required because low gathering and no scattering and not looking great at 1080p]]
[2022.11.08-12.05.11:639][  0]LogConfig: Applying CVar settings from Section [TextureQuality@1] File [C:/Users/edwar/OneDrive/Desktop/Data Arena/DataArena/ProjectDAGR425/Saved/Config/Windows/Scalability.ini]
[2022.11.08-12.05.11:639][  0]LogConfig: Setting CVar [[r.Streaming.MipBias:1]]
[2022.11.08-12.05.11:639][  0]LogConfig: Setting CVar [[r.Streaming.AmortizeCPUToGPUCopy:0]]
[2022.11.08-12.05.11:639][  0]LogConfig: Setting CVar [[r.Streaming.MaxNumTexturesToStreamPerFrame:0]]
[2022.11.08-12.05.11:639][  0]LogConfig: Setting CVar [[r.Streaming.Boost:1]]
[2022.11.08-12.05.11:639][  0]LogConfig: Setting CVar [[r.MaxAnisotropy:2]]
[2022.11.08-12.05.11:639][  0]LogConfig: Setting CVar [[r.VT.MaxAnisotropy:4]]
[2022.11.08-12.05.11:639][  0]LogConfig: Setting CVar [[r.Streaming.LimitPoolSizeToVRAM:1]]
[2022.11.08-12.05.11:639][  0]LogConfig: Setting CVar [[r.Streaming.PoolSize:600]]
[2022.11.08-12.05.11:639][  0]LogConfig: Setting CVar [[r.Streaming.MaxEffectiveScreenSize:0]]
[2022.11.08-12.05.11:639][  0]LogConfig: Applying CVar settings from Section [EffectsQuality@1] File [C:/Users/edwar/OneDrive/Desktop/Data Arena/DataArena/ProjectDAGR425/Saved/Config/Windows/Scalability.ini]
[2022.11.08-12.05.11:639][  0]LogConfig: Setting CVar [[r.TranslucencyLightingVolumeDim:32]]
[2022.11.08-12.05.11:639][  0]LogConfig: Setting CVar [[r.RefractionQuality:0]]
[2022.11.08-12.05.11:639][  0]LogConfig: Setting CVar [[r.SSR.Quality:0]]
[2022.11.08-12.05.11:639][  0]LogConfig: Setting CVar [[r.SSR.HalfResSceneColor:1]]
[2022.11.08-12.05.11:639][  0]LogConfig: Setting CVar [[r.SceneColorFormat:3]]
[2022.11.08-12.05.11:639][  0]LogConfig: Setting CVar [[r.DetailMode:1]]
[2022.11.08-12.05.11:639][  0]LogConfig: Setting CVar [[r.TranslucencyVolumeBlur:0]]
[2022.11.08-12.05.11:639][  0]LogConfig: Setting CVar [[r.MaterialQualityLevel:2 ; Medium quality]]
[2022.11.08-12.05.11:639][  0]LogConfig: Setting CVar [[r.SSS.Scale:0.75]]
[2022.11.08-12.05.11:639][  0]LogConfig: Setting CVar [[r.SSS.SampleSet:0]]
[2022.11.08-12.05.11:639][  0]LogConfig: Setting CVar [[r.SSS.Quality:0]]
[2022.11.08-12.05.11:639][  0]LogConfig: Setting CVar [[r.SSS.HalfRes:1]]
[2022.11.08-12.05.11:639][  0]LogConfig: Setting CVar [[r.SSGI.Quality:1]]
[2022.11.08-12.05.11:639][  0]LogConfig: Setting CVar [[r.EmitterSpawnRateScale:0.25]]
[2022.11.08-12.05.11:639][  0]LogConfig: Setting CVar [[r.ParticleLightQuality:0]]
[2022.11.08-12.05.11:639][  0]LogConfig: Setting CVar [[r.SkyAtmosphere.AerialPerspectiveLUT.FastApplyOnOpaque:1 ; Always have FastSkyLUT 1 in this case to avoid wrong sky]]
[2022.11.08-12.05.11:639][  0]LogConfig: Setting CVar [[r.SkyAtmosphere.AerialPerspectiveLUT.SampleCountPerSlice:1]]
[2022.11.08-12.05.11:639][  0]LogConfig: Setting CVar [[r.SkyAtmosphere.AerialPerspectiveLUT.DepthResolution:16.0]]
[2022.11.08-12.05.11:639][  0]LogConfig: Setting CVar [[r.SkyAtmosphere.FastSkyLUT:1]]
[2022.11.08-12.05.11:639][  0]LogConfig: Setting CVar [[r.SkyAtmosphere.FastSkyLUT.SampleCountMin:4.0]]
[2022.11.08-12.05.11:639][  0]LogConfig: Setting CVar [[r.SkyAtmosphere.FastSkyLUT.SampleCountMax:32.0]]
[2022.11.08-12.05.11:639][  0]LogConfig: Setting CVar [[r.SkyAtmosphere.SampleCountMin:4.0]]
[2022.11.08-12.05.11:639][  0]LogConfig: Setting CVar [[r.SkyAtmosphere.SampleCountMax:32.0]]
[2022.11.08-12.05.11:639][  0]LogConfig: Setting CVar [[r.SkyAtmosphere.TransmittanceLUT.UseSmallFormat:0]]
[2022.11.08-12.05.11:639][  0]LogConfig: Setting CVar [[r.SkyAtmosphere.TransmittanceLUT.SampleCount:10.0]]
[2022.11.08-12.05.11:639][  0]LogConfig: Setting CVar [[r.SkyAtmosphere.MultiScatteringLUT.SampleCount:15.0]]
[2022.11.08-12.05.11:639][  0]LogConfig: Applying CVar settings from Section [FoliageQuality@1] File [C:/Users/edwar/OneDrive/Desktop/Data Arena/DataArena/ProjectDAGR425/Saved/Config/Windows/Scalability.ini]
[2022.11.08-12.05.11:639][  0]LogConfig: Setting CVar [[foliage.DensityScale:0.4]]
[2022.11.08-12.05.11:639][  0]LogConfig: Setting CVar [[grass.DensityScale:0.4]]
[2022.11.08-12.05.11:639][  0]LogConfig: Applying CVar settings from Section [ShadingQuality@1] File [C:/Users/edwar/OneDrive/Desktop/Data Arena/DataArena/ProjectDAGR425/Saved/Config/Windows/Scalability.ini]
[2022.11.08-12.05.11:639][  0]LogConfig: Setting CVar [[r.HairStrands.SkyLighting.SampleCount:16]]
[2022.11.08-12.05.11:639][  0]LogConfig: Setting CVar [[r.HairStrands.SkyLighting.JitterIntegration:0]]
[2022.11.08-12.05.11:639][  0]LogConfig: Setting CVar [[r.HairStrands.SkyAO.SampleCount:16]]
[2022.11.08-12.05.11:639][  0]LogConfig: Setting CVar [[r.HairStrands.DeepShadow.SuperSampling:0]]
[2022.11.08-12.05.11:640][  0]LogConfig: Setting CVar [[r.HairStrands.VisibilityPPLL:0]]
[2022.11.08-12.05.11:640][  0]LogConfig: Setting CVar [[r.HairStrands.RasterizationScale:0.5]]
[2022.11.08-12.05.11:640][  0]LogConfig: Setting CVar [[r.HairStrands.VelocityRasterizationScale:1]]
[2022.11.08-12.05.11:640][  0]LogConfig: Applying CVar settings from Section [Startup] File [../../../Engine/Config/ConsoleVariables.ini]
[2022.11.08-12.05.11:640][  0]LogConfig: Setting CVar [[net.UseAdaptiveNetUpdateFrequency:0]]
[2022.11.08-12.05.11:640][  0]LogConfig: Setting CVar [[p.chaos.AllowCreatePhysxBodies:1]]
[2022.11.08-12.05.11:640][  0]LogConfig: Setting CVar [[fx.SkipVectorVMBackendOptimizations:1]]
[2022.11.08-12.05.11:640][  0]LogConfig: Applying CVar settings from Section [ConsoleVariables] File [C:/Users/edwar/OneDrive/Desktop/Data Arena/DataArena/ProjectDAGR425/Saved/Config/Windows/Engine.ini]
[2022.11.08-12.05.11:640][  0]LogInit: Computer: DESKTOP-JL3H4IO
[2022.11.08-12.05.11:640][  0]LogInit: User: edwar
[2022.11.08-12.05.11:640][  0]LogInit: CPU Page size=4096, Cores=4
[2022.11.08-12.05.11:640][  0]LogInit: High frequency timer resolution =10.000000 MHz
[2022.11.08-12.05.11:640][  0]LogMemory: Memory total: Physical=7.7GB (8GB approx)
[2022.11.08-12.05.11:640][  0]LogMemory: Platform Memory Stats for Windows
[2022.11.08-12.05.11:640][  0]LogMemory: Process Physical Memory: 117.35 MB used, 117.36 MB peak
[2022.11.08-12.05.11:640][  0]LogMemory: Process Virtual Memory: 98.54 MB used, 98.54 MB peak
[2022.11.08-12.05.11:640][  0]LogMemory: Physical Memory: 6072.78 MB used,  1842.01 MB free, 7914.79 MB total
[2022.11.08-12.05.11:640][  0]LogMemory: Virtual Memory: 5150.04 MB used,  134212576.00 MB free, 134217728.00 MB total
[2022.11.08-12.05.11:645][  0]LogWindows: WindowsPlatformFeatures enabled
[2022.11.08-12.05.11:665][  0]LogInit: Physics initialised using underlying interface: PhysX
[2022.11.08-12.05.11:665][  0]LogInit: Using OS detected language (en-US).
[2022.11.08-12.05.11:665][  0]LogInit: Using OS detected locale (en-AU).
[2022.11.08-12.05.11:667][  0]LogTextLocalizationManager: No specific localization for 'en-US' exists, so the 'en' localization will be used.
[2022.11.08-12.05.11:797][  0]LogInit: Setting process to per monitor DPI aware
[2022.11.08-12.05.11:821][  0]LogSlate: New Slate User Created.  User Index 0, Is Virtual User: 0
[2022.11.08-12.05.11:821][  0]LogSlate: Slate User Registered.  User Index 0, Is Virtual User: 0
[2022.11.08-12.05.11:931][  0]LogHMD: Failed to initialize OpenVR with code 110
[2022.11.08-12.05.11:931][  0]LogD3D11RHI: D3D11 min allowed feature level: 11_0
[2022.11.08-12.05.11:931][  0]LogD3D11RHI: D3D11 max allowed feature level: 11_0
[2022.11.08-12.05.11:931][  0]LogD3D11RHI: D3D11 adapters:
[2022.11.08-12.05.12:043][  0]LogD3D11RHI:    0. 'Intel(R) Iris(R) Xe Graphics' (Feature Level 11_0)
[2022.11.08-12.05.12:043][  0]LogD3D11RHI:       128/0/3957 MB DedicatedVideo/DedicatedSystem/SharedSystem, Outputs:1, VendorId:0x8086
[2022.11.08-12.05.12:045][  0]LogD3D11RHI:    1. 'Microsoft Basic Render Driver' (Feature Level 11_0)
[2022.11.08-12.05.12:045][  0]LogD3D11RHI:       0/0/3957 MB DedicatedVideo/DedicatedSystem/SharedSystem, Outputs:0, VendorId:0x1414
[2022.11.08-12.05.12:045][  0]LogD3D11RHI: Chosen D3D11 Adapter: 0
[2022.11.08-12.05.12:060][  0]LogD3D11RHI: Creating new Direct3DDevice
[2022.11.08-12.05.12:060][  0]LogD3D11RHI:     GPU DeviceId: 0x9a49 (for the marketing name, search the web for "GPU Device Id")
[2022.11.08-12.05.12:060][  0]LogWindows: EnumDisplayDevices:
[2022.11.08-12.05.12:060][  0]LogWindows:    0. 'Intel(R) Iris(R) Xe Graphics' (P:1 D:1)
[2022.11.08-12.05.12:060][  0]LogWindows:    1. 'Intel(R) Iris(R) Xe Graphics' (P:0 D:0)
[2022.11.08-12.05.12:060][  0]LogWindows:    2. 'Intel(R) Iris(R) Xe Graphics' (P:0 D:0)
[2022.11.08-12.05.12:060][  0]LogWindows:    3. 'Intel(R) Iris(R) Xe Graphics' (P:0 D:0)
[2022.11.08-12.05.12:060][  0]LogWindows: DebugString: FoundDriverCount:4 
[2022.11.08-12.05.12:060][  0]LogD3D11RHI:     Adapter Name: Intel(R) Iris(R) Xe Graphics
[2022.11.08-12.05.12:060][  0]LogD3D11RHI:   Driver Version: 30.0.101.1338 (internal:30.0.101.1338, unified:30.0.101.1338)
[2022.11.08-12.05.12:060][  0]LogD3D11RHI:      Driver Date: 1-20-2022
[2022.11.08-12.05.12:060][  0]LogRHI: Texture pool is 1474 MB (70% of 2106 MB)
[2022.11.08-12.05.12:165][  0]LogD3D11RHI: RHI does not have support for 64 bit atomics
[2022.11.08-12.05.12:165][  0]LogD3D11RHI: Async texture creation enabled
[2022.11.08-12.05.12:165][  0]LogD3D11RHI: Array index from any shader is supported
[2022.11.08-12.05.12:191][  0]LogD3D11RHI: GPU Timing Frequency: 19.200000 (Debug: 2 0)
[2022.11.08-12.05.12:434][  0]LogTargetPlatformManager: Display: Loaded TargetPlatform 'AllDesktop'
[2022.11.08-12.05.12:455][  0]LogTargetPlatformManager: Display: Loaded TargetPlatform 'Android'
[2022.11.08-12.05.12:455][  0]LogTargetPlatformManager: Display: Loaded TargetPlatform 'Android_ASTC'
[2022.11.08-12.05.12:455][  0]LogTargetPlatformManager: Display: Loaded TargetPlatform 'Android_DXT'
[2022.11.08-12.05.12:455][  0]LogTargetPlatformManager: Display: Loaded TargetPlatform 'Android_ETC2'
[2022.11.08-12.05.12:455][  0]LogTargetPlatformManager: Display: Loaded TargetPlatform 'AndroidClient'
[2022.11.08-12.05.12:455][  0]LogTargetPlatformManager: Display: Loaded TargetPlatform 'Android_ASTCClient'
[2022.11.08-12.05.12:455][  0]LogTargetPlatformManager: Display: Loaded TargetPlatform 'Android_DXTClient'
[2022.11.08-12.05.12:455][  0]LogTargetPlatformManager: Display: Loaded TargetPlatform 'Android_ETC2Client'
[2022.11.08-12.05.12:455][  0]LogTargetPlatformManager: Display: Loaded TargetPlatform 'Android_Multi'
[2022.11.08-12.05.12:455][  0]LogTargetPlatformManager: Display: Loaded TargetPlatform 'Android_MultiClient'
[2022.11.08-12.05.12:480][  0]LogTargetPlatformManager: Display: Loaded TargetPlatform 'IOSClient'
[2022.11.08-12.05.12:480][  0]LogTargetPlatformManager: Display: Loaded TargetPlatform 'IOS'
[2022.11.08-12.05.12:491][  0]LogTargetPlatformManager: Display: Loaded TargetPlatform 'Linux'
[2022.11.08-12.05.12:500][  0]LogTargetPlatformManager: Display: Loaded TargetPlatform 'LinuxNoEditor'
[2022.11.08-12.05.12:510][  0]LogTargetPlatformManager: Display: Loaded TargetPlatform 'LinuxClient'
[2022.11.08-12.05.12:520][  0]LogTargetPlatformManager: Display: Loaded TargetPlatform 'LinuxServer'
[2022.11.08-12.05.12:529][  0]LogTargetPlatformManager: Display: Loaded TargetPlatform 'LinuxAArch64NoEditor'
[2022.11.08-12.05.12:537][  0]LogTargetPlatformManager: Display: Loaded TargetPlatform 'LinuxAArch64Client'
[2022.11.08-12.05.12:545][  0]LogTargetPlatformManager: Display: Loaded TargetPlatform 'LinuxAArch64Server'
[2022.11.08-12.05.12:574][  0]LogTargetPlatformManager: Display: Loaded TargetPlatform 'Lumin'
[2022.11.08-12.05.12:574][  0]LogTargetPlatformManager: Display: Loaded TargetPlatform 'LuminClient'
[2022.11.08-12.05.12:589][  0]LogTargetPlatformManager: Display: Loaded TargetPlatform 'TVOSClient'
[2022.11.08-12.05.12:589][  0]LogTargetPlatformManager: Display: Loaded TargetPlatform 'TVOS'
[2022.11.08-12.05.12:597][  0]LogTargetPlatformManager: Display: Loaded TargetPlatform 'WindowsNoEditor'
[2022.11.08-12.05.12:607][  0]LogTargetPlatformManager: Display: Loaded TargetPlatform 'Windows'
[2022.11.08-12.05.12:615][  0]LogTargetPlatformManager: Display: Loaded TargetPlatform 'WindowsClient'
[2022.11.08-12.05.12:624][  0]LogTargetPlatformManager: Display: Loaded TargetPlatform 'WindowsServer'
[2022.11.08-12.05.12:624][  0]LogTargetPlatformManager: Display: Building Assets For Windows
[2022.11.08-12.05.12:631][  0]LogAudioDebug: Display: Lib vorbis DLL was dynamically loaded.
[2022.11.08-12.05.12:679][  0]LogShaderCompilers: Guid format shader working directory is -36 characters bigger than the processId version (../../../../../../Users/edwar/OneDrive/Desktop/Data Arena/DataArena/ProjectDAGR425/Intermediate/Shaders/WorkingDirectory/4376/).
[2022.11.08-12.05.12:679][  0]LogShaderCompilers: Cleaned the shader compiler working directory 'C:/Users/edwar/AppData/Local/Temp/UnrealShaderWorkingDir/D728D9664570DABB512555BB5C40ACB9/'.
[2022.11.08-12.05.12:680][  0]LogXGEController: Cannot use XGE Controller as Incredibuild is not installed on this machine.
[2022.11.08-12.05.12:680][  0]LogShaderCompilers: Cannot use XGE Shader Compiler as Incredibuild is not installed on this machine.
[2022.11.08-12.05.12:680][  0]LogShaderCompilers: Display: Using Local Shader Compiler.
[2022.11.08-12.05.13:350][  0]LogDerivedDataCache: Display: Max Cache Size: 512 MB
[2022.11.08-12.05.13:417][  0]LogDerivedDataCache: Loaded boot cache 0.07s 76MB C:/Users/edwar/AppData/Local/UnrealEngine/4.25/DerivedDataCache/Boot.ddc.
[2022.11.08-12.05.13:418][  0]LogDerivedDataCache: Display: Loaded Boot cache: C:/Users/edwar/AppData/Local/UnrealEngine/4.25/DerivedDataCache/Boot.ddc
[2022.11.08-12.05.13:418][  0]LogDerivedDataCache: FDerivedDataBackendGraph:  Pak pak cache file ../../../../../../Users/edwar/OneDrive/Desktop/Data Arena/DataArena/ProjectDAGR425/DerivedDataCache/DDC.ddp not found, will not use a pak cache.
[2022.11.08-12.05.13:418][  0]LogDerivedDataCache: Unable to find inner node Pak for hierarchical cache Hierarchy.
[2022.11.08-12.05.13:418][  0]LogDerivedDataCache: FDerivedDataBackendGraph:  CompressedPak pak cache file ../../../../../../Users/edwar/OneDrive/Desktop/Data Arena/DataArena/ProjectDAGR425/DerivedDataCache/Compressed.ddp not found, will not use a pak cache.
[2022.11.08-12.05.13:418][  0]LogDerivedDataCache: Unable to find inner node CompressedPak for hierarchical cache Hierarchy.
[2022.11.08-12.05.13:427][  0]LogDerivedDataCache: Display: Pak cache opened for reading ../../../Engine/DerivedDataCache/Compressed.ddp.
[2022.11.08-12.05.13:427][  0]LogDerivedDataCache: FDerivedDataBackendGraph:  EnterprisePak pak cache file ../../../Enterprise/DerivedDataCache/Compressed.ddp not found, will not use a pak cache.
[2022.11.08-12.05.13:427][  0]LogDerivedDataCache: Unable to find inner node EnterprisePak for hierarchical cache Hierarchy.
[2022.11.08-12.05.13:428][  0]LogDerivedDataCache: Using Local data cache path C:/Users/edwar/AppData/Local/UnrealEngine/Common/DerivedDataCache: Writable
[2022.11.08-12.05.13:428][  0]LogDerivedDataCache: Shared data cache path not found in *engine.ini, will not use an Shared cache.
[2022.11.08-12.05.13:428][  0]LogDerivedDataCache: Unable to find inner node Shared for hierarchical cache Hierarchy.
[2022.11.08-12.05.13:470][  0]LogSlate: Using FreeType 2.10.0
[2022.11.08-12.05.13:470][  0]LogSlate: SlateFontServices - WITH_FREETYPE: 1, WITH_HARFBUZZ: 1
[2022.11.08-12.05.13:495][  0]LogAssetRegistry: FAssetRegistry took 0.0034 seconds to start up
[2022.11.08-12.05.13:681][  0]LogInit: Selected Device Profile: [Windows]
[2022.11.08-12.05.13:780][  0]LogMeshReduction: Using QuadricMeshReduction for automatic static mesh reduction
[2022.11.08-12.05.13:780][  0]LogMeshReduction: Using SimplygonMeshReduction for automatic skeletal mesh reduction
[2022.11.08-12.05.13:780][  0]LogMeshReduction: Using ProxyLODMeshReduction for automatic mesh merging
[2022.11.08-12.05.13:780][  0]LogMeshReduction: No distributed automatic mesh merging module available
[2022.11.08-12.05.13:780][  0]LogMeshMerging: No distributed automatic mesh merging module available
[2022.11.08-12.05.13:792][  0]LogNetVersion: ProjectDAGR 1.0.0, NetCL: 13144385, EngineNetVer: 14, GameNetVer: 0 (Checksum: 216592421)
[2022.11.08-12.05.14:177][  0]LogAISub: UAISubsystem::UAISubsystem AISubsystem (000002584FFF6AC0), frame # 0
[2022.11.08-12.05.14:178][  0]LogAISub: UAISubsystem::UAISubsystem AIPerceptionSystem (000002584FF91E40), frame # 0
[2022.11.08-12.05.14:179][  0]LogAISub: UAISubsystem::UAISubsystem EnvQueryManager (000002584FFD5E00), frame # 0
[2022.11.08-12.05.14:257][  0]LogPackageLocalizationCache: Processed 24 localized package path(s) for 1 prioritized culture(s) in 0.074355 seconds
[2022.11.08-12.05.14:261][  0]LogUObjectArray: 15970 objects as part of root set at end of initial load.
[2022.11.08-12.05.14:261][  0]LogUObjectAllocator: 3980144 out of 0 bytes used by permanent object pool.
[2022.11.08-12.05.14:261][  0]LogUObjectArray: CloseDisregardForGC: 0/0 objects in disregard for GC pool
[2022.11.08-12.05.14:528][  0]LogTcpMessaging: Initializing TcpMessaging bridge
[2022.11.08-12.05.14:532][  0]LogUdpMessaging: Initializing bridge on interface 0.0.0.0:0 to multicast group 230.0.0.1:6666.
[2022.11.08-12.05.14:839][  0]SourceControl: Source control is disabled
[2022.11.08-12.05.14:839][  0]SourceControl: Source control is disabled
[2022.11.08-12.05.14:842][  0]SourceControl: Source control is disabled
[2022.11.08-12.05.14:843][  0]SourceControl: Source control is disabled
[2022.11.08-12.05.14:848][  0]SourceControl: Source control is disabled
[2022.11.08-12.05.15:030][  0]LogAndroidPermission: UAndroidPermissionCallbackProxy::GetInstance
[2022.11.08-12.05.15:046][  0]LogAudioCaptureCore: Display: No Audio Capture implementations found. Audio input will be silent.
[2022.11.08-12.05.15:046][  0]LogAudioCaptureCore: Display: No Audio Capture implementations found. Audio input will be silent.
[2022.11.08-12.05.15:130][  0]LogDisplayClusterModule: Instantiating subsystem managers...
[2022.11.08-12.05.15:131][  0]LogDisplayClusterRender: Registering factory for rendering device type: dc_dev_mono
[2022.11.08-12.05.15:131][  0]LogDisplayClusterRender: Registered factory for rendering device type: dc_dev_mono
[2022.11.08-12.05.15:131][  0]LogDisplayClusterRender: Registering factory for rendering device type: quad_buffer_stereo
[2022.11.08-12.05.15:131][  0]LogDisplayClusterRender: Registered factory for rendering device type: quad_buffer_stereo
[2022.11.08-12.05.15:131][  0]LogDisplayClusterRender: Registering factory for rendering device type: dc_dev_side_by_side
[2022.11.08-12.05.15:131][  0]LogDisplayClusterRender: Registered factory for rendering device type: dc_dev_side_by_side
[2022.11.08-12.05.15:131][  0]LogDisplayClusterRender: Registering factory for rendering device type: dc_dev_top_bottom
[2022.11.08-12.05.15:131][  0]LogDisplayClusterRender: Registered factory for rendering device type: dc_dev_top_bottom
[2022.11.08-12.05.15:131][  0]LogDisplayClusterRender: Registering factory for synchronization policy: 0
[2022.11.08-12.05.15:131][  0]LogDisplayClusterRender: Registered factory for syncrhonization policy: 0
[2022.11.08-12.05.15:131][  0]LogDisplayClusterRender: Registering factory for synchronization policy: 1
[2022.11.08-12.05.15:131][  0]LogDisplayClusterRender: Registered factory for syncrhonization policy: 1
[2022.11.08-12.05.15:131][  0]LogDisplayClusterRender: Registering factory for synchronization policy: 2
[2022.11.08-12.05.15:131][  0]LogDisplayClusterRender: Registered factory for syncrhonization policy: 2
[2022.11.08-12.05.15:131][  0]LogDisplayClusterModule: DisplayCluster module has been started
[2022.11.08-12.05.15:142][  0]LogDisplayClusterProjection: Projection module has been instantiated
[2022.11.08-12.05.15:142][  0]LogDisplayClusterProjection: Projection module startup
[2022.11.08-12.05.15:142][  0]LogDisplayClusterProjection: Registering <camera> projection policy factory...
[2022.11.08-12.05.15:142][  0]LogDisplayClusterRender: Registering factory for projection type: camera
[2022.11.08-12.05.15:142][  0]LogDisplayClusterRender: Registered factory for projection type: camera
[2022.11.08-12.05.15:142][  0]LogDisplayClusterProjection: Registering <simple> projection policy factory...
[2022.11.08-12.05.15:142][  0]LogDisplayClusterRender: Registering factory for projection type: simple
[2022.11.08-12.05.15:142][  0]LogDisplayClusterRender: Registered factory for projection type: simple
[2022.11.08-12.05.15:142][  0]LogDisplayClusterProjection: Registering <mpcdi> projection policy factory...
[2022.11.08-12.05.15:142][  0]LogDisplayClusterRender: Registering factory for projection type: mpcdi
[2022.11.08-12.05.15:142][  0]LogDisplayClusterRender: Registered factory for projection type: mpcdi
[2022.11.08-12.05.15:142][  0]LogDisplayClusterProjection: Registering <mesh> projection policy factory...
[2022.11.08-12.05.15:142][  0]LogDisplayClusterRender: Registering factory for projection type: mesh
[2022.11.08-12.05.15:142][  0]LogDisplayClusterRender: Registered factory for projection type: mesh
[2022.11.08-12.05.15:142][  0]LogDisplayClusterProjection: Registering <easyblend> projection policy factory...
[2022.11.08-12.05.15:142][  0]LogDisplayClusterRender: Registering factory for projection type: easyblend
[2022.11.08-12.05.15:142][  0]LogDisplayClusterRender: Registered factory for projection type: easyblend
[2022.11.08-12.05.15:142][  0]LogDisplayClusterProjection: Registering <manual> projection policy factory...
[2022.11.08-12.05.15:142][  0]LogDisplayClusterRender: Registering factory for projection type: manual
[2022.11.08-12.05.15:142][  0]LogDisplayClusterRender: Registered factory for projection type: manual
[2022.11.08-12.05.15:142][  0]LogDisplayClusterProjection: Projection module has started
[2022.11.08-12.05.15:145][  0]LogDisplayClusterPostprocess: Postprocess module has been instantiated
[2022.11.08-12.05.15:145][  0]LogDisplayClusterPostprocess: Postprocess module startup
[2022.11.08-12.05.15:146][  0]LogDisplayClusterPostprocess: Registering <OutputRemap> projection policy factory...
[2022.11.08-12.05.15:146][  0]LogDisplayClusterRender: Registering post-process operation: OutputRemap
[2022.11.08-12.05.15:146][  0]LogDisplayClusterRender: Registered post-process operation: OutputRemap
[2022.11.08-12.05.15:146][  0]LogDisplayClusterPostprocess: Postprocess module has started
[2022.11.08-12.05.15:151][  0]LogPicpProjection: Projection module has been instantiated
[2022.11.08-12.05.15:151][  0]LogPicpProjection: Projection module startup
[2022.11.08-12.05.15:151][  0]LogPicpProjection: Registering <picp_mpcdi> projection policy factory...
[2022.11.08-12.05.15:151][  0]LogDisplayClusterRender: Registering factory for projection type: picp_mpcdi
[2022.11.08-12.05.15:151][  0]LogDisplayClusterRender: Registered factory for projection type: picp_mpcdi
[2022.11.08-12.05.15:151][  0]LogPicpProjection: Registering <picp_mesh> projection policy factory...
[2022.11.08-12.05.15:151][  0]LogDisplayClusterRender: Registering factory for projection type: picp_mesh
[2022.11.08-12.05.15:151][  0]LogDisplayClusterRender: Registered factory for projection type: picp_mesh
[2022.11.08-12.05.15:151][  0]LogPicpProjection: Projection module has started
[2022.11.08-12.05.15:180][  0]LogOcInput: OculusInput pre-init called
[2022.11.08-12.05.15:189][  0]LogWindows: Failed to load 'OVRPlugin.dll' (GetLastError=126)
[2022.11.08-12.05.15:189][  0]LogWindows: File 'OVRPlugin.dll' does not exist
[2022.11.08-12.05.15:210][  0]LogDisplayClusterInputAnalog: nDisplay input controller has been initialized <Analog>
[2022.11.08-12.05.15:244][  0]LogEngine: Initializing Engine...
[2022.11.08-12.05.15:248][  0]LogHMD: Failed to initialize OpenVR with code 110
[2022.11.08-12.05.15:248][  0]LogMagicLeap: Warning: VR disabled because ZI is not enabled.  To enable, in the editor, Edit -> Project Settings -> Plugins -> Magic Leap Plugin -> Enable Zero Iteration
[2022.11.08-12.05.15:250][  0]LogStats: UGameplayTagsManager::InitializeManager -  0.000 s
[2022.11.08-12.05.15:356][  0]LogInit: Initializing FReadOnlyCVARCache
[2022.11.08-12.05.15:368][  0]LogAIModule: Creating AISystem for world Untitled
[2022.11.08-12.05.15:368][  0]LogAISub: UAISubsystem::UAISubsystem EnvQueryManager (000002585B17FC00), frame # 0
[2022.11.08-12.05.15:368][  0]LogAISub: UAISubsystem::UAISubsystem AIPerceptionSystem (000002585B1ED300), frame # 0
[2022.11.08-12.05.15:382][  0]LogAudioMixer: Display: Audio Mixer Platform Settings:
[2022.11.08-12.05.15:382][  0]LogAudioMixer: Display: 	Sample Rate:						  48000
[2022.11.08-12.05.15:382][  0]LogAudioMixer: Display: 	Callback Buffer Frame Size Requested: 1024
[2022.11.08-12.05.15:382][  0]LogAudioMixer: Display: 	Callback Buffer Frame Size To Use:	  1024
[2022.11.08-12.05.15:382][  0]LogAudioMixer: Display: 	Number of buffers to queue:			  2
[2022.11.08-12.05.15:382][  0]LogAudioMixer: Display: 	Max Channels (voices):				  32
[2022.11.08-12.05.15:382][  0]LogAudioMixer: Display: 	Number of Async Source Workers:		  0
[2022.11.08-12.05.15:382][  0]LogAudio: Display: AudioDevice MaxSources: 32
[2022.11.08-12.05.15:383][  0]LogAudio: Display: Using built-in audio occlusion.
[2022.11.08-12.05.15:383][  0]LogAudioMixer: Display: Initializing audio mixer.
[2022.11.08-12.05.15:393][  0]LogAudioMixer: Display: 0: FrontLeft
[2022.11.08-12.05.15:393][  0]LogAudioMixer: Display: 1: FrontRight
[2022.11.08-12.05.15:523][  0]LogAudioMixer: Display: Using Audio Device Speakers (Realtek(R) Audio)
[2022.11.08-12.05.15:526][  0]LogAudioMixer: Display: Initializing Sound Submixes...
[2022.11.08-12.05.15:527][  0]LogAudioMixer: Display: Creating Master Submix 'MasterSubmixDefault'
[2022.11.08-12.05.15:527][  0]LogAudioMixer: Display: Creating Master Submix 'MasterReverbSubmixDefault'
[2022.11.08-12.05.15:528][  0]LogAudioMixer: Display: Creating Master Submix 'MasterEQSubmixDefault'
[2022.11.08-12.05.15:530][  0]LogInit: FAudioDevice initialized.
[2022.11.08-12.05.15:530][  0]LogNetVersion: Set ProjectVersion to 1.0.0.0. Version Checksum will be recalculated on next use.
[2022.11.08-12.05.15:653][  0]LogDerivedDataCache: Saved boot cache 0.12s 76MB C:/Users/edwar/AppData/Local/UnrealEngine/4.25/DerivedDataCache/Boot.ddc.
[2022.11.08-12.05.15:659][  0]LogInit: Texture streaming: Enabled
[2022.11.08-12.05.15:671][  0]LogEngineSessionManager: EngineSessionManager initialized
[2022.11.08-12.05.15:671][  0]LogEditorSessionSummary: Verbose: Initializing EditorSessionSummaryWriter for editor session tracking
[2022.11.08-12.05.15:673][  0]LogEditorSessionSummary: EditorSessionSummaryWriter initialized
[2022.11.08-12.05.15:723][  0]LogInit: Transaction tracking system initialized
[2022.11.08-12.05.15:740][  0]BlueprintLog: New page: Editor Load
[2022.11.08-12.05.15:788][  0]LocalizationService: Localization service is disabled
[2022.11.08-12.05.16:169][  0]LogCook: Display: Max memory allowance for cook 16384mb min free memory 0mb
[2022.11.08-12.05.16:169][  0]LogCook: Display: Mobile HDR setting 1
[2022.11.08-12.05.16:311][  0]LogFileCache: Scanning file cache for directory 'C:/Users/edwar/OneDrive/Desktop/Data Arena/DataArena/ProjectDAGR425/Content/' took 0.01s
[2022.11.08-12.05.16:495][  0]SourceControl: Source control is disabled
[2022.11.08-12.05.16:495][  0]LogUnrealEdMisc: Loading editor; pre map load, took 6.152
[2022.11.08-12.05.16:495][  0]Cmd: MAP LOAD FILE="../../../../../../Users/edwar/OneDrive/Desktop/Data Arena/DataArena/ProjectDAGR425/Content/Calibration/Calibration.umap" TEMPLATE=0 SHOWPROGRESS=1 FEATURELEVEL=3
[2022.11.08-12.05.16:496][  0]LightingResults: New page: Lighting Build
[2022.11.08-12.05.16:496][  0]LogWorld: UWorld::CleanupWorld for Untitled, bSessionEnded=true, bCleanupResources=true
[2022.11.08-12.05.16:496][  0]LogSlate: InvalidateAllWidgets triggered.  All widgets were invalidated
[2022.11.08-12.05.16:497][  0]MapCheck: New page: Map Check
[2022.11.08-12.05.16:497][  0]LightingResults: New page: Lighting Build
[2022.11.08-12.05.16:506][  0]LogAISub: UAISubsystem::~UAISubsystem EnvQueryManager (000002585B17FC00), frame # 0
[2022.11.08-12.05.16:506][  0]LogAISub: UAISubsystem::~UAISubsystem AIPerceptionSystem (000002585B1ED300), frame # 0
[2022.11.08-12.05.16:507][  0]LogUObjectHash: Compacting FUObjectHashTables data took   0.80ms
[2022.11.08-12.05.16:514][  0]LogLinker: Warning: Asset '../../../../../../Users/edwar/OneDrive/Desktop/Data Arena/DataArena/ProjectDAGR425/Plugins/DA_Assets/Content/DeviceCommunication/DA_SpaceMouse.uasset' has been saved with empty engine version. The asset will be loaded but may be incompatible.
[2022.11.08-12.05.16:575][  0]LogLinker: Warning: Asset '../../../../../../Users/edwar/OneDrive/Desktop/Data Arena/DataArena/ProjectDAGR425/Content/Blueprints/LevelNavigator.uasset' has been saved with empty engine version. The asset will be loaded but may be incompatible.
[2022.11.08-12.05.16:576][  0]LogLinker: Warning: Asset '../../../../../../Users/edwar/OneDrive/Desktop/Data Arena/DataArena/ProjectDAGR425/Content/Blueprints/GameInstanceDAGR.uasset' has been saved with empty engine version. The asset will be loaded but may be incompatible.
[2022.11.08-12.05.16:636][  0]LogLinker: Warning: Asset '../../../../../../Users/edwar/OneDrive/Desktop/Data Arena/DataArena/ProjectDAGR425/Plugins/DA_Assets/Content/Camera/SpaceMouseCamera.uasset' has been saved with empty engine version. The asset will be loaded but may be incompatible.
[2022.11.08-12.05.16:651][  0]LogBlueprint: Warning: [Compiler SpaceMouseCamera] Get Input Axis references unknown Axis 'MoveCameraForward' for  Get MoveCameraForward
[2022.11.08-12.05.16:651][  0]LogBlueprint: Warning: [Compiler SpaceMouseCamera] Get Input Axis references unknown Axis 'MoveCameraRight' for  Get MoveCameraRight
[2022.11.08-12.05.16:651][  0]LogBlueprint: Warning: [Compiler SpaceMouseCamera] Get Input Axis references unknown Axis 'MoveCameraUp' for  Get MoveCameraUp
[2022.11.08-12.05.16:652][  0]LogBlueprint: Warning: [Compiler SpaceMouseCamera] Get Input Axis references unknown Axis 'RotateCameraPitch' for  Get RotateCameraPitch
[2022.11.08-12.05.16:652][  0]LogBlueprint: Warning: [Compiler SpaceMouseCamera] Get Input Axis references unknown Axis 'RotateCameraRoll' for  Get RotateCameraRoll
[2022.11.08-12.05.16:652][  0]LogBlueprint: Warning: [Compiler SpaceMouseCamera] Get Input Axis references unknown Axis 'RotateCameraYaw' for  Get RotateCameraYaw
[2022.11.08-12.05.16:661][  0]LogLinker: Warning: Asset '../../../../../../Users/edwar/OneDrive/Desktop/Data Arena/DataArena/ProjectDAGR425/Plugins/DA_Assets/Content/DeviceCommunication/DA_Tracker.uasset' has been saved with empty engine version. The asset will be loaded but may be incompatible.
[2022.11.08-12.05.16:702][  0]LogLinker: Warning: Asset '../../../../../../Users/edwar/OneDrive/Desktop/Data Arena/DataArena/ProjectDAGR425/Content/Blueprints/PlayerPair.uasset' has been saved with empty engine version. The asset will be loaded but may be incompatible.
[2022.11.08-12.05.16:733][  0]LogLinker: Warning: Asset '../../../../../../Users/edwar/OneDrive/Desktop/Data Arena/DataArena/ProjectDAGR425/Content/Assets/UIAssets/ScoreScreen.uasset' has been saved with empty engine version. The asset will be loaded but may be incompatible.
[2022.11.08-12.05.16:929][  0]LogAIModule: Creating AISystem for world Calibration
[2022.11.08-12.05.16:929][  0]LogAISub: UAISubsystem::UAISubsystem EnvQueryManager (0000025848CD6400), frame # 0
[2022.11.08-12.05.16:929][  0]LogAISub: UAISubsystem::UAISubsystem AIPerceptionSystem (0000025848BBD940), frame # 0
[2022.11.08-12.05.16:933][  0]LogEditorServer: Finished looking for orphan Actors (0.000 secs)
[2022.11.08-12.05.16:946][  0]LogUObjectHash: Compacting FUObjectHashTables data took   0.70ms
[2022.11.08-12.05.16:946][  0]Cmd: MAP CHECKDEP NOCLEARLOG
[2022.11.08-12.05.16:946][  0]MapCheck: Map check complete: 0 Error(s), 0 Warning(s), took 0.176ms to complete.
[2022.11.08-12.05.16:946][  0]LogFileHelpers: Loading map 'Calibration' took 0.451
[2022.11.08-12.05.16:950][  0]LogUnrealEdMisc: Total Editor Startup Time, took 6.605
[2022.11.08-12.05.17:127][  0]LogSlate: Updating window title bar state: overlay mode, drag disabled, window buttons hidden, title bar hidden
[2022.11.08-12.05.17:132][  0]LogSlate: Updating window title bar state: overlay mode, drag disabled, window buttons hidden, title bar hidden
[2022.11.08-12.05.17:137][  0]LogSlate: Updating window title bar state: overlay mode, drag disabled, window buttons hidden, title bar hidden
[2022.11.08-12.05.17:142][  0]LogSlate: Updating window title bar state: overlay mode, drag disabled, window buttons hidden, title bar hidden
[2022.11.08-12.05.17:153][  0]LogCollectionManager: Loaded 0 collections in 0.001209 seconds
[2022.11.08-12.05.17:177][  0]LogFileCache: Scanning file cache for directory 'C:/Users/edwar/OneDrive/Desktop/Data Arena/DataArena/ProjectDAGR425/Saved/Collections/' took 0.00s
[2022.11.08-12.05.17:177][  0]LogFileCache: Scanning file cache for directory 'C:/Users/edwar/OneDrive/Desktop/Data Arena/DataArena/ProjectDAGR425/Content/Developers/edwar/Collections/' took 0.00s
[2022.11.08-12.05.17:177][  0]LogFileCache: Scanning file cache for directory 'C:/Users/edwar/OneDrive/Desktop/Data Arena/DataArena/ProjectDAGR425/Content/Collections/' took 0.00s
[2022.11.08-12.05.17:177][  0]LogContentBrowser: Native class hierarchy populated in 0.0090 seconds. Added 3538 classes and 895 folders.
[2022.11.08-12.05.17:187][  0]LogContentBrowser: Native class hierarchy updated for 'WidgetCarousel' in 0.0003 seconds. Added 0 classes and 0 folders.
[2022.11.08-12.05.17:497][  0]LogContentBrowser: Native class hierarchy updated for 'AddContentDialog' in 0.0003 seconds. Added 0 classes and 0 folders.
[2022.11.08-12.05.17:504][  0]LogContentBrowser: Native class hierarchy updated for 'SceneOutliner' in 0.0003 seconds. Added 2 classes and 0 folders.
[2022.11.08-12.05.17:590][  0]LogSlate: Took 0.000285 seconds to synchronously load lazily loaded font '../../../Engine/Content/Slate/Fonts/Roboto-Regular.ttf' (155K)
[2022.11.08-12.05.17:595][  0]LogSlate: Took 0.000348 seconds to synchronously load lazily loaded font '../../../Engine/Content/Slate/Fonts/Roboto-Bold.ttf' (160K)
[2022.11.08-12.05.17:611][  0]LogSlate: Took 0.013150 seconds to synchronously load lazily loaded font '../../../Engine/Content/Editor/Slate/Fonts/FontAwesome.ttf' (139K)
[2022.11.08-12.05.17:681][  0]LogRenderer: Reallocating scene render targets to support 1176x316 Format 9 NumSamples 1 (Frame:1).
[2022.11.08-12.05.17:813][  0]LogContentBrowser: Native class hierarchy updated for 'HierarchicalLODOutliner' in 0.0003 seconds. Added 0 classes and 0 folders.
[2022.11.08-12.05.17:813][  0]LogLoad: (Engine Initialization) Total time: 7.47 seconds
[2022.11.08-12.05.17:813][  0]LogLoad: (Engine Initialization) Total Blueprint compile time: 0.00 seconds
[2022.11.08-12.05.17:824][  0]LogDisplayClusterInputModule: DisplayClusterInput device has been initialized
[2022.11.08-12.05.17:857][  0]LogAssetRegistry: Asset discovery search completed in 4.3628 seconds
[2022.11.08-12.05.17:859][  0]LogCollectionManager: Fixed up redirectors for 0 collections in 0.000002 seconds (updated 0 objects)
[2022.11.08-12.05.17:862][  0]LogContentStreaming: Texture pool size now 600 MB
[2022.11.08-12.05.17:913][  0]LogSlate: Took 0.019867 seconds to synchronously load lazily loaded font '../../../Engine/Content/Slate/Fonts/Roboto-Light.ttf' (167K)
[2022.11.08-12.05.17:961][  0]LogSlate: Took 0.000248 seconds to synchronously load lazily loaded font '../../../Engine/Content/Slate/Fonts/Roboto-Light.ttf' (167K)
[2022.11.08-12.06.25:054][906]AssetReimport: New page: Outstanding source content changes 10:06:25 am
[2022.11.08-12.06.25:057][906]LogFactory: FactoryCreateFile: Texture with ReimportTextureFactory (0 0 C:/Users/edwar/OneDrive/Desktop/Data Arena/DataArena/ProjectDAGR425/Content/Assets/UIAssets/Tutorial/Images/Shuriken/DAGR_Shuriken1.png)
[2022.11.08-12.06.25:162][907]LogFactory: FactoryCreateFile: Texture with ReimportTextureFactory (0 0 C:/Users/edwar/OneDrive/Desktop/Data Arena/DataArena/ProjectDAGR425/Content/Assets/UIAssets/Tutorial/Images/Shuriken/DAGR_Shuriken2.png)
[2022.11.08-12.06.25:208][908]LogFactory: FactoryCreateFile: Texture with ReimportTextureFactory (0 0 C:/Users/edwar/OneDrive/Desktop/Data Arena/DataArena/ProjectDAGR425/Content/Assets/UIAssets/Tutorial/Images/Shuriken/DAGR_Shuriken3.png)
[2022.11.08-12.06.25:264][909]LogFactory: FactoryCreateFile: Texture with ReimportTextureFactory (0 0 C:/Users/edwar/OneDrive/Desktop/Data Arena/DataArena/ProjectDAGR425/Content/Assets/UIAssets/Tutorial/Images/Shuriken/DAGR_Shuriken4.png)
[2022.11.08-12.06.25:485][910]LogSavePackage: Moving '../../../../../../Users/edwar/OneDrive/Desktop/Data Arena/DataArena/ProjectDAGR425/Saved/DAGR_Shuriken1F485A95C4237818AA680E2943140670A.tmp' to '../../../../../../Users/edwar/OneDrive/Desktop/Data Arena/DataArena/ProjectDAGR425/Content/Assets/UIAssets/Tutorial/Images/Shuriken/DAGR_Shuriken1.uasset'
[2022.11.08-12.06.25:502][910]LogSavePackage: Moving '../../../../../../Users/edwar/OneDrive/Desktop/Data Arena/DataArena/ProjectDAGR425/Saved/DAGR_Shuriken2E54864724FAC2C5AE8E22CA68848E937.tmp' to '../../../../../../Users/edwar/OneDrive/Desktop/Data Arena/DataArena/ProjectDAGR425/Content/Assets/UIAssets/Tutorial/Images/Shuriken/DAGR_Shuriken2.uasset'
[2022.11.08-12.06.25:516][910]LogSavePackage: Moving '../../../../../../Users/edwar/OneDrive/Desktop/Data Arena/DataArena/ProjectDAGR425/Saved/DAGR_Shuriken31B0A94204B487634AAF2DFB44329F362.tmp' to '../../../../../../Users/edwar/OneDrive/Desktop/Data Arena/DataArena/ProjectDAGR425/Content/Assets/UIAssets/Tutorial/Images/Shuriken/DAGR_Shuriken3.uasset'
[2022.11.08-12.06.25:530][910]LogSavePackage: Moving '../../../../../../Users/edwar/OneDrive/Desktop/Data Arena/DataArena/ProjectDAGR425/Saved/DAGR_Shuriken41A9BCCA946B1C27517F0B1B93B054A03.tmp' to '../../../../../../Users/edwar/OneDrive/Desktop/Data Arena/DataArena/ProjectDAGR425/Content/Assets/UIAssets/Tutorial/Images/Shuriken/DAGR_Shuriken4.uasset'
[2022.11.08-12.06.25:632][911]AssetCheck: New page: Asset Save: multiple assets
[2022.11.08-12.06.25:632][911]LogContentValidation: Display: Validating Texture2D /Game/Assets/UIAssets/Tutorial/Images/Shuriken/DAGR_Shuriken1.DAGR_Shuriken1
[2022.11.08-12.06.25:632][911]LogContentValidation: Display: Validating Texture2D /Game/Assets/UIAssets/Tutorial/Images/Shuriken/DAGR_Shuriken2.DAGR_Shuriken2
[2022.11.08-12.06.25:632][911]LogContentValidation: Display: Validating Texture2D /Game/Assets/UIAssets/Tutorial/Images/Shuriken/DAGR_Shuriken3.DAGR_Shuriken3
[2022.11.08-12.06.25:632][911]LogContentValidation: Display: Validating Texture2D /Game/Assets/UIAssets/Tutorial/Images/Shuriken/DAGR_Shuriken4.DAGR_Shuriken4
[2022.11.08-12.06.28:611][ 80]AssetReimport: Importing new asset /Game/Assets/UIAssets/Tutorial/Images/Shuriken/DAGR_Shuriken1.
[2022.11.08-12.06.28:611][ 80]AssetReimport: Importing new asset /Game/Assets/UIAssets/Tutorial/Images/Shuriken/DAGR_Shuriken2.
[2022.11.08-12.06.28:611][ 80]AssetReimport: Importing new asset /Game/Assets/UIAssets/Tutorial/Images/Shuriken/DAGR_Shuriken3.
[2022.11.08-12.06.28:611][ 80]AssetReimport: Importing new asset /Game/Assets/UIAssets/Tutorial/Images/Shuriken/DAGR_Shuriken4.
[2022.11.08-12.06.36:611][608]LogAssetEditorSubsystem: Opening Asset editor for WidgetBlueprint /Game/Assets/UIAssets/Tutorial/ShurikenScreen.ShurikenScreen
[2022.11.08-12.06.37:158][608]LogContentBrowser: Native class hierarchy updated for 'BlueprintGraph' in 0.0006 seconds. Added 125 classes and 0 folders.
[2022.11.08-12.06.38:226][608]LogSlate: Took 0.000216 seconds to synchronously load lazily loaded font '../../../Engine/Content/Slate/Fonts/Roboto-BoldCondensed.ttf' (158K)
[2022.11.08-12.06.44:055][884]LogLinker: Warning: Asset '../../../../../../Users/edwar/OneDrive/Desktop/Data Arena/DataArena/ProjectDAGR425/Content/Assets/UIAssets/Tutorial/SlingshotScreen.uasset' has been saved with empty engine version. The asset will be loaded but may be incompatible.
[2022.11.08-12.06.44:135][884]LogTexture: Display: Building textures: DAGR_Slingshot1 (BGRA8, 650X500)
[2022.11.08-12.06.44:135][884]LogTexture: Display: Building textures: DAGR_Slingshot5 (BGRA8, 650X500)
[2022.11.08-12.06.44:135][884]LogTexture: Display: Building textures: DAGR_Slingshot4 (BGRA8, 650X500)
[2022.11.08-12.06.44:135][884]LogTexture: Display: Building textures: DAGR_Slingshot3 (BGRA8, 650X500)
[2022.11.08-12.06.44:135][884]LogTexture: Display: Building textures: DAGR_Slingshot2 (BGRA8, 650X500)
[2022.11.08-12.06.44:159][884]LogAssetEditorSubsystem: Opening Asset editor for WidgetBlueprint /Game/Assets/UIAssets/Tutorial/SlingshotScreen.SlingshotScreen
[2022.11.08-12.06.51:044][209]LogAssetEditorSubsystem: Opening Asset editor for WidgetBlueprint /Game/Assets/UIAssets/Tutorial/ArcheryScreen.ArcheryScreen
[2022.11.08-12.07.04:844][912]LogAssetEditorSubsystem: Opening Asset editor for WidgetBlueprint /Game/Assets/UIAssets/Tutorial/ShadowScreen.ShadowScreen
[2022.11.08-12.07.25:995][872]LogSlate: Took 0.050224 seconds to synchronously load lazily loaded font '../../../Engine/Content/Slate/Fonts/DroidSansFallback.ttf' (3848K)
[2022.11.08-12.08.04:440][485]LogEditorTransaction: Undo Edit Y
[2022.11.08-12.08.05:084][501]LogEditorTransaction: Undo Edit X
[2022.11.08-12.08.06:715][568]LogEditorTransaction: Undo Edit X
[2022.11.08-12.08.08:575][641]LogEditorTransaction: Redo Edit X
[2022.11.08-12.08.09:119][661]LogEditorTransaction: Undo Edit X
[2022.11.08-12.09.30:253][ 42]LogEditorTransaction: Undo Changed Anchors
[2022.11.08-12.09.34:549][210]LogEditorTransaction: Redo Changed Anchors
[2022.11.08-12.10.01:441][321]LogEditorTransaction: Undo Edit Size
[2022.11.08-12.10.02:411][350]LogEditorTransaction: Redo Edit Size
[2022.11.08-12.10.02:815][367]LogEditorTransaction: Undo Edit Size
[2022.11.08-12.10.03:151][381]LogEditorTransaction: Redo Edit Size
[2022.11.08-12.10.03:801][409]LogEditorTransaction: Undo Edit Size
[2022.11.08-12.10.04:095][421]LogEditorTransaction: Redo Edit Size
[2022.11.08-12.10.15:347][874]LogSlate: Window 'Color Picker' being destroyed
[2022.11.08-12.10.59:894][762]LogEditorTransaction: Undo Edit Bottom
[2022.11.08-12.13.19:129][541]LogSlate: Window 'Color Picker' being destroyed
[2022.11.08-12.13.32:870][116]LogEditorTransaction: Undo Edit Text
[2022.11.08-12.14.52:955][435]LogEditorTransaction: Undo Paste clipboard contents
[2022.11.08-12.14.53:288][441]LogEditorTransaction: Undo Remove Widget
[2022.11.08-12.15.34:554][159]LogEditorTransaction: Undo Move Widgets
[2022.11.08-12.16.26:877][285]LogSlate: Window 'Color Picker' being destroyed
[2022.11.08-12.18.20:159][329]LogEditorTransaction: Undo Edit Image
[2022.11.08-12.18.21:226][359]LogEditorTransaction: Redo Edit Image
[2022.11.08-12.19.33:633][774]BlueprintLog: New page: Compile ArcheryScreen
[2022.11.08-12.19.33:747][774]LogUObjectHash: Compacting FUObjectHashTables data took   4.76ms
[2022.11.08-12.19.33:867][774]LogSlate: Took 0.012994 seconds to synchronously load lazily loaded font '../../../Engine/Content/Slate/Fonts/DroidSansMono.ttf' (77K)
[2022.11.08-12.19.34:523][795]LogSavePackage: Moving '../../../../../../Users/edwar/OneDrive/Desktop/Data Arena/DataArena/ProjectDAGR425/Saved/ArcheryScreen5792702347045D09D6D61BBA44828A29.tmp' to '../../../../../../Users/edwar/OneDrive/Desktop/Data Arena/DataArena/ProjectDAGR425/Content/Assets/UIAssets/Tutorial/ArcheryScreen.uasset'
[2022.11.08-12.19.34:547][795]AssetCheck: New page: Asset Save: ArcheryScreen
[2022.11.08-12.19.34:547][795]LogContentValidation: Display: Validating WidgetBlueprint /Game/Assets/UIAssets/Tutorial/ArcheryScreen.ArcheryScreen
[2022.11.08-12.19.36:591][863]BlueprintLog: New page: Compile SlingshotScreen
[2022.11.08-12.19.36:650][863]LogUObjectHash: Compacting FUObjectHashTables data took   3.27ms
[2022.11.08-12.19.37:285][883]LogSavePackage: Moving '../../../../../../Users/edwar/OneDrive/Desktop/Data Arena/DataArena/ProjectDAGR425/Saved/SlingshotScreenDE3187AC4C35CE8E9A63DB95A1C8B6F9.tmp' to '../../../../../../Users/edwar/OneDrive/Desktop/Data Arena/DataArena/ProjectDAGR425/Content/Assets/UIAssets/Tutorial/SlingshotScreen.uasset'
[2022.11.08-12.19.37:309][883]AssetCheck: New page: Asset Save: SlingshotScreen
[2022.11.08-12.19.37:309][883]LogContentValidation: Display: Validating WidgetBlueprint /Game/Assets/UIAssets/Tutorial/SlingshotScreen.SlingshotScreen
[2022.11.08-12.20.19:207][321]LogEditorTransaction: Undo Move Widgets
[2022.11.08-12.20.22:728][426]LogEditorTransaction: Undo Move Widgets
[2022.11.08-12.20.26:398][542]LogEditorTransaction: Redo Move Widgets
[2022.11.08-12.21.57:893][666]LogUObjectHash: Compacting FUObjectHashTables data took   3.84ms
[2022.11.08-12.21.57:901][666]LogFileHelpers: Editor autosave (incl. sublevels) for '/Game/Calibration/Calibration' took 0.058
[2022.11.08-12.21.57:903][666]OBJ SavePackage: Generating thumbnails for [0] asset(s) in package [/Game/Assets/UIAssets/Tutorial/ShurikenScreen] ([1] browsable assets)...
[2022.11.08-12.21.57:903][666]OBJ SavePackage: Finished generating thumbnails for package [/Game/Assets/UIAssets/Tutorial/ShurikenScreen]
[2022.11.08-12.21.57:920][666]LogSavePackage: Moving '../../../../../../Users/edwar/OneDrive/Desktop/Data Arena/DataArena/ProjectDAGR425/Saved/ShurikenScreen_Auto1948154D747C1BA65D8C848911C423BCE.tmp' to '../../../../../../Users/edwar/OneDrive/Desktop/Data Arena/DataArena/ProjectDAGR425/Saved/Autosaves/Game/Assets/UIAssets/Tutorial/ShurikenScreen_Auto1.uasset'
[2022.11.08-12.21.57:921][666]LogFileHelpers: Auto-saving content packages took 0.019
[2022.11.08-12.23.32:614][298]LogEditorTransaction: Undo Remove Widget
[2022.11.08-12.24.11:879][906]LogSlate: Window 'Color Picker' being destroyed
[2022.11.08-12.24.45:854][301]BlueprintLog: New page: Compile ShurikenScreen
[2022.11.08-12.24.45:906][301]LogUObjectHash: Compacting FUObjectHashTables data took   2.97ms
[2022.11.08-12.24.46:456][318]LogSavePackage: Moving '../../../../../../Users/edwar/OneDrive/Desktop/Data Arena/DataArena/ProjectDAGR425/Saved/ShurikenScreen28FA818E448B2383EF4CF6A33C3A9E1F.tmp' to '../../../../../../Users/edwar/OneDrive/Desktop/Data Arena/DataArena/ProjectDAGR425/Content/Assets/UIAssets/Tutorial/ShurikenScreen.uasset'
[2022.11.08-12.24.46:474][318]AssetCheck: New page: Asset Save: ShurikenScreen
[2022.11.08-12.24.46:474][318]LogContentValidation: Display: Validating WidgetBlueprint /Game/Assets/UIAssets/Tutorial/ShurikenScreen.ShurikenScreen
[2022.11.08-12.25.00:972][922]BlueprintLog: New page: Compile SlingshotScreen
[2022.11.08-12.25.01:018][922]LogUObjectHash: Compacting FUObjectHashTables data took   3.10ms
[2022.11.08-12.25.01:491][937]LogSavePackage: Moving '../../../../../../Users/edwar/OneDrive/Desktop/Data Arena/DataArena/ProjectDAGR425/Saved/SlingshotScreen8F61C5B54080ED8692D7BFACDEEDD63D.tmp' to '../../../../../../Users/edwar/OneDrive/Desktop/Data Arena/DataArena/ProjectDAGR425/Content/Assets/UIAssets/Tutorial/SlingshotScreen.uasset'
[2022.11.08-12.25.01:511][937]AssetCheck: New page: Asset Save: SlingshotScreen
[2022.11.08-12.25.01:511][937]LogContentValidation: Display: Validating WidgetBlueprint /Game/Assets/UIAssets/Tutorial/SlingshotScreen.SlingshotScreen
[2022.11.08-12.25.57:337][261]LogSlate: Window 'Color Picker' being destroyed
[2022.11.08-12.26.08:656][726]LogSlate: Window 'Color Picker' being destroyed
[2022.11.08-12.26.11:805][855]BlueprintLog: New page: Compile ArcheryScreen
[2022.11.08-12.26.11:856][855]LogUObjectHash: Compacting FUObjectHashTables data took   2.62ms
[2022.11.08-12.26.12:351][871]LogSavePackage: Moving '../../../../../../Users/edwar/OneDrive/Desktop/Data Arena/DataArena/ProjectDAGR425/Saved/ArcheryScreen41F888FC420DD9D1E928209E341D95EC.tmp' to '../../../../../../Users/edwar/OneDrive/Desktop/Data Arena/DataArena/ProjectDAGR425/Content/Assets/UIAssets/Tutorial/ArcheryScreen.uasset'
[2022.11.08-12.26.12:372][871]AssetCheck: New page: Asset Save: ArcheryScreen
[2022.11.08-12.26.12:372][871]LogContentValidation: Display: Validating WidgetBlueprint /Game/Assets/UIAssets/Tutorial/ArcheryScreen.ArcheryScreen
[2022.11.08-12.27.00:934][956]LogEditorTransaction: Undo Move Widgets
[2022.11.08-12.28.06:437][701]LogSlate: Window 'Color Picker' being destroyed
[2022.11.08-12.28.25:525][452]LogSlate: Window 'Color Picker' being destroyed
[2022.11.08-12.28.57:561][763]BlueprintLog: New page: Compile SlingshotScreen
[2022.11.08-12.28.57:618][763]LogUObjectHash: Compacting FUObjectHashTables data took   3.27ms
[2022.11.08-12.28.58:078][775]LogSavePackage: Moving '../../../../../../Users/edwar/OneDrive/Desktop/Data Arena/DataArena/ProjectDAGR425/Saved/SlingshotScreen3B519E9343BD81231680ABA63D1CB478.tmp' to '../../../../../../Users/edwar/OneDrive/Desktop/Data Arena/DataArena/ProjectDAGR425/Content/Assets/UIAssets/Tutorial/SlingshotScreen.uasset'
[2022.11.08-12.28.58:097][775]AssetCheck: New page: Asset Save: SlingshotScreen
[2022.11.08-12.28.58:097][775]LogContentValidation: Display: Validating WidgetBlueprint /Game/Assets/UIAssets/Tutorial/SlingshotScreen.SlingshotScreen
[2022.11.08-12.29.32:124][ 51]LogSlate: Window 'Color Picker' being destroyed
[2022.11.08-12.30.52:990][419]LogSlate: Last resort fallback font was requested. Font: '<unknown>', Character: '<unknown>'
[2022.11.08-12.30.53:046][419]LogSlate: Took 0.052513 seconds to synchronously load lazily loaded font '../../../Engine/Content/SlateDebug/Fonts/LastResort.ttf' (5269K)
[2022.11.08-12.32.03:281][259]BlueprintLog: New page: Compile ShadowScreen
[2022.11.08-12.32.03:335][259]LogUObjectHash: Compacting FUObjectHashTables data took   3.07ms
[2022.11.08-12.32.04:051][282]LogSavePackage: Moving '../../../../../../Users/edwar/OneDrive/Desktop/Data Arena/DataArena/ProjectDAGR425/Saved/ShadowScreen9CB3EA46406DB937868580BA10763798.tmp' to '../../../../../../Users/edwar/OneDrive/Desktop/Data Arena/DataArena/ProjectDAGR425/Content/Assets/UIAssets/Tutorial/ShadowScreen.uasset'
[2022.11.08-12.32.04:072][282]AssetCheck: New page: Asset Save: ShadowScreen
[2022.11.08-12.32.04:072][282]LogContentValidation: Display: Validating WidgetBlueprint /Game/Assets/UIAssets/Tutorial/ShadowScreen.ShadowScreen
[2022.11.08-12.32.16:497][763]BlueprintLog: New page: Compile ShadowScreen
[2022.11.08-12.32.16:597][763]LogUObjectHash: Compacting FUObjectHashTables data took   2.93ms
[2022.11.08-12.32.16:879][771]LogSavePackage: Moving '../../../../../../Users/edwar/OneDrive/Desktop/Data Arena/DataArena/ProjectDAGR425/Saved/ShadowScreen9C936FFA42F18512197F498F2106BE48.tmp' to '../../../../../../Users/edwar/OneDrive/Desktop/Data Arena/DataArena/ProjectDAGR425/Content/Assets/UIAssets/Tutorial/ShadowScreen.uasset'
[2022.11.08-12.32.16:896][771]AssetCheck: New page: Asset Save: ShadowScreen
[2022.11.08-12.32.16:896][771]LogContentValidation: Display: Validating WidgetBlueprint /Game/Assets/UIAssets/Tutorial/ShadowScreen.ShadowScreen
[2022.11.08-12.32.17:664][803]LogSlate: Window 'ShadowScreen' being destroyed
[2022.11.08-12.32.17:668][803]LogSlate: Window 'ShadowScreen' being destroyed
[2022.11.08-12.32.17:678][803]LogWorld: UWorld::CleanupWorld for World_1, bSessionEnded=true, bCleanupResources=true
[2022.11.08-12.32.17:678][803]LogSlate: InvalidateAllWidgets triggered.  All widgets were invalidated
[2022.11.08-12.32.17:699][803]LogWorld: UWorld::CleanupWorld for World_0, bSessionEnded=true, bCleanupResources=true
[2022.11.08-12.32.17:700][803]LogSlate: InvalidateAllWidgets triggered.  All widgets were invalidated
[2022.11.08-12.32.17:776][803]LogWorld: UWorld::CleanupWorld for World_3, bSessionEnded=true, bCleanupResources=true
[2022.11.08-12.32.17:776][803]LogSlate: InvalidateAllWidgets triggered.  All widgets were invalidated
[2022.11.08-12.32.17:792][803]LogWorld: UWorld::CleanupWorld for World_2, bSessionEnded=true, bCleanupResources=true
[2022.11.08-12.32.17:792][803]LogSlate: InvalidateAllWidgets triggered.  All widgets were invalidated
[2022.11.08-12.32.17:881][803]LogWorld: UWorld::CleanupWorld for World_5, bSessionEnded=true, bCleanupResources=true
[2022.11.08-12.32.17:881][803]LogSlate: InvalidateAllWidgets triggered.  All widgets were invalidated
[2022.11.08-12.32.17:898][803]LogWorld: UWorld::CleanupWorld for World_4, bSessionEnded=true, bCleanupResources=true
[2022.11.08-12.32.17:898][803]LogSlate: InvalidateAllWidgets triggered.  All widgets were invalidated
[2022.11.08-12.32.17:957][803]LogWorld: UWorld::CleanupWorld for World_7, bSessionEnded=true, bCleanupResources=true
[2022.11.08-12.32.17:957][803]LogSlate: InvalidateAllWidgets triggered.  All widgets were invalidated
[2022.11.08-12.32.17:970][803]LogWorld: UWorld::CleanupWorld for World_6, bSessionEnded=true, bCleanupResources=true
[2022.11.08-12.32.17:970][803]LogSlate: InvalidateAllWidgets triggered.  All widgets were invalidated
[2022.11.08-12.32.21:743][  4]LogAssetEditorSubsystem: Opening Asset editor for WidgetBlueprint /Game/Assets/UIAssets/Tutorial/ShadowScreen.ShadowScreen
[2022.11.08-12.35.13:393][ 19]BlueprintLog: New page: Compile ShadowScreen
[2022.11.08-12.35.13:489][ 19]LogUObjectHash: Compacting FUObjectHashTables data took   3.14ms
[2022.11.08-12.35.14:249][ 48]BlueprintLog: New page: Compile ShadowScreen
[2022.11.08-12.35.14:323][ 48]LogUObjectHash: Compacting FUObjectHashTables data took   3.42ms
[2022.11.08-12.35.15:503][ 93]LogSavePackage: Moving '../../../../../../Users/edwar/OneDrive/Desktop/Data Arena/DataArena/ProjectDAGR425/Saved/ShadowScreenD125BAA945BA6ECD7CE0CB9E87B4F890.tmp' to '../../../../../../Users/edwar/OneDrive/Desktop/Data Arena/DataArena/ProjectDAGR425/Content/Assets/UIAssets/Tutorial/ShadowScreen.uasset'
[2022.11.08-12.35.15:521][ 93]AssetCheck: New page: Asset Save: ShadowScreen
[2022.11.08-12.35.15:521][ 93]LogContentValidation: Display: Validating WidgetBlueprint /Game/Assets/UIAssets/Tutorial/ShadowScreen.ShadowScreen
[2022.11.08-12.35.16:052][116]LogSavePackage: Moving '../../../../../../Users/edwar/OneDrive/Desktop/Data Arena/DataArena/ProjectDAGR425/Saved/ShadowScreen8C5A92D44D274019E0FD35B5FC56DD3D.tmp' to '../../../../../../Users/edwar/OneDrive/Desktop/Data Arena/DataArena/ProjectDAGR425/Content/Assets/UIAssets/Tutorial/ShadowScreen.uasset'
[2022.11.08-12.35.16:068][116]AssetCheck: New page: Asset Save: ShadowScreen
[2022.11.08-12.35.16:068][116]LogContentValidation: Display: Validating WidgetBlueprint /Game/Assets/UIAssets/Tutorial/ShadowScreen.ShadowScreen
[2022.11.08-12.35.16:750][146]LogSlate: Window 'ShadowScreen' being destroyed
[2022.11.08-12.35.16:770][146]LogSlate: Window 'ShadowScreen' being destroyed
[2022.11.08-12.35.16:778][146]LogWorld: UWorld::CleanupWorld for World_9, bSessionEnded=true, bCleanupResources=true
[2022.11.08-12.35.16:778][146]LogSlate: InvalidateAllWidgets triggered.  All widgets were invalidated
[2022.11.08-12.35.16:790][146]LogWorld: UWorld::CleanupWorld for World_8, bSessionEnded=true, bCleanupResources=true
[2022.11.08-12.35.16:790][146]LogSlate: InvalidateAllWidgets triggered.  All widgets were invalidated
[2022.11.08-12.37.48:454][136]LogUObjectHash: Compacting FUObjectHashTables data took   2.01ms
[2022.11.08-12.37.49:341][193]LogUObjectHash: Compacting FUObjectHashTables data took   0.39ms
