Log file open, 09/24/22 13:54:10
LogInit: Display: Running engine for game: ProjectDAGR
LogPlatformFile: Not using cached read wrapper
LogTaskGraph: Started task graph with 5 named threads and 47 total threads with 3 sets of task threads.
LogStats: Stats thread started at 0.407837
LogD3D11RHI: Loaded GFSDK_Aftermath_Lib.x64.dll
LogICUInternationalization: ICU TimeZone Detection - Raw Offset: +10:00, Platform Override: ''
LogPluginManager: Mounting plugin Paper2D
LogPluginManager: Mounting plugin AISupport
LogPluginManager: Mounting plugin LightPropagationVolume
LogPluginManager: Mounting plugin CameraShakePreviewer
LogPluginManager: Mounting plugin Composure
LogPluginManager: Mounting plugin LensDistortion
LogPluginManager: Mounting plugin OpenColorIO
LogPluginManager: Mounting plugin ActorLayerUtilities
LogPluginManager: Mounting plugin AnimationSharing
LogPluginManager: Mounting plugin CLionSourceCodeAccess
LogPluginManager: Mounting plugin CodeLiteSourceCodeAccess
LogPluginManager: Mounting plugin GitSourceControl
LogPluginManager: Mounting plugin KDevelopSourceCodeAccess
LogPluginManager: Mounting plugin NullSourceCodeAccess
LogPluginManager: Mounting plugin PerforceSourceControl
LogPluginManager: Mounting plugin PlasticSourceControl
LogPluginManager: Mounting plugin RiderSourceCodeAccess
LogPluginManager: Mounting plugin SubversionSourceControl
LogPluginManager: Mounting plugin UObjectPlugin
LogPluginManager: Mounting plugin VisualStudioCodeSourceCodeAccess
LogPluginManager: Mounting plugin VisualStudioSourceCodeAccess
LogPluginManager: Mounting plugin XCodeSourceCodeAccess
LogPluginManager: Mounting plugin AssetManagerEditor
LogPluginManager: Mounting plugin BlueprintMaterialTextureNodes
LogPluginManager: Mounting plugin CryptoKeys
LogPluginManager: Mounting plugin CurveEditorTools
LogPluginManager: Mounting plugin DataValidation
LogPluginManager: Mounting plugin EditorScriptingUtilities
LogPluginManager: Mounting plugin FacialAnimation
LogPluginManager: Mounting plugin GameplayTagsEditor
LogPluginManager: Mounting plugin GeometryMode
LogPluginManager: Mounting plugin MacGraphicsSwitching
LogPluginManager: Mounting plugin MaterialAnalyzer
LogPluginManager: Mounting plugin MobileLauncherProfileWizard
LogPluginManager: Mounting plugin PluginBrowser
LogPluginManager: Mounting plugin SpeedTreeImporter
LogPluginManager: Mounting plugin DatasmithContent
LogPluginManager: Mounting plugin VariantManagerContent
LogPluginManager: Mounting plugin AlembicImporter
LogPluginManager: Mounting plugin AutomationUtils
LogPluginManager: Mounting plugin BackChannel
LogPluginManager: Mounting plugin ChaosCloth
LogPluginManager: Mounting plugin ChaosClothEditor
LogPluginManager: Mounting plugin ChaosEditor
LogPluginManager: Mounting plugin ChaosNiagara
LogPluginManager: Mounting plugin ChaosSolverPlugin
LogPluginManager: Mounting plugin CharacterAI
LogPluginManager: Mounting plugin GeometryCache
LogPluginManager: Mounting plugin GeometryCollectionPlugin
LogPluginManager: Mounting plugin GeometryProcessing
LogPluginManager: Mounting plugin PlanarCut
LogPluginManager: Mounting plugin PlatformCrypto
LogPluginManager: Mounting plugin ProxyLODPlugin
LogPluginManager: Mounting plugin SkeletalReduction
LogPluginManager: Mounting plugin Niagara
LogPluginManager: Mounting plugin MagicLeap
LogPluginManager: Mounting plugin MagicLeapLightEstimation
LogPluginManager: Mounting plugin MagicLeapMedia
LogPluginManager: Mounting plugin MagicLeapPassableWorld
LogPluginManager: Mounting plugin MLSDK
LogPluginManager: Mounting plugin AndroidMedia
LogPluginManager: Mounting plugin AvfMedia
LogPluginManager: Mounting plugin ImgMedia
LogPluginManager: Mounting plugin MediaCompositing
LogPluginManager: Mounting plugin MediaIOFramework
LogPluginManager: Mounting plugin MediaPlayerEditor
LogPluginManager: Mounting plugin WebMMedia
LogPluginManager: Mounting plugin WmfMedia
LogPluginManager: Mounting plugin MeshPainting
LogPluginManager: Mounting plugin TcpMessaging
LogPluginManager: Mounting plugin UdpMessaging
LogPluginManager: Mounting plugin ActorSequence
LogPluginManager: Mounting plugin LevelSequenceEditor
LogPluginManager: Mounting plugin MatineeToLevelSequence
LogPluginManager: Mounting plugin MovieRenderPipeline
LogPluginManager: Mounting plugin TemplateSequence
LogPluginManager: Mounting plugin NetcodeUnitTest
LogPluginManager: Mounting plugin NUTUnrealEngine4
LogPluginManager: Mounting plugin OnlineSubsystemGooglePlay
LogPluginManager: Mounting plugin OnlineSubsystemIOS
LogPluginManager: Mounting plugin OnlineSubsystem
LogPluginManager: Mounting plugin OnlineSubsystemNull
LogPluginManager: Mounting plugin OnlineSubsystemUtils
LogPluginManager: Mounting plugin LauncherChunkInstaller
LogPluginManager: Mounting plugin AndroidDeviceProfileSelector
LogPluginManager: Mounting plugin AndroidMoviePlayer
LogPluginManager: Mounting plugin AndroidPermission
LogPluginManager: Mounting plugin ApexDestruction
LogPluginManager: Mounting plugin AppleImageUtils
LogPluginManager: Mounting plugin AppleMoviePlayer
LogPluginManager: Mounting plugin ArchVisCharacter
LogPluginManager: Mounting plugin AssetTags
LogPluginManager: Mounting plugin AudioCapture
LogPluginManager: Mounting plugin CableComponent
LogPluginManager: Mounting plugin CustomMeshComponent
LogPluginManager: Mounting plugin EditableMesh
LogPluginManager: Mounting plugin ExampleDeviceProfileSelector
LogPluginManager: Mounting plugin GoogleCloudMessaging
LogPluginManager: Mounting plugin GooglePAD
LogPluginManager: Mounting plugin IOSDeviceProfileSelector
LogPluginManager: Mounting plugin LinuxDeviceProfileSelector
LogPluginManager: Mounting plugin LocationServicesBPLibrary
LogPluginManager: Mounting plugin MobilePatchingUtils
LogPluginManager: Mounting plugin nDisplay
LogPluginManager: Mounting plugin OculusVR
LogPluginManager: Mounting plugin PhysXVehicles
LogPluginManager: Mounting plugin PostSplashScreen
LogPluginManager: Mounting plugin ProceduralMeshComponent
LogPluginManager: Mounting plugin RuntimePhysXCooking
LogPluginManager: Mounting plugin SignificanceManager
LogPluginManager: Mounting plugin SoundFields
LogPluginManager: Mounting plugin SteamVR
LogPluginManager: Mounting plugin Synthesis
LogPluginManager: Mounting plugin WebMMoviePlayer
LogPluginManager: Mounting plugin WindowsMoviePlayer
LogPluginManager: Mounting plugin ScreenshotTools
LogPluginManager: Mounting plugin DA_Assets
Launching UnrealBuildTool... [C:/Program Files/Epic Games/UE_4.25/Engine/Binaries/DotNET/UnrealBuildTool.exe -Mode=QueryTargets -Project="C:/Users/ethan/Documents/GitHub Repositories/2022/DataArena/ProjectDAGR425/ProjectDAGR.uproject" -Output="C:/Users/ethan/Documents/GitHub Repositories/2022/DataArena/ProjectDAGR425/Intermediate/TargetInfo.json"]
LogInit: Warning: Incompatible or missing module: ProjectDAGR
Running C:/Program Files/Epic Games/UE_4.25/Engine/Binaries/DotNET/UnrealBuildTool.exe Development Win64 -Project="C:/Users/ethan/Documents/GitHub Repositories/2022/DataArena/ProjectDAGR425/ProjectDAGR.uproject" -TargetType=Editor -Progress -NoEngineChanges -NoHotReloadFromIDE
Using 'git status' to determine working set for adaptive non-unity build (C:\Users\ethan\Documents\GitHub Repositories\2022\DataArena).
Creating makefile for ProjectDAGREditor (no existing makefile)
@progress push 5%
Parsing headers for ProjectDAGREditor
  Running UnrealHeaderTool "C:\Users\ethan\Documents\GitHub Repositories\2022\DataArena\ProjectDAGR425\ProjectDAGR.uproject" "C:\Users\ethan\Documents\GitHub Repositories\2022\DataArena\ProjectDAGR425\Intermediate\Build\Win64\ProjectDAGREditor\Development\ProjectDAGREditor.uhtmanifest" -LogCmds="loginit warning, logexit warning, logdatabase error" -Unattended -WarningsAsErrors -abslog="C:\Users\ethan\AppData\Local\UnrealBuildTool\Log_UHT.txt" -installed
Reflection code generated for ProjectDAGREditor in 3.8608491 seconds
@progress pop
Building ProjectDAGREditor...
Using Visual Studio 2019 14.33.31630 toolchain (C:\Program Files\Microsoft Visual Studio\2022\Community\VC\Tools\MSVC\14.33.31629) and Windows 10.0.19041.0 SDK (C:\Program Files (x86)\Windows Kits\10).
Building 11 actions with 16 processes...
  @progress 'Compiling C++ source code...' 0%
  @progress 'Compiling C++ source code...' 9%
  [1/11] Default.rc2
  @progress 'Compiling C++ source code...' 18%
  [2/11] SharedPCH.Engine.ShadowErrors.cpp
  Detected compiler newer than Visual Studio 2019, please update min version checking in WindowsPlatformCompilerSetup.h
  @progress 'Compiling C++ source code...' 27%
  [3/11] ProjectDAGR.cpp
  @progress 'Compiling C++ source code...' 36%
  [4/11] ProjectDAGR.init.gen.cpp
  @progress 'Compiling C++ source code...' 45%
  [5/11] ProjectDAGRGameModeBase.cpp
  @progress 'Compiling C++ source code...' 55%
  [6/11] CatapultGameMode.cpp
  @progress 'Compiling C++ source code...' 64%
  [7/11] ProjectDAGRGameModeBase.gen.cpp
  @progress 'Compiling C++ source code...' 73%
  [8/11] CatapultGameMode.gen.cpp
  @progress 'Compiling C++ source code...' 82%
  [9/11] UE4Editor-ProjectDAGR.lib
     Creating library C:\Users\ethan\Documents\GitHub Repositories\2022\DataArena\ProjectDAGR425\Intermediate\Build\Win64\UE4Editor\Development\ProjectDAGR\UE4Editor-ProjectDAGR.lib and object C:\Users\ethan\Documents\GitHub Repositories\2022\DataArena\ProjectDAGR425\Intermediate\Build\Win64\UE4Editor\Development\ProjectDAGR\UE4Editor-ProjectDAGR.exp
  @progress 'Compiling C++ source code...' 91%
  [10/11] UE4Editor-ProjectDAGR.dll
     Creating library C:\Users\ethan\Documents\GitHub Repositories\2022\DataArena\ProjectDAGR425\Intermediate\Build\Win64\UE4Editor\Development\ProjectDAGR\UE4Editor-ProjectDAGR.suppressed.lib and object C:\Users\ethan\Documents\GitHub Repositories\2022\DataArena\ProjectDAGR425\Intermediate\Build\Win64\UE4Editor\Development\ProjectDAGR\UE4Editor-ProjectDAGR.suppressed.exp
  @progress 'Compiling C++ source code...' 100%
  [11/11] ProjectDAGREditor.target
Total time in Parallel executor: 15.06 seconds
Total execution time: 25.01 seconds
LogInit: Using libcurl 7.55.1-DEV
LogInit:  - built for x86_64-pc-win32
LogInit:  - supports SSL with OpenSSL/1.1.1
LogInit:  - supports HTTP deflate (compression) using libz 1.2.8
LogInit:  - other features:
LogInit:      CURL_VERSION_SSL
LogInit:      CURL_VERSION_LIBZ
LogInit:      CURL_VERSION_IPV6
LogInit:      CURL_VERSION_ASYNCHDNS
LogInit:      CURL_VERSION_LARGEFILE
LogInit:      CURL_VERSION_IDN
LogInit:  CurlRequestOptions (configurable via config and command line):
LogInit:  - bVerifyPeer = true  - Libcurl will verify peer certificate
LogInit:  - bUseHttpProxy = false  - Libcurl will NOT use HTTP proxy
LogInit:  - bDontReuseConnections = false  - Libcurl will reuse connections
LogInit:  - MaxHostConnections = 16  - Libcurl will limit the number of connections to a host
LogInit:  - LocalHostAddr = Default
LogInit:  - BufferSize = 65536
LogOnline: OSS: Creating online subsystem instance for: NULL
LogInit: WinSock: version 1.1 (2.2), MaxSocks=32767, MaxUdp=65467
LogOnline: OSS: TryLoadSubsystemAndSetDefault: Loaded subsystem for module [NULL]
LogInit: Build: ++UE4+Release-4.25-CL-14469661
LogInit: Engine Version: 4.25.4-14469661+++UE4+Release-4.25
LogInit: Compatible Engine Version: 4.25.0-13144385+++UE4+Release-4.25
LogInit: Net CL: 13144385
LogInit: OS: Windows 10 (Release 2009) (), CPU: AMD Ryzen 7 5800X 8-Core Processor             , GPU: NVIDIA GeForce RTX 3070
LogInit: Compiled (64-bit): Oct 11 2020 08:10:49
LogInit: Compiled with Visual C++: 19.24.28315.00
LogInit: Build Configuration: Development
LogInit: Branch Name: ++UE4+Release-4.25
LogInit: Command Line: 
LogInit: Base Directory: C:/Program Files/Epic Games/UE_4.25/Engine/Binaries/Win64/
LogInit: Allocator: TBB
LogInit: Installed Engine Build: 1
LogDevObjectVersion: Number of dev versions registered: 26
LogDevObjectVersion:   Dev-Blueprints (B0D832E4-1F89-4F0D-ACCF-7EB736FD4AA2): 10
LogDevObjectVersion:   Dev-Build (E1C64328-A22C-4D53-A36C-8E866417BD8C): 0
LogDevObjectVersion:   Dev-Core (375EC13C-06E4-48FB-B500-84F0262A717E): 4
LogDevObjectVersion:   Dev-Editor (E4B068ED-F494-42E9-A231-DA0B2E46BB41): 38
LogDevObjectVersion:   Dev-Framework (CFFC743F-43B0-4480-9391-14DF171D2073): 37
LogDevObjectVersion:   Dev-Mobile (B02B49B5-BB20-44E9-A304-32B752E40360): 2
LogDevObjectVersion:   Dev-Networking (A4E4105C-59A1-49B5-A7C5-40C4547EDFEE): 0
LogDevObjectVersion:   Dev-Online (39C831C9-5AE6-47DC-9A44-9C173E1C8E7C): 0
LogDevObjectVersion:   Dev-Physics (78F01B33-EBEA-4F98-B9B4-84EACCB95AA2): 4
LogDevObjectVersion:   Dev-Platform (6631380F-2D4D-43E0-8009-CF276956A95A): 0
LogDevObjectVersion:   Dev-Rendering (12F88B9F-8875-4AFC-A67C-D90C383ABD29): 43
LogDevObjectVersion:   Dev-Sequencer (7B5AE74C-D270-4C10-A958-57980B212A5A): 12
LogDevObjectVersion:   Dev-VR (D7296918-1DD6-4BDD-9DE2-64A83CC13884): 3
LogDevObjectVersion:   Dev-LoadTimes (C2A15278-BFE7-4AFE-6C17-90FF531DF755): 1
LogDevObjectVersion:   Private-Geometry (6EACA3D4-40EC-4CC1-B786-8BED09428FC5): 3
LogDevObjectVersion:   Dev-AnimPhys (29E575DD-E0A3-4627-9D10-D276232CDCEA): 17
LogDevObjectVersion:   Dev-Anim (AF43A65D-7FD3-4947-9873-3E8ED9C1BB05): 7
LogDevObjectVersion:   Dev-ReflectionCapture (6B266CEC-1EC7-4B8F-A30B-E4D90942FC07): 1
LogDevObjectVersion:   Dev-Automation (0DF73D61-A23F-47EA-B727-89E90C41499A): 1
LogDevObjectVersion:   FortniteMain (601D1886-AC64-4F84-AA16-D3DE0DEAC7D6): 31
LogDevObjectVersion:   Dev-Enterprise (9DFFBCD6-494F-0158-E221-12823C92A888): 10
LogDevObjectVersion:   Dev-Niagara (F2AED0AC-9AFE-416F-8664-AA7FFA26D6FC): 1
LogDevObjectVersion:   Dev-Destruction (174F1F0B-B4C6-45A5-B13F-2EE8D0FB917D): 10
LogDevObjectVersion:   Dev-Physics-Ext (35F94A83-E258-406C-A318-09F59610247C): 37
LogDevObjectVersion:   Dev-PhysicsMaterial-Chaos (B68FC16E-8B1B-42E2-B453-215C058844FE): 1
LogDevObjectVersion:   Dev-CineCamera (B2E18506-4273-CFC2-A54E-F4BB758BBA07): 1
LogInit: Presizing for max 25165824 objects, including 0 objects not considered by GC, pre-allocating 0 bytes for permanent pool.
LogConfig: Applying CVar settings from Section [/Script/Engine.StreamingSettings] File [C:/Users/ethan/Documents/GitHub Repositories/2022/DataArena/ProjectDAGR425/Saved/Config/Windows/Engine.ini]
LogConfig: Setting CVar [[s.MinBulkDataSizeForAsyncLoading:131072]]
LogConfig: Setting CVar [[s.AsyncLoadingThreadEnabled:0]]
LogConfig: Setting CVar [[s.EventDrivenLoaderEnabled:1]]
LogConfig: Setting CVar [[s.WarnIfTimeLimitExceeded:0]]
LogConfig: Setting CVar [[s.TimeLimitExceededMultiplier:1.5]]
LogConfig: Setting CVar [[s.TimeLimitExceededMinTime:0.005]]
LogConfig: Setting CVar [[s.UseBackgroundLevelStreaming:1]]
LogConfig: Setting CVar [[s.PriorityAsyncLoadingExtraTime:15.0]]
LogConfig: Setting CVar [[s.LevelStreamingActorsUpdateTimeLimit:5.0]]
LogConfig: Setting CVar [[s.PriorityLevelStreamingActorsUpdateExtraTime:5.0]]
LogConfig: Setting CVar [[s.LevelStreamingComponentsRegistrationGranularity:10]]
LogConfig: Setting CVar [[s.UnregisterComponentsTimeLimit:1.0]]
LogConfig: Setting CVar [[s.LevelStreamingComponentsUnregistrationGranularity:5]]
LogConfig: Setting CVar [[s.FlushStreamingOnExit:1]]
LogInit: Object subsystem initialized
LogConfig: Setting CVar [[con.DebugEarlyDefault:1]]
LogConfig: Setting CVar [[r.setres:1280x720]]
[2022.09.24-03.54.40:294][  0]LogConfig: Setting CVar [[r.VSync:0]]
[2022.09.24-03.54.40:294][  0]LogConfig: Setting CVar [[r.RHICmdBypass:0]]
[2022.09.24-03.54.40:294][  0]LogConfig: Applying CVar settings from Section [/Script/Engine.RendererSettings] File [C:/Users/ethan/Documents/GitHub Repositories/2022/DataArena/ProjectDAGR425/Saved/Config/Windows/Engine.ini]
[2022.09.24-03.54.40:294][  0]LogConfig: Setting CVar [[r.GPUCrashDebugging:0]]
[2022.09.24-03.54.40:294][  0]LogConfig: Applying CVar settings from Section [/Script/Engine.RendererOverrideSettings] File [C:/Users/ethan/Documents/GitHub Repositories/2022/DataArena/ProjectDAGR425/Saved/Config/Windows/Engine.ini]
[2022.09.24-03.54.40:294][  0]LogConfig: Applying CVar settings from Section [/Script/Engine.StreamingSettings] File [C:/Users/ethan/Documents/GitHub Repositories/2022/DataArena/ProjectDAGR425/Saved/Config/Windows/Engine.ini]
[2022.09.24-03.54.40:294][  0]LogConfig: Setting CVar [[s.MinBulkDataSizeForAsyncLoading:131072]]
[2022.09.24-03.54.40:294][  0]LogConfig: Setting CVar [[s.AsyncLoadingThreadEnabled:0]]
[2022.09.24-03.54.40:294][  0]LogConfig: Setting CVar [[s.EventDrivenLoaderEnabled:1]]
[2022.09.24-03.54.40:294][  0]LogConfig: Setting CVar [[s.WarnIfTimeLimitExceeded:0]]
[2022.09.24-03.54.40:294][  0]LogConfig: Setting CVar [[s.TimeLimitExceededMultiplier:1.5]]
[2022.09.24-03.54.40:295][  0]LogConfig: Setting CVar [[s.TimeLimitExceededMinTime:0.005]]
[2022.09.24-03.54.40:295][  0]LogConfig: Setting CVar [[s.UseBackgroundLevelStreaming:1]]
[2022.09.24-03.54.40:295][  0]LogConfig: Setting CVar [[s.PriorityAsyncLoadingExtraTime:15.0]]
[2022.09.24-03.54.40:295][  0]LogConfig: Setting CVar [[s.LevelStreamingActorsUpdateTimeLimit:5.0]]
[2022.09.24-03.54.40:295][  0]LogConfig: Setting CVar [[s.PriorityLevelStreamingActorsUpdateExtraTime:5.0]]
[2022.09.24-03.54.40:295][  0]LogConfig: Setting CVar [[s.LevelStreamingComponentsRegistrationGranularity:10]]
[2022.09.24-03.54.40:295][  0]LogConfig: Setting CVar [[s.UnregisterComponentsTimeLimit:1.0]]
[2022.09.24-03.54.40:295][  0]LogConfig: Setting CVar [[s.LevelStreamingComponentsUnregistrationGranularity:5]]
[2022.09.24-03.54.40:295][  0]LogConfig: Setting CVar [[s.FlushStreamingOnExit:1]]
[2022.09.24-03.54.40:295][  0]LogConfig: Applying CVar settings from Section [/Script/Engine.GarbageCollectionSettings] File [C:/Users/ethan/Documents/GitHub Repositories/2022/DataArena/ProjectDAGR425/Saved/Config/Windows/Engine.ini]
[2022.09.24-03.54.40:295][  0]LogConfig: Setting CVar [[gc.MaxObjectsNotConsideredByGC:1]]
[2022.09.24-03.54.40:295][  0]LogConfig: Setting CVar [[gc.SizeOfPermanentObjectPool:0]]
[2022.09.24-03.54.40:295][  0]LogConfig: Setting CVar [[gc.FlushStreamingOnGC:0]]
[2022.09.24-03.54.40:295][  0]LogConfig: Setting CVar [[gc.NumRetriesBeforeForcingGC:10]]
[2022.09.24-03.54.40:295][  0]LogConfig: Setting CVar [[gc.AllowParallelGC:1]]
[2022.09.24-03.54.40:295][  0]LogConfig: Setting CVar [[gc.TimeBetweenPurgingPendingKillObjects:61.1]]
[2022.09.24-03.54.40:295][  0]LogConfig: Setting CVar [[gc.MaxObjectsInEditor:25165824]]
[2022.09.24-03.54.40:295][  0]LogConfig: Setting CVar [[gc.IncrementalBeginDestroyEnabled:1]]
[2022.09.24-03.54.40:295][  0]LogConfig: Setting CVar [[gc.CreateGCClusters:1]]
[2022.09.24-03.54.40:295][  0]LogConfig: Setting CVar [[gc.MinGCClusterSize:5]]
[2022.09.24-03.54.40:295][  0]LogConfig: Setting CVar [[gc.ActorClusteringEnabled:0]]
[2022.09.24-03.54.40:295][  0]LogConfig: Setting CVar [[gc.BlueprintClusteringEnabled:0]]
[2022.09.24-03.54.40:295][  0]LogConfig: Setting CVar [[gc.UseDisregardForGCOnDedicatedServers:0]]
[2022.09.24-03.54.40:295][  0]LogConfig: Applying CVar settings from Section [/Script/Engine.NetworkSettings] File [C:/Users/ethan/Documents/GitHub Repositories/2022/DataArena/ProjectDAGR425/Saved/Config/Windows/Engine.ini]
[2022.09.24-03.54.40:295][  0]LogConfig: Applying CVar settings from Section [/Script/UnrealEd.CookerSettings] File [C:/Users/ethan/Documents/GitHub Repositories/2022/DataArena/ProjectDAGR425/Saved/Config/Windows/Engine.ini]
[2022.09.24-03.54.40:297][  0]LogConfig: Applying CVar settings from Section [ViewDistanceQuality@3] File [C:/Users/ethan/Documents/GitHub Repositories/2022/DataArena/ProjectDAGR425/Saved/Config/Windows/Scalability.ini]
[2022.09.24-03.54.40:297][  0]LogConfig: Setting CVar [[r.SkeletalMeshLODBias:0]]
[2022.09.24-03.54.40:297][  0]LogConfig: Setting CVar [[r.ViewDistanceScale:1.0]]
[2022.09.24-03.54.40:297][  0]LogConfig: Applying CVar settings from Section [AntiAliasingQuality@3] File [C:/Users/ethan/Documents/GitHub Repositories/2022/DataArena/ProjectDAGR425/Saved/Config/Windows/Scalability.ini]
[2022.09.24-03.54.40:297][  0]LogConfig: Setting CVar [[r.PostProcessAAQuality:4]]
[2022.09.24-03.54.40:297][  0]LogConfig: Applying CVar settings from Section [ShadowQuality@3] File [C:/Users/ethan/Documents/GitHub Repositories/2022/DataArena/ProjectDAGR425/Saved/Config/Windows/Scalability.ini]
[2022.09.24-03.54.40:297][  0]LogConfig: Setting CVar [[r.LightFunctionQuality:1]]
[2022.09.24-03.54.40:297][  0]LogConfig: Setting CVar [[r.ShadowQuality:5]]
[2022.09.24-03.54.40:297][  0]LogConfig: Setting CVar [[r.Shadow.CSM.MaxCascades:10]]
[2022.09.24-03.54.40:297][  0]LogConfig: Setting CVar [[r.Shadow.MaxResolution:2048]]
[2022.09.24-03.54.40:297][  0]LogConfig: Setting CVar [[r.Shadow.MaxCSMResolution:2048]]
[2022.09.24-03.54.40:297][  0]LogConfig: Setting CVar [[r.Shadow.RadiusThreshold:0.01]]
[2022.09.24-03.54.40:297][  0]LogConfig: Setting CVar [[r.Shadow.DistanceScale:1.0]]
[2022.09.24-03.54.40:297][  0]LogConfig: Setting CVar [[r.Shadow.CSM.TransitionScale:1.0]]
[2022.09.24-03.54.40:297][  0]LogConfig: Setting CVar [[r.Shadow.PreShadowResolutionFactor:1.0]]
[2022.09.24-03.54.40:297][  0]LogConfig: Setting CVar [[r.DistanceFieldShadowing:1]]
[2022.09.24-03.54.40:297][  0]LogConfig: Setting CVar [[r.DistanceFieldAO:1]]
[2022.09.24-03.54.40:297][  0]LogConfig: Setting CVar [[r.AOQuality:2]]
[2022.09.24-03.54.40:297][  0]LogConfig: Setting CVar [[r.VolumetricFog:1]]
[2022.09.24-03.54.40:297][  0]LogConfig: Setting CVar [[r.VolumetricFog.GridPixelSize:8]]
[2022.09.24-03.54.40:297][  0]LogConfig: Setting CVar [[r.VolumetricFog.GridSizeZ:128]]
[2022.09.24-03.54.40:297][  0]LogConfig: Setting CVar [[r.VolumetricFog.HistoryMissSupersampleCount:4]]
[2022.09.24-03.54.40:297][  0]LogConfig: Setting CVar [[r.LightMaxDrawDistanceScale:1]]
[2022.09.24-03.54.40:297][  0]LogConfig: Setting CVar [[r.CapsuleShadows:1]]
[2022.09.24-03.54.40:297][  0]LogConfig: Applying CVar settings from Section [PostProcessQuality@3] File [C:/Users/ethan/Documents/GitHub Repositories/2022/DataArena/ProjectDAGR425/Saved/Config/Windows/Scalability.ini]
[2022.09.24-03.54.40:297][  0]LogConfig: Setting CVar [[r.MotionBlurQuality:4]]
[2022.09.24-03.54.40:297][  0]LogConfig: Setting CVar [[r.AmbientOcclusionMipLevelFactor:0.4]]
[2022.09.24-03.54.40:297][  0]LogConfig: Setting CVar [[r.AmbientOcclusionMaxQuality:100]]
[2022.09.24-03.54.40:297][  0]LogConfig: Setting CVar [[r.AmbientOcclusionLevels:-1]]
[2022.09.24-03.54.40:297][  0]LogConfig: Setting CVar [[r.AmbientOcclusionRadiusScale:1.0]]
[2022.09.24-03.54.40:297][  0]LogConfig: Setting CVar [[r.DepthOfFieldQuality:2]]
[2022.09.24-03.54.40:297][  0]LogConfig: Setting CVar [[r.RenderTargetPoolMin:400]]
[2022.09.24-03.54.40:297][  0]LogConfig: Setting CVar [[r.LensFlareQuality:2]]
[2022.09.24-03.54.40:297][  0]LogConfig: Setting CVar [[r.SceneColorFringeQuality:1]]
[2022.09.24-03.54.40:297][  0]LogConfig: Setting CVar [[r.EyeAdaptationQuality:2]]
[2022.09.24-03.54.40:297][  0]LogConfig: Setting CVar [[r.BloomQuality:5]]
[2022.09.24-03.54.40:297][  0]LogConfig: Setting CVar [[r.FastBlurThreshold:100]]
[2022.09.24-03.54.40:297][  0]LogConfig: Setting CVar [[r.Upscale.Quality:3]]
[2022.09.24-03.54.40:297][  0]LogConfig: Setting CVar [[r.Tonemapper.GrainQuantization:1]]
[2022.09.24-03.54.40:297][  0]LogConfig: Setting CVar [[r.LightShaftQuality:1]]
[2022.09.24-03.54.40:297][  0]LogConfig: Setting CVar [[r.Filter.SizeScale:1]]
[2022.09.24-03.54.40:297][  0]LogConfig: Setting CVar [[r.Tonemapper.Quality:5]]
[2022.09.24-03.54.40:297][  0]LogConfig: Setting CVar [[r.DOF.Gather.AccumulatorQuality:1        ; higher gathering accumulator quality]]
[2022.09.24-03.54.40:297][  0]LogConfig: Setting CVar [[r.DOF.Gather.PostfilterMethod:1          ; Median3x3 postfilering method]]
[2022.09.24-03.54.40:297][  0]LogConfig: Setting CVar [[r.DOF.Gather.EnableBokehSettings:0       ; no bokeh simulation when gathering]]
[2022.09.24-03.54.40:297][  0]LogConfig: Setting CVar [[r.DOF.Gather.RingCount:4                 ; medium number of samples when gathering]]
[2022.09.24-03.54.40:297][  0]LogConfig: Setting CVar [[r.DOF.Scatter.ForegroundCompositing:1    ; additive foreground scattering]]
[2022.09.24-03.54.40:297][  0]LogConfig: Setting CVar [[r.DOF.Scatter.BackgroundCompositing:2    ; additive background scattering]]
[2022.09.24-03.54.40:297][  0]LogConfig: Setting CVar [[r.DOF.Scatter.EnableBokehSettings:1      ; bokeh simulation when scattering]]
[2022.09.24-03.54.40:297][  0]LogConfig: Setting CVar [[r.DOF.Scatter.MaxSpriteRatio:0.1         ; only a maximum of 10% of scattered bokeh]]
[2022.09.24-03.54.40:297][  0]LogConfig: Setting CVar [[r.DOF.Recombine.Quality:1                ; cheap slight out of focus]]
[2022.09.24-03.54.40:297][  0]LogConfig: Setting CVar [[r.DOF.Recombine.EnableBokehSettings:0    ; no bokeh simulation on slight out of focus]]
[2022.09.24-03.54.40:297][  0]LogConfig: Setting CVar [[r.DOF.TemporalAAQuality:1                ; more stable temporal accumulation]]
[2022.09.24-03.54.40:297][  0]LogConfig: Setting CVar [[r.DOF.Kernel.MaxForegroundRadius:0.025]]
[2022.09.24-03.54.40:297][  0]LogConfig: Setting CVar [[r.DOF.Kernel.MaxBackgroundRadius:0.025]]
[2022.09.24-03.54.40:297][  0]LogConfig: Applying CVar settings from Section [TextureQuality@3] File [C:/Users/ethan/Documents/GitHub Repositories/2022/DataArena/ProjectDAGR425/Saved/Config/Windows/Scalability.ini]
[2022.09.24-03.54.40:297][  0]LogConfig: Setting CVar [[r.Streaming.MipBias:0]]
[2022.09.24-03.54.40:298][  0]LogConfig: Setting CVar [[r.Streaming.AmortizeCPUToGPUCopy:0]]
[2022.09.24-03.54.40:298][  0]LogConfig: Setting CVar [[r.Streaming.MaxNumTexturesToStreamPerFrame:0]]
[2022.09.24-03.54.40:298][  0]LogConfig: Setting CVar [[r.Streaming.Boost:1]]
[2022.09.24-03.54.40:298][  0]LogConfig: Setting CVar [[r.MaxAnisotropy:8]]
[2022.09.24-03.54.40:298][  0]LogConfig: Setting CVar [[r.VT.MaxAnisotropy:8]]
[2022.09.24-03.54.40:298][  0]LogConfig: Setting CVar [[r.Streaming.LimitPoolSizeToVRAM:0]]
[2022.09.24-03.54.40:298][  0]LogConfig: Setting CVar [[r.Streaming.PoolSize:1000]]
[2022.09.24-03.54.40:298][  0]LogConfig: Setting CVar [[r.Streaming.MaxEffectiveScreenSize:0]]
[2022.09.24-03.54.40:298][  0]LogConfig: Applying CVar settings from Section [EffectsQuality@3] File [C:/Users/ethan/Documents/GitHub Repositories/2022/DataArena/ProjectDAGR425/Saved/Config/Windows/Scalability.ini]
[2022.09.24-03.54.40:298][  0]LogConfig: Setting CVar [[r.TranslucencyLightingVolumeDim:64]]
[2022.09.24-03.54.40:298][  0]LogConfig: Setting CVar [[r.RefractionQuality:2]]
[2022.09.24-03.54.40:298][  0]LogConfig: Setting CVar [[r.SSR.Quality:3]]
[2022.09.24-03.54.40:298][  0]LogConfig: Setting CVar [[r.SSR.HalfResSceneColor:0]]
[2022.09.24-03.54.40:298][  0]LogConfig: Setting CVar [[r.SceneColorFormat:4]]
[2022.09.24-03.54.40:298][  0]LogConfig: Setting CVar [[r.DetailMode:2]]
[2022.09.24-03.54.40:298][  0]LogConfig: Setting CVar [[r.TranslucencyVolumeBlur:1]]
[2022.09.24-03.54.40:298][  0]LogConfig: Setting CVar [[r.MaterialQualityLevel:1 ; High quality]]
[2022.09.24-03.54.40:298][  0]LogConfig: Setting CVar [[r.SSS.Scale:1]]
[2022.09.24-03.54.40:298][  0]LogConfig: Setting CVar [[r.SSS.SampleSet:2]]
[2022.09.24-03.54.40:298][  0]LogConfig: Setting CVar [[r.SSS.Quality:1]]
[2022.09.24-03.54.40:298][  0]LogConfig: Setting CVar [[r.SSS.HalfRes:0]]
[2022.09.24-03.54.40:298][  0]LogConfig: Setting CVar [[r.SSGI.Quality:3]]
[2022.09.24-03.54.40:298][  0]LogConfig: Setting CVar [[r.EmitterSpawnRateScale:1.0]]
[2022.09.24-03.54.40:298][  0]LogConfig: Setting CVar [[r.ParticleLightQuality:2]]
[2022.09.24-03.54.40:298][  0]LogConfig: Setting CVar [[r.SkyAtmosphere.AerialPerspectiveLUT.FastApplyOnOpaque:1 ; Always have FastSkyLUT 1 in this case to avoid wrong sky]]
[2022.09.24-03.54.40:298][  0]LogConfig: Setting CVar [[r.SkyAtmosphere.AerialPerspectiveLUT.SampleCountPerSlice:1]]
[2022.09.24-03.54.40:298][  0]LogConfig: Setting CVar [[r.SkyAtmosphere.AerialPerspectiveLUT.DepthResolution:16.0]]
[2022.09.24-03.54.40:298][  0]LogConfig: Setting CVar [[r.SkyAtmosphere.FastSkyLUT:1]]
[2022.09.24-03.54.40:298][  0]LogConfig: Setting CVar [[r.SkyAtmosphere.FastSkyLUT.SampleCountMin:4.0]]
[2022.09.24-03.54.40:298][  0]LogConfig: Setting CVar [[r.SkyAtmosphere.FastSkyLUT.SampleCountMax:32.0]]
[2022.09.24-03.54.40:298][  0]LogConfig: Setting CVar [[r.SkyAtmosphere.SampleCountMin:4.0]]
[2022.09.24-03.54.40:298][  0]LogConfig: Setting CVar [[r.SkyAtmosphere.SampleCountMax:32.0]]
[2022.09.24-03.54.40:298][  0]LogConfig: Setting CVar [[r.SkyAtmosphere.TransmittanceLUT.UseSmallFormat:0]]
[2022.09.24-03.54.40:298][  0]LogConfig: Setting CVar [[r.SkyAtmosphere.TransmittanceLUT.SampleCount:10.0]]
[2022.09.24-03.54.40:298][  0]LogConfig: Setting CVar [[r.SkyAtmosphere.MultiScatteringLUT.SampleCount:15.0]]
[2022.09.24-03.54.40:298][  0]LogConfig: Applying CVar settings from Section [FoliageQuality@3] File [C:/Users/ethan/Documents/GitHub Repositories/2022/DataArena/ProjectDAGR425/Saved/Config/Windows/Scalability.ini]
[2022.09.24-03.54.40:298][  0]LogConfig: Setting CVar [[foliage.DensityScale:1.0]]
[2022.09.24-03.54.40:298][  0]LogConfig: Setting CVar [[grass.DensityScale:1.0]]
[2022.09.24-03.54.40:298][  0]LogConfig: Applying CVar settings from Section [ShadingQuality@3] File [C:/Users/ethan/Documents/GitHub Repositories/2022/DataArena/ProjectDAGR425/Saved/Config/Windows/Scalability.ini]
[2022.09.24-03.54.40:298][  0]LogConfig: Setting CVar [[r.HairStrands.SkyLighting.SampleCount:16]]
[2022.09.24-03.54.40:298][  0]LogConfig: Setting CVar [[r.HairStrands.SkyLighting.JitterIntegration:0]]
[2022.09.24-03.54.40:298][  0]LogConfig: Setting CVar [[r.HairStrands.SkyAO.SampleCount:16]]
[2022.09.24-03.54.40:298][  0]LogConfig: Setting CVar [[r.HairStrands.DeepShadow.SuperSampling:0]]
[2022.09.24-03.54.40:298][  0]LogConfig: Setting CVar [[r.HairStrands.VisibilityPPLL:0]]
[2022.09.24-03.54.40:298][  0]LogConfig: Setting CVar [[r.HairStrands.RasterizationScale:0.5]]
[2022.09.24-03.54.40:298][  0]LogConfig: Setting CVar [[r.HairStrands.VelocityRasterizationScale:1]]
[2022.09.24-03.54.40:298][  0]LogInit: Selected Device Profile: [Windows]
[2022.09.24-03.54.40:298][  0]LogInit: Applying CVar settings loaded from the selected device profile: [Windows]
[2022.09.24-03.54.40:299][  0]LogHAL: Display: Platform has ~ 32 GB [34281979904 / 34359738368 / 32], which maps to Largest [LargestMinGB=32, LargerMinGB=12, DefaultMinGB=8, SmallerMinGB=6, SmallestMinGB=0)
[2022.09.24-03.54.40:299][  0]LogInit: Going up to parent DeviceProfile []
[2022.09.24-03.54.40:299][  0]LogConfig: Applying CVar settings from Section [ViewDistanceQuality@3] File [C:/Users/ethan/Documents/GitHub Repositories/2022/DataArena/ProjectDAGR425/Saved/Config/Windows/Scalability.ini]
[2022.09.24-03.54.40:299][  0]LogConfig: Setting CVar [[r.SkeletalMeshLODBias:0]]
[2022.09.24-03.54.40:299][  0]LogConfig: Setting CVar [[r.ViewDistanceScale:1.0]]
[2022.09.24-03.54.40:299][  0]LogConfig: Applying CVar settings from Section [AntiAliasingQuality@3] File [C:/Users/ethan/Documents/GitHub Repositories/2022/DataArena/ProjectDAGR425/Saved/Config/Windows/Scalability.ini]
[2022.09.24-03.54.40:299][  0]LogConfig: Setting CVar [[r.PostProcessAAQuality:4]]
[2022.09.24-03.54.40:299][  0]LogConfig: Applying CVar settings from Section [ShadowQuality@3] File [C:/Users/ethan/Documents/GitHub Repositories/2022/DataArena/ProjectDAGR425/Saved/Config/Windows/Scalability.ini]
[2022.09.24-03.54.40:299][  0]LogConfig: Setting CVar [[r.LightFunctionQuality:1]]
[2022.09.24-03.54.40:299][  0]LogConfig: Setting CVar [[r.ShadowQuality:5]]
[2022.09.24-03.54.40:299][  0]LogConfig: Setting CVar [[r.Shadow.CSM.MaxCascades:10]]
[2022.09.24-03.54.40:299][  0]LogConfig: Setting CVar [[r.Shadow.MaxResolution:2048]]
[2022.09.24-03.54.40:299][  0]LogConfig: Setting CVar [[r.Shadow.MaxCSMResolution:2048]]
[2022.09.24-03.54.40:299][  0]LogConfig: Setting CVar [[r.Shadow.RadiusThreshold:0.01]]
[2022.09.24-03.54.40:299][  0]LogConfig: Setting CVar [[r.Shadow.DistanceScale:1.0]]
[2022.09.24-03.54.40:299][  0]LogConfig: Setting CVar [[r.Shadow.CSM.TransitionScale:1.0]]
[2022.09.24-03.54.40:299][  0]LogConfig: Setting CVar [[r.Shadow.PreShadowResolutionFactor:1.0]]
[2022.09.24-03.54.40:299][  0]LogConfig: Setting CVar [[r.DistanceFieldShadowing:1]]
[2022.09.24-03.54.40:299][  0]LogConfig: Setting CVar [[r.DistanceFieldAO:1]]
[2022.09.24-03.54.40:299][  0]LogConfig: Setting CVar [[r.AOQuality:2]]
[2022.09.24-03.54.40:299][  0]LogConfig: Setting CVar [[r.VolumetricFog:1]]
[2022.09.24-03.54.40:299][  0]LogConfig: Setting CVar [[r.VolumetricFog.GridPixelSize:8]]
[2022.09.24-03.54.40:299][  0]LogConfig: Setting CVar [[r.VolumetricFog.GridSizeZ:128]]
[2022.09.24-03.54.40:299][  0]LogConfig: Setting CVar [[r.VolumetricFog.HistoryMissSupersampleCount:4]]
[2022.09.24-03.54.40:299][  0]LogConfig: Setting CVar [[r.LightMaxDrawDistanceScale:1]]
[2022.09.24-03.54.40:299][  0]LogConfig: Setting CVar [[r.CapsuleShadows:1]]
[2022.09.24-03.54.40:299][  0]LogConfig: Applying CVar settings from Section [PostProcessQuality@3] File [C:/Users/ethan/Documents/GitHub Repositories/2022/DataArena/ProjectDAGR425/Saved/Config/Windows/Scalability.ini]
[2022.09.24-03.54.40:299][  0]LogConfig: Setting CVar [[r.MotionBlurQuality:4]]
[2022.09.24-03.54.40:299][  0]LogConfig: Setting CVar [[r.AmbientOcclusionMipLevelFactor:0.4]]
[2022.09.24-03.54.40:299][  0]LogConfig: Setting CVar [[r.AmbientOcclusionMaxQuality:100]]
[2022.09.24-03.54.40:299][  0]LogConfig: Setting CVar [[r.AmbientOcclusionLevels:-1]]
[2022.09.24-03.54.40:299][  0]LogConfig: Setting CVar [[r.AmbientOcclusionRadiusScale:1.0]]
[2022.09.24-03.54.40:299][  0]LogConfig: Setting CVar [[r.DepthOfFieldQuality:2]]
[2022.09.24-03.54.40:299][  0]LogConfig: Setting CVar [[r.RenderTargetPoolMin:400]]
[2022.09.24-03.54.40:299][  0]LogConfig: Setting CVar [[r.LensFlareQuality:2]]
[2022.09.24-03.54.40:299][  0]LogConfig: Setting CVar [[r.SceneColorFringeQuality:1]]
[2022.09.24-03.54.40:299][  0]LogConfig: Setting CVar [[r.EyeAdaptationQuality:2]]
[2022.09.24-03.54.40:299][  0]LogConfig: Setting CVar [[r.BloomQuality:5]]
[2022.09.24-03.54.40:299][  0]LogConfig: Setting CVar [[r.FastBlurThreshold:100]]
[2022.09.24-03.54.40:299][  0]LogConfig: Setting CVar [[r.Upscale.Quality:3]]
[2022.09.24-03.54.40:299][  0]LogConfig: Setting CVar [[r.Tonemapper.GrainQuantization:1]]
[2022.09.24-03.54.40:299][  0]LogConfig: Setting CVar [[r.LightShaftQuality:1]]
[2022.09.24-03.54.40:299][  0]LogConfig: Setting CVar [[r.Filter.SizeScale:1]]
[2022.09.24-03.54.40:299][  0]LogConfig: Setting CVar [[r.Tonemapper.Quality:5]]
[2022.09.24-03.54.40:299][  0]LogConfig: Setting CVar [[r.DOF.Gather.AccumulatorQuality:1        ; higher gathering accumulator quality]]
[2022.09.24-03.54.40:299][  0]LogConfig: Setting CVar [[r.DOF.Gather.PostfilterMethod:1          ; Median3x3 postfilering method]]
[2022.09.24-03.54.40:299][  0]LogConfig: Setting CVar [[r.DOF.Gather.EnableBokehSettings:0       ; no bokeh simulation when gathering]]
[2022.09.24-03.54.40:299][  0]LogConfig: Setting CVar [[r.DOF.Gather.RingCount:4                 ; medium number of samples when gathering]]
[2022.09.24-03.54.40:299][  0]LogConfig: Setting CVar [[r.DOF.Scatter.ForegroundCompositing:1    ; additive foreground scattering]]
[2022.09.24-03.54.40:299][  0]LogConfig: Setting CVar [[r.DOF.Scatter.BackgroundCompositing:2    ; additive background scattering]]
[2022.09.24-03.54.40:299][  0]LogConfig: Setting CVar [[r.DOF.Scatter.EnableBokehSettings:1      ; bokeh simulation when scattering]]
[2022.09.24-03.54.40:299][  0]LogConfig: Setting CVar [[r.DOF.Scatter.MaxSpriteRatio:0.1         ; only a maximum of 10% of scattered bokeh]]
[2022.09.24-03.54.40:299][  0]LogConfig: Setting CVar [[r.DOF.Recombine.Quality:1                ; cheap slight out of focus]]
[2022.09.24-03.54.40:299][  0]LogConfig: Setting CVar [[r.DOF.Recombine.EnableBokehSettings:0    ; no bokeh simulation on slight out of focus]]
[2022.09.24-03.54.40:299][  0]LogConfig: Setting CVar [[r.DOF.TemporalAAQuality:1                ; more stable temporal accumulation]]
[2022.09.24-03.54.40:299][  0]LogConfig: Setting CVar [[r.DOF.Kernel.MaxForegroundRadius:0.025]]
[2022.09.24-03.54.40:299][  0]LogConfig: Setting CVar [[r.DOF.Kernel.MaxBackgroundRadius:0.025]]
[2022.09.24-03.54.40:299][  0]LogConfig: Applying CVar settings from Section [TextureQuality@3] File [C:/Users/ethan/Documents/GitHub Repositories/2022/DataArena/ProjectDAGR425/Saved/Config/Windows/Scalability.ini]
[2022.09.24-03.54.40:299][  0]LogConfig: Setting CVar [[r.Streaming.MipBias:0]]
[2022.09.24-03.54.40:299][  0]LogConfig: Setting CVar [[r.Streaming.AmortizeCPUToGPUCopy:0]]
[2022.09.24-03.54.40:299][  0]LogConfig: Setting CVar [[r.Streaming.MaxNumTexturesToStreamPerFrame:0]]
[2022.09.24-03.54.40:299][  0]LogConfig: Setting CVar [[r.Streaming.Boost:1]]
[2022.09.24-03.54.40:299][  0]LogConfig: Setting CVar [[r.MaxAnisotropy:8]]
[2022.09.24-03.54.40:299][  0]LogConfig: Setting CVar [[r.VT.MaxAnisotropy:8]]
[2022.09.24-03.54.40:299][  0]LogConfig: Setting CVar [[r.Streaming.LimitPoolSizeToVRAM:0]]
[2022.09.24-03.54.40:299][  0]LogConfig: Setting CVar [[r.Streaming.PoolSize:1000]]
[2022.09.24-03.54.40:299][  0]LogConfig: Setting CVar [[r.Streaming.MaxEffectiveScreenSize:0]]
[2022.09.24-03.54.40:299][  0]LogConfig: Applying CVar settings from Section [EffectsQuality@3] File [C:/Users/ethan/Documents/GitHub Repositories/2022/DataArena/ProjectDAGR425/Saved/Config/Windows/Scalability.ini]
[2022.09.24-03.54.40:299][  0]LogConfig: Setting CVar [[r.TranslucencyLightingVolumeDim:64]]
[2022.09.24-03.54.40:299][  0]LogConfig: Setting CVar [[r.RefractionQuality:2]]
[2022.09.24-03.54.40:299][  0]LogConfig: Setting CVar [[r.SSR.Quality:3]]
[2022.09.24-03.54.40:299][  0]LogConfig: Setting CVar [[r.SSR.HalfResSceneColor:0]]
[2022.09.24-03.54.40:299][  0]LogConfig: Setting CVar [[r.SceneColorFormat:4]]
[2022.09.24-03.54.40:299][  0]LogConfig: Setting CVar [[r.DetailMode:2]]
[2022.09.24-03.54.40:299][  0]LogConfig: Setting CVar [[r.TranslucencyVolumeBlur:1]]
[2022.09.24-03.54.40:299][  0]LogConfig: Setting CVar [[r.MaterialQualityLevel:1 ; High quality]]
[2022.09.24-03.54.40:299][  0]LogConfig: Setting CVar [[r.SSS.Scale:1]]
[2022.09.24-03.54.40:299][  0]LogConfig: Setting CVar [[r.SSS.SampleSet:2]]
[2022.09.24-03.54.40:299][  0]LogConfig: Setting CVar [[r.SSS.Quality:1]]
[2022.09.24-03.54.40:299][  0]LogConfig: Setting CVar [[r.SSS.HalfRes:0]]
[2022.09.24-03.54.40:299][  0]LogConfig: Setting CVar [[r.SSGI.Quality:3]]
[2022.09.24-03.54.40:299][  0]LogConfig: Setting CVar [[r.EmitterSpawnRateScale:1.0]]
[2022.09.24-03.54.40:299][  0]LogConfig: Setting CVar [[r.ParticleLightQuality:2]]
[2022.09.24-03.54.40:299][  0]LogConfig: Setting CVar [[r.SkyAtmosphere.AerialPerspectiveLUT.FastApplyOnOpaque:1 ; Always have FastSkyLUT 1 in this case to avoid wrong sky]]
[2022.09.24-03.54.40:299][  0]LogConfig: Setting CVar [[r.SkyAtmosphere.AerialPerspectiveLUT.SampleCountPerSlice:1]]
[2022.09.24-03.54.40:299][  0]LogConfig: Setting CVar [[r.SkyAtmosphere.AerialPerspectiveLUT.DepthResolution:16.0]]
[2022.09.24-03.54.40:299][  0]LogConfig: Setting CVar [[r.SkyAtmosphere.FastSkyLUT:1]]
[2022.09.24-03.54.40:299][  0]LogConfig: Setting CVar [[r.SkyAtmosphere.FastSkyLUT.SampleCountMin:4.0]]
[2022.09.24-03.54.40:299][  0]LogConfig: Setting CVar [[r.SkyAtmosphere.FastSkyLUT.SampleCountMax:32.0]]
[2022.09.24-03.54.40:299][  0]LogConfig: Setting CVar [[r.SkyAtmosphere.SampleCountMin:4.0]]
[2022.09.24-03.54.40:299][  0]LogConfig: Setting CVar [[r.SkyAtmosphere.SampleCountMax:32.0]]
[2022.09.24-03.54.40:299][  0]LogConfig: Setting CVar [[r.SkyAtmosphere.TransmittanceLUT.UseSmallFormat:0]]
[2022.09.24-03.54.40:299][  0]LogConfig: Setting CVar [[r.SkyAtmosphere.TransmittanceLUT.SampleCount:10.0]]
[2022.09.24-03.54.40:299][  0]LogConfig: Setting CVar [[r.SkyAtmosphere.MultiScatteringLUT.SampleCount:15.0]]
[2022.09.24-03.54.40:299][  0]LogConfig: Applying CVar settings from Section [FoliageQuality@3] File [C:/Users/ethan/Documents/GitHub Repositories/2022/DataArena/ProjectDAGR425/Saved/Config/Windows/Scalability.ini]
[2022.09.24-03.54.40:299][  0]LogConfig: Setting CVar [[foliage.DensityScale:1.0]]
[2022.09.24-03.54.40:299][  0]LogConfig: Setting CVar [[grass.DensityScale:1.0]]
[2022.09.24-03.54.40:299][  0]LogConfig: Applying CVar settings from Section [ShadingQuality@3] File [C:/Users/ethan/Documents/GitHub Repositories/2022/DataArena/ProjectDAGR425/Saved/Config/Windows/Scalability.ini]
[2022.09.24-03.54.40:299][  0]LogConfig: Setting CVar [[r.HairStrands.SkyLighting.SampleCount:16]]
[2022.09.24-03.54.40:299][  0]LogConfig: Setting CVar [[r.HairStrands.SkyLighting.JitterIntegration:0]]
[2022.09.24-03.54.40:299][  0]LogConfig: Setting CVar [[r.HairStrands.SkyAO.SampleCount:16]]
[2022.09.24-03.54.40:299][  0]LogConfig: Setting CVar [[r.HairStrands.DeepShadow.SuperSampling:0]]
[2022.09.24-03.54.40:299][  0]LogConfig: Setting CVar [[r.HairStrands.VisibilityPPLL:0]]
[2022.09.24-03.54.40:299][  0]LogConfig: Setting CVar [[r.HairStrands.RasterizationScale:0.5]]
[2022.09.24-03.54.40:299][  0]LogConfig: Setting CVar [[r.HairStrands.VelocityRasterizationScale:1]]
[2022.09.24-03.54.40:299][  0]LogConfig: Applying CVar settings from Section [Startup] File [../../../Engine/Config/ConsoleVariables.ini]
[2022.09.24-03.54.40:300][  0]LogConfig: Setting CVar [[net.UseAdaptiveNetUpdateFrequency:0]]
[2022.09.24-03.54.40:300][  0]LogConfig: Setting CVar [[p.chaos.AllowCreatePhysxBodies:1]]
[2022.09.24-03.54.40:300][  0]LogConfig: Setting CVar [[fx.SkipVectorVMBackendOptimizations:1]]
[2022.09.24-03.54.40:300][  0]LogConfig: Applying CVar settings from Section [ConsoleVariables] File [C:/Users/ethan/Documents/GitHub Repositories/2022/DataArena/ProjectDAGR425/Saved/Config/Windows/Engine.ini]
[2022.09.24-03.54.40:300][  0]LogInit: Computer: ETHAN-DESKTOP
[2022.09.24-03.54.40:300][  0]LogInit: User: ethan
[2022.09.24-03.54.40:300][  0]LogInit: CPU Page size=4096, Cores=8
[2022.09.24-03.54.40:300][  0]LogInit: High frequency timer resolution =10.000000 MHz
[2022.09.24-03.54.40:300][  0]LogMemory: Memory total: Physical=31.9GB (32GB approx)
[2022.09.24-03.54.40:300][  0]LogMemory: Platform Memory Stats for Windows
[2022.09.24-03.54.40:300][  0]LogMemory: Process Physical Memory: 126.56 MB used, 126.57 MB peak
[2022.09.24-03.54.40:300][  0]LogMemory: Process Virtual Memory: 110.97 MB used, 110.97 MB peak
[2022.09.24-03.54.40:300][  0]LogMemory: Physical Memory: 10801.35 MB used,  21892.50 MB free, 32693.84 MB total
[2022.09.24-03.54.40:300][  0]LogMemory: Virtual Memory: 5262.77 MB used,  134212464.00 MB free, 134217728.00 MB total
[2022.09.24-03.54.40:304][  0]LogWindows: WindowsPlatformFeatures enabled
[2022.09.24-03.54.40:512][  0]LogInit: Physics initialised using underlying interface: PhysX
[2022.09.24-03.54.40:514][  0]LogInit: Using OS detected language (en-US).
[2022.09.24-03.54.40:514][  0]LogInit: Using OS detected locale (en-AU).
[2022.09.24-03.54.40:526][  0]LogTextLocalizationManager: No specific localization for 'en-US' exists, so the 'en' localization will be used.
[2022.09.24-03.54.40:706][  0]LogInit: Setting process to per monitor DPI aware
[2022.09.24-03.54.40:787][  0]LogSlate: New Slate User Created.  User Index 0, Is Virtual User: 0
[2022.09.24-03.54.40:787][  0]LogSlate: Slate User Registered.  User Index 0, Is Virtual User: 0
[2022.09.24-03.54.42:421][  0]LogHMD: Failed to initialize OpenVR with code 110
[2022.09.24-03.54.42:421][  0]LogD3D11RHI: D3D11 min allowed feature level: 11_0
[2022.09.24-03.54.42:421][  0]LogD3D11RHI: D3D11 max allowed feature level: 11_0
[2022.09.24-03.54.42:421][  0]LogD3D11RHI: D3D11 adapters:
[2022.09.24-03.54.42:500][  0]LogD3D11RHI:    0. 'NVIDIA GeForce RTX 3070' (Feature Level 11_0)
[2022.09.24-03.54.42:500][  0]LogD3D11RHI:       8043/0/16346 MB DedicatedVideo/DedicatedSystem/SharedSystem, Outputs:1, VendorId:0x10de
[2022.09.24-03.54.42:503][  0]LogD3D11RHI:    1. 'Microsoft Basic Render Driver' (Feature Level 11_0)
[2022.09.24-03.54.42:503][  0]LogD3D11RHI:       0/0/16346 MB DedicatedVideo/DedicatedSystem/SharedSystem, Outputs:0, VendorId:0x1414
[2022.09.24-03.54.42:503][  0]LogD3D11RHI: Chosen D3D11 Adapter: 0
[2022.09.24-03.54.42:509][  0]LogD3D11RHI: Creating new Direct3DDevice
[2022.09.24-03.54.42:509][  0]LogD3D11RHI:     GPU DeviceId: 0x2484 (for the marketing name, search the web for "GPU Device Id")
[2022.09.24-03.54.42:509][  0]LogWindows: EnumDisplayDevices:
[2022.09.24-03.54.42:509][  0]LogWindows:    0. 'NVIDIA GeForce RTX 3070' (P:1 D:1)
[2022.09.24-03.54.42:509][  0]LogWindows:    1. 'NVIDIA GeForce RTX 3070' (P:0 D:0)
[2022.09.24-03.54.42:509][  0]LogWindows:    2. 'NVIDIA GeForce RTX 3070' (P:0 D:0)
[2022.09.24-03.54.42:509][  0]LogWindows:    3. 'NVIDIA GeForce RTX 3070' (P:0 D:0)
[2022.09.24-03.54.42:509][  0]LogWindows: DebugString: FoundDriverCount:4 
[2022.09.24-03.54.42:509][  0]LogD3D11RHI:     Adapter Name: NVIDIA GeForce RTX 3070
[2022.09.24-03.54.42:509][  0]LogD3D11RHI:   Driver Version: 516.94 (internal:31.0.15.1694, unified:516.94)
[2022.09.24-03.54.42:509][  0]LogD3D11RHI:      Driver Date: 7-21-2022
[2022.09.24-03.54.42:509][  0]LogRHI: Texture pool is 5630 MB (70% of 8043 MB)
[2022.09.24-03.54.42:554][  0]LogD3D11RHI: RHI has support for 64 bit atomics
[2022.09.24-03.54.42:554][  0]LogD3D11RHI: Async texture creation enabled
[2022.09.24-03.54.42:554][  0]LogD3D11RHI: Array index from any shader is supported
[2022.09.24-03.54.42:580][  0]LogD3D11RHI: GPU Timing Frequency: 1000.000000 (Debug: 2 1)
[2022.09.24-03.54.42:775][  0]LogTargetPlatformManager: Display: Loaded TargetPlatform 'AllDesktop'
[2022.09.24-03.54.42:804][  0]LogTargetPlatformManager: Display: Loaded TargetPlatform 'Android'
[2022.09.24-03.54.42:804][  0]LogTargetPlatformManager: Display: Loaded TargetPlatform 'Android_ASTC'
[2022.09.24-03.54.42:804][  0]LogTargetPlatformManager: Display: Loaded TargetPlatform 'Android_DXT'
[2022.09.24-03.54.42:804][  0]LogTargetPlatformManager: Display: Loaded TargetPlatform 'Android_ETC2'
[2022.09.24-03.54.42:804][  0]LogTargetPlatformManager: Display: Loaded TargetPlatform 'AndroidClient'
[2022.09.24-03.54.42:804][  0]LogTargetPlatformManager: Display: Loaded TargetPlatform 'Android_ASTCClient'
[2022.09.24-03.54.42:804][  0]LogTargetPlatformManager: Display: Loaded TargetPlatform 'Android_DXTClient'
[2022.09.24-03.54.42:804][  0]LogTargetPlatformManager: Display: Loaded TargetPlatform 'Android_ETC2Client'
[2022.09.24-03.54.42:804][  0]LogTargetPlatformManager: Display: Loaded TargetPlatform 'Android_Multi'
[2022.09.24-03.54.42:804][  0]LogTargetPlatformManager: Display: Loaded TargetPlatform 'Android_MultiClient'
[2022.09.24-03.54.42:853][  0]LogTargetPlatformManager: Display: Loaded TargetPlatform 'IOSClient'
[2022.09.24-03.54.42:853][  0]LogTargetPlatformManager: Display: Loaded TargetPlatform 'IOS'
[2022.09.24-03.54.42:871][  0]LogTargetPlatformManager: Display: Loaded TargetPlatform 'Linux'
[2022.09.24-03.54.42:888][  0]LogTargetPlatformManager: Display: Loaded TargetPlatform 'LinuxNoEditor'
[2022.09.24-03.54.42:904][  0]LogTargetPlatformManager: Display: Loaded TargetPlatform 'LinuxClient'
[2022.09.24-03.54.42:920][  0]LogTargetPlatformManager: Display: Loaded TargetPlatform 'LinuxServer'
[2022.09.24-03.54.42:936][  0]LogTargetPlatformManager: Display: Loaded TargetPlatform 'LinuxAArch64NoEditor'
[2022.09.24-03.54.42:952][  0]LogTargetPlatformManager: Display: Loaded TargetPlatform 'LinuxAArch64Client'
[2022.09.24-03.54.42:968][  0]LogTargetPlatformManager: Display: Loaded TargetPlatform 'LinuxAArch64Server'
[2022.09.24-03.54.42:999][  0]LogTargetPlatformManager: Display: Loaded TargetPlatform 'Lumin'
[2022.09.24-03.54.42:999][  0]LogTargetPlatformManager: Display: Loaded TargetPlatform 'LuminClient'
[2022.09.24-03.54.43:020][  0]LogTargetPlatformManager: Display: Loaded TargetPlatform 'TVOSClient'
[2022.09.24-03.54.43:020][  0]LogTargetPlatformManager: Display: Loaded TargetPlatform 'TVOS'
[2022.09.24-03.54.43:038][  0]LogTargetPlatformManager: Display: Loaded TargetPlatform 'WindowsNoEditor'
[2022.09.24-03.54.43:055][  0]LogTargetPlatformManager: Display: Loaded TargetPlatform 'Windows'
[2022.09.24-03.54.43:071][  0]LogTargetPlatformManager: Display: Loaded TargetPlatform 'WindowsClient'
[2022.09.24-03.54.43:088][  0]LogTargetPlatformManager: Display: Loaded TargetPlatform 'WindowsServer'
[2022.09.24-03.54.43:088][  0]LogTargetPlatformManager: Display: Building Assets For Windows
[2022.09.24-03.54.43:134][  0]LogAudioDebug: Display: Lib vorbis DLL was dynamically loaded.
[2022.09.24-03.54.43:375][  0]LogShaderCompilers: Guid format shader working directory is -43 characters bigger than the processId version (../../../../../../Users/ethan/Documents/GitHub Repositories/2022/DataArena/ProjectDAGR425/Intermediate/Shaders/WorkingDirectory/7368/).
[2022.09.24-03.54.43:375][  0]LogShaderCompilers: Cleaned the shader compiler working directory 'C:/Users/ethan/AppData/Local/Temp/UnrealShaderWorkingDir/564601E44FAAC3B8B07CA59CA92E3DC9/'.
[2022.09.24-03.54.43:376][  0]LogXGEController: Cleaning working directory: C:/Users/ethan/AppData/Local/Temp/UnrealXGEWorkingDir/
[2022.09.24-03.54.43:377][  0]LogXGEController: Cannot use XGE Controller as Incredibuild is not installed on this machine.
[2022.09.24-03.54.43:377][  0]LogShaderCompilers: Cannot use XGE Shader Compiler as Incredibuild is not installed on this machine.
[2022.09.24-03.54.43:377][  0]LogShaderCompilers: Display: Using Local Shader Compiler.
[2022.09.24-03.54.45:242][  0]LogDerivedDataCache: Display: Max Cache Size: 512 MB
[2022.09.24-03.54.45:286][  0]LogDerivedDataCache: Loaded boot cache 0.04s 76MB C:/Users/ethan/AppData/Local/UnrealEngine/4.25/DerivedDataCache/Boot.ddc.
[2022.09.24-03.54.45:286][  0]LogDerivedDataCache: Display: Loaded Boot cache: C:/Users/ethan/AppData/Local/UnrealEngine/4.25/DerivedDataCache/Boot.ddc
[2022.09.24-03.54.45:286][  0]LogDerivedDataCache: FDerivedDataBackendGraph:  Pak pak cache file ../../../../../../Users/ethan/Documents/GitHub Repositories/2022/DataArena/ProjectDAGR425/DerivedDataCache/DDC.ddp not found, will not use a pak cache.
[2022.09.24-03.54.45:286][  0]LogDerivedDataCache: Unable to find inner node Pak for hierarchical cache Hierarchy.
[2022.09.24-03.54.45:286][  0]LogDerivedDataCache: FDerivedDataBackendGraph:  CompressedPak pak cache file ../../../../../../Users/ethan/Documents/GitHub Repositories/2022/DataArena/ProjectDAGR425/DerivedDataCache/Compressed.ddp not found, will not use a pak cache.
[2022.09.24-03.54.45:286][  0]LogDerivedDataCache: Unable to find inner node CompressedPak for hierarchical cache Hierarchy.
[2022.09.24-03.54.45:301][  0]LogDerivedDataCache: Display: Pak cache opened for reading ../../../Engine/DerivedDataCache/Compressed.ddp.
[2022.09.24-03.54.45:301][  0]LogDerivedDataCache: FDerivedDataBackendGraph:  EnterprisePak pak cache file ../../../Enterprise/DerivedDataCache/Compressed.ddp not found, will not use a pak cache.
[2022.09.24-03.54.45:301][  0]LogDerivedDataCache: Unable to find inner node EnterprisePak for hierarchical cache Hierarchy.
[2022.09.24-03.54.45:302][  0]LogDerivedDataCache: Using Local data cache path C:/Users/ethan/AppData/Local/UnrealEngine/Common/DerivedDataCache: Writable
[2022.09.24-03.54.45:302][  0]LogDerivedDataCache: Shared data cache path not found in *engine.ini, will not use an Shared cache.
[2022.09.24-03.54.45:302][  0]LogDerivedDataCache: Unable to find inner node Shared for hierarchical cache Hierarchy.
[2022.09.24-03.54.45:339][  0]LogSlate: Using FreeType 2.10.0
[2022.09.24-03.54.45:350][  0]LogSlate: SlateFontServices - WITH_FREETYPE: 1, WITH_HARFBUZZ: 1
[2022.09.24-03.54.45:381][  0]LogAssetRegistry: FAssetRegistry took 0.0031 seconds to start up
[2022.09.24-03.54.45:578][  0]LogInit: Selected Device Profile: [Windows]
[2022.09.24-03.54.45:872][  0]LogMeshReduction: Using QuadricMeshReduction for automatic static mesh reduction
[2022.09.24-03.54.45:872][  0]LogMeshReduction: Using SimplygonMeshReduction for automatic skeletal mesh reduction
[2022.09.24-03.54.45:872][  0]LogMeshReduction: Using ProxyLODMeshReduction for automatic mesh merging
[2022.09.24-03.54.45:872][  0]LogMeshReduction: No distributed automatic mesh merging module available
[2022.09.24-03.54.45:872][  0]LogMeshMerging: No distributed automatic mesh merging module available
[2022.09.24-03.54.45:917][  0]LogNetVersion: ProjectDAGR 1.0.0, NetCL: 13144385, EngineNetVer: 14, GameNetVer: 0 (Checksum: 216592421)
[2022.09.24-03.54.46:625][  0]LogAISub: UAISubsystem::UAISubsystem AISubsystem (0000029A06536AC0), frame # 0
[2022.09.24-03.54.46:625][  0]LogAISub: UAISubsystem::UAISubsystem AIPerceptionSystem (0000029A064D9940), frame # 0
[2022.09.24-03.54.46:628][  0]LogAISub: UAISubsystem::UAISubsystem EnvQueryManager (0000029A06516000), frame # 0
[2022.09.24-03.54.46:665][  0]LogPackageLocalizationCache: Processed 24 localized package path(s) for 1 prioritized culture(s) in 0.022758 seconds
[2022.09.24-03.54.46:669][  0]LogUObjectArray: 15970 objects as part of root set at end of initial load.
[2022.09.24-03.54.46:669][  0]LogUObjectAllocator: 3980144 out of 0 bytes used by permanent object pool.
[2022.09.24-03.54.46:669][  0]LogUObjectArray: CloseDisregardForGC: 0/0 objects in disregard for GC pool
[2022.09.24-03.54.47:890][  0]LogTcpMessaging: Initializing TcpMessaging bridge
[2022.09.24-03.54.47:924][  0]LogUdpMessaging: Initializing bridge on interface 0.0.0.0:0 to multicast group 230.0.0.1:6666.
[2022.09.24-03.54.48:467][  0]SourceControl: Source control is disabled
[2022.09.24-03.54.48:467][  0]SourceControl: Source control is disabled
[2022.09.24-03.54.48:486][  0]SourceControl: Source control is disabled
[2022.09.24-03.54.48:499][  0]SourceControl: Source control is disabled
[2022.09.24-03.54.48:528][  0]SourceControl: Source control is disabled
[2022.09.24-03.54.49:463][  0]LogAndroidPermission: UAndroidPermissionCallbackProxy::GetInstance
[2022.09.24-03.54.49:540][  0]LogAudioCaptureCore: Display: No Audio Capture implementations found. Audio input will be silent.
[2022.09.24-03.54.49:540][  0]LogAudioCaptureCore: Display: No Audio Capture implementations found. Audio input will be silent.
[2022.09.24-03.54.49:692][  0]LogDisplayClusterModule: Instantiating subsystem managers...
[2022.09.24-03.54.49:692][  0]LogDisplayClusterRender: Registering factory for rendering device type: dc_dev_mono
[2022.09.24-03.54.49:692][  0]LogDisplayClusterRender: Registered factory for rendering device type: dc_dev_mono
[2022.09.24-03.54.49:693][  0]LogDisplayClusterRender: Registering factory for rendering device type: quad_buffer_stereo
[2022.09.24-03.54.49:693][  0]LogDisplayClusterRender: Registered factory for rendering device type: quad_buffer_stereo
[2022.09.24-03.54.49:693][  0]LogDisplayClusterRender: Registering factory for rendering device type: dc_dev_side_by_side
[2022.09.24-03.54.49:693][  0]LogDisplayClusterRender: Registered factory for rendering device type: dc_dev_side_by_side
[2022.09.24-03.54.49:693][  0]LogDisplayClusterRender: Registering factory for rendering device type: dc_dev_top_bottom
[2022.09.24-03.54.49:693][  0]LogDisplayClusterRender: Registered factory for rendering device type: dc_dev_top_bottom
[2022.09.24-03.54.49:693][  0]LogDisplayClusterRender: Registering factory for synchronization policy: 0
[2022.09.24-03.54.49:693][  0]LogDisplayClusterRender: Registered factory for syncrhonization policy: 0
[2022.09.24-03.54.49:693][  0]LogDisplayClusterRender: Registering factory for synchronization policy: 1
[2022.09.24-03.54.49:693][  0]LogDisplayClusterRender: Registered factory for syncrhonization policy: 1
[2022.09.24-03.54.49:693][  0]LogDisplayClusterRender: Registering factory for synchronization policy: 2
[2022.09.24-03.54.49:693][  0]LogDisplayClusterRender: Registered factory for syncrhonization policy: 2
[2022.09.24-03.54.49:693][  0]LogDisplayClusterModule: DisplayCluster module has been started
[2022.09.24-03.54.49:725][  0]LogDisplayClusterProjection: Projection module has been instantiated
[2022.09.24-03.54.49:725][  0]LogDisplayClusterProjection: Projection module startup
[2022.09.24-03.54.49:725][  0]LogDisplayClusterProjection: Registering <camera> projection policy factory...
[2022.09.24-03.54.49:725][  0]LogDisplayClusterRender: Registering factory for projection type: camera
[2022.09.24-03.54.49:725][  0]LogDisplayClusterRender: Registered factory for projection type: camera
[2022.09.24-03.54.49:725][  0]LogDisplayClusterProjection: Registering <simple> projection policy factory...
[2022.09.24-03.54.49:725][  0]LogDisplayClusterRender: Registering factory for projection type: simple
[2022.09.24-03.54.49:725][  0]LogDisplayClusterRender: Registered factory for projection type: simple
[2022.09.24-03.54.49:725][  0]LogDisplayClusterProjection: Registering <mpcdi> projection policy factory...
[2022.09.24-03.54.49:725][  0]LogDisplayClusterRender: Registering factory for projection type: mpcdi
[2022.09.24-03.54.49:725][  0]LogDisplayClusterRender: Registered factory for projection type: mpcdi
[2022.09.24-03.54.49:725][  0]LogDisplayClusterProjection: Registering <mesh> projection policy factory...
[2022.09.24-03.54.49:725][  0]LogDisplayClusterRender: Registering factory for projection type: mesh
[2022.09.24-03.54.49:725][  0]LogDisplayClusterRender: Registered factory for projection type: mesh
[2022.09.24-03.54.49:725][  0]LogDisplayClusterProjection: Registering <easyblend> projection policy factory...
[2022.09.24-03.54.49:725][  0]LogDisplayClusterRender: Registering factory for projection type: easyblend
[2022.09.24-03.54.49:725][  0]LogDisplayClusterRender: Registered factory for projection type: easyblend
[2022.09.24-03.54.49:725][  0]LogDisplayClusterProjection: Registering <manual> projection policy factory...
[2022.09.24-03.54.49:725][  0]LogDisplayClusterRender: Registering factory for projection type: manual
[2022.09.24-03.54.49:725][  0]LogDisplayClusterRender: Registered factory for projection type: manual
[2022.09.24-03.54.49:725][  0]LogDisplayClusterProjection: Projection module has started
[2022.09.24-03.54.49:737][  0]LogDisplayClusterPostprocess: Postprocess module has been instantiated
[2022.09.24-03.54.49:737][  0]LogDisplayClusterPostprocess: Postprocess module startup
[2022.09.24-03.54.49:737][  0]LogDisplayClusterPostprocess: Registering <OutputRemap> projection policy factory...
[2022.09.24-03.54.49:737][  0]LogDisplayClusterRender: Registering post-process operation: OutputRemap
[2022.09.24-03.54.49:737][  0]LogDisplayClusterRender: Registered post-process operation: OutputRemap
[2022.09.24-03.54.49:737][  0]LogDisplayClusterPostprocess: Postprocess module has started
[2022.09.24-03.54.49:754][  0]LogPicpProjection: Projection module has been instantiated
[2022.09.24-03.54.49:754][  0]LogPicpProjection: Projection module startup
[2022.09.24-03.54.49:754][  0]LogPicpProjection: Registering <picp_mpcdi> projection policy factory...
[2022.09.24-03.54.49:754][  0]LogDisplayClusterRender: Registering factory for projection type: picp_mpcdi
[2022.09.24-03.54.49:754][  0]LogDisplayClusterRender: Registered factory for projection type: picp_mpcdi
[2022.09.24-03.54.49:754][  0]LogPicpProjection: Registering <picp_mesh> projection policy factory...
[2022.09.24-03.54.49:754][  0]LogDisplayClusterRender: Registering factory for projection type: picp_mesh
[2022.09.24-03.54.49:754][  0]LogDisplayClusterRender: Registered factory for projection type: picp_mesh
[2022.09.24-03.54.49:754][  0]LogPicpProjection: Projection module has started
[2022.09.24-03.54.49:823][  0]LogOcInput: OculusInput pre-init called
[2022.09.24-03.54.49:857][  0]LogWindows: Failed to load 'OVRPlugin.dll' (GetLastError=126)
[2022.09.24-03.54.49:857][  0]LogWindows: File 'OVRPlugin.dll' does not exist
[2022.09.24-03.54.49:933][  0]LogDisplayClusterInputAnalog: nDisplay input controller has been initialized <Analog>
[2022.09.24-03.54.50:013][  0]LogEngine: Initializing Engine...
[2022.09.24-03.54.50:014][  0]LogHMD: Failed to initialize OpenVR with code 110
[2022.09.24-03.54.50:014][  0]LogMagicLeap: Warning: VR disabled because ZI is not enabled.  To enable, in the editor, Edit -> Project Settings -> Plugins -> Magic Leap Plugin -> Enable Zero Iteration
[2022.09.24-03.54.50:016][  0]LogStats: UGameplayTagsManager::InitializeManager -  0.001 s
[2022.09.24-03.54.50:084][  0]LogInit: Initializing FReadOnlyCVARCache
[2022.09.24-03.54.50:114][  0]LogAIModule: Creating AISystem for world Untitled
[2022.09.24-03.54.50:114][  0]LogAISub: UAISubsystem::UAISubsystem EnvQueryManager (0000029A085C3C00), frame # 0
[2022.09.24-03.54.50:114][  0]LogAISub: UAISubsystem::UAISubsystem AIPerceptionSystem (0000029A08612200), frame # 0
[2022.09.24-03.54.50:132][  0]LogAudioMixer: Display: Audio Mixer Platform Settings:
[2022.09.24-03.54.50:132][  0]LogAudioMixer: Display: 	Sample Rate:						  48000
[2022.09.24-03.54.50:132][  0]LogAudioMixer: Display: 	Callback Buffer Frame Size Requested: 1024
[2022.09.24-03.54.50:132][  0]LogAudioMixer: Display: 	Callback Buffer Frame Size To Use:	  1024
[2022.09.24-03.54.50:132][  0]LogAudioMixer: Display: 	Number of buffers to queue:			  2
[2022.09.24-03.54.50:132][  0]LogAudioMixer: Display: 	Max Channels (voices):				  32
[2022.09.24-03.54.50:132][  0]LogAudioMixer: Display: 	Number of Async Source Workers:		  0
[2022.09.24-03.54.50:132][  0]LogAudio: Display: AudioDevice MaxSources: 32
[2022.09.24-03.54.50:133][  0]LogAudio: Display: Using built-in audio occlusion.
[2022.09.24-03.54.50:133][  0]LogAudioMixer: Display: Initializing audio mixer.
[2022.09.24-03.54.50:166][  0]LogAudioMixer: Display: 0: FrontLeft
[2022.09.24-03.54.50:166][  0]LogAudioMixer: Display: 1: FrontRight
[2022.09.24-03.54.50:192][  0]LogAudioMixer: Display: Using Audio Device Headphones (High Definition Audio Device)
[2022.09.24-03.54.50:194][  0]LogAudioMixer: Display: Initializing Sound Submixes...
[2022.09.24-03.54.50:195][  0]LogAudioMixer: Display: Creating Master Submix 'MasterSubmixDefault'
[2022.09.24-03.54.50:195][  0]LogAudioMixer: Display: Creating Master Submix 'MasterReverbSubmixDefault'
[2022.09.24-03.54.50:196][  0]LogAudioMixer: Display: Creating Master Submix 'MasterEQSubmixDefault'
[2022.09.24-03.54.50:196][  0]LogInit: FAudioDevice initialized.
[2022.09.24-03.54.50:197][  0]LogNetVersion: Set ProjectVersion to 1.0.0.0. Version Checksum will be recalculated on next use.
[2022.09.24-03.54.50:229][  0]LogDerivedDataCache: Saved boot cache 0.03s 76MB C:/Users/ethan/AppData/Local/UnrealEngine/4.25/DerivedDataCache/Boot.ddc.
[2022.09.24-03.54.50:229][  0]LogInit: Texture streaming: Enabled
[2022.09.24-03.54.50:465][  0]LogInit: Transaction tracking system initialized
[2022.09.24-03.54.50:559][  0]BlueprintLog: New page: Editor Load
[2022.09.24-03.54.50:874][  0]LocalizationService: Localization service is disabled
[2022.09.24-03.54.51:230][  0]LogCook: Display: Max memory allowance for cook 16384mb min free memory 0mb
[2022.09.24-03.54.51:231][  0]LogCook: Display: Mobile HDR setting 1
[2022.09.24-03.54.51:707][  0]LogFileCache: Scanning file cache for directory 'C:/Users/ethan/Documents/GitHub Repositories/2022/DataArena/ProjectDAGR425/Content/' took 0.00s
[2022.09.24-03.54.51:928][  0]SourceControl: Source control is disabled
[2022.09.24-03.54.51:928][  0]LogUnrealEdMisc: Loading editor; pre map load, took 45.065
[2022.09.24-03.54.51:928][  0]Cmd: MAP LOAD FILE="../../../../../../Users/ethan/Documents/GitHub Repositories/2022/DataArena/ProjectDAGR425/Content/Calibration/Calibration.umap" TEMPLATE=0 SHOWPROGRESS=1 FEATURELEVEL=3
[2022.09.24-03.54.51:929][  0]LightingResults: New page: Lighting Build
[2022.09.24-03.54.51:931][  0]LogWorld: UWorld::CleanupWorld for Untitled, bSessionEnded=true, bCleanupResources=true
[2022.09.24-03.54.51:931][  0]LogSlate: InvalidateAllWidgets triggered.  All widgets were invalidated
[2022.09.24-03.54.51:932][  0]MapCheck: New page: Map Check
[2022.09.24-03.54.51:932][  0]LightingResults: New page: Lighting Build
[2022.09.24-03.54.51:948][  0]LogAISub: UAISubsystem::~UAISubsystem EnvQueryManager (0000029A085C3C00), frame # 0
[2022.09.24-03.54.51:948][  0]LogAISub: UAISubsystem::~UAISubsystem AIPerceptionSystem (0000029A08612200), frame # 0
[2022.09.24-03.54.51:948][  0]LogUObjectHash: Compacting FUObjectHashTables data took   0.53ms
[2022.09.24-03.54.51:993][  0]LogLinker: Warning: Asset '../../../../../../Users/ethan/Documents/GitHub Repositories/2022/DataArena/ProjectDAGR425/Plugins/DA_Assets/Content/Camera/SpaceMouseCamera.uasset' has been saved with empty engine version. The asset will be loaded but may be incompatible.
[2022.09.24-03.54.51:997][  0]LogLinker: Warning: Asset '../../../../../../Users/ethan/Documents/GitHub Repositories/2022/DataArena/ProjectDAGR425/Plugins/DA_Assets/Content/DeviceCommunication/DA_SpaceMouse.uasset' has been saved with empty engine version. The asset will be loaded but may be incompatible.
[2022.09.24-03.54.52:018][  0]LogBlueprint: Warning: [Compiler SpaceMouseCamera] Get Input Axis references unknown Axis 'MoveCameraForward' for  Get MoveCameraForward
[2022.09.24-03.54.52:018][  0]LogBlueprint: Warning: [Compiler SpaceMouseCamera] Get Input Axis references unknown Axis 'MoveCameraRight' for  Get MoveCameraRight
[2022.09.24-03.54.52:018][  0]LogBlueprint: Warning: [Compiler SpaceMouseCamera] Get Input Axis references unknown Axis 'MoveCameraUp' for  Get MoveCameraUp
[2022.09.24-03.54.52:018][  0]LogBlueprint: Warning: [Compiler SpaceMouseCamera] Get Input Axis references unknown Axis 'RotateCameraPitch' for  Get RotateCameraPitch
[2022.09.24-03.54.52:018][  0]LogBlueprint: Warning: [Compiler SpaceMouseCamera] Get Input Axis references unknown Axis 'RotateCameraRoll' for  Get RotateCameraRoll
[2022.09.24-03.54.52:018][  0]LogBlueprint: Warning: [Compiler SpaceMouseCamera] Get Input Axis references unknown Axis 'RotateCameraYaw' for  Get RotateCameraYaw
[2022.09.24-03.54.52:025][  0]LogLinker: Warning: Asset '../../../../../../Users/ethan/Documents/GitHub Repositories/2022/DataArena/ProjectDAGR425/Plugins/DA_Assets/Content/DeviceCommunication/DA_Tracker.uasset' has been saved with empty engine version. The asset will be loaded but may be incompatible.
[2022.09.24-03.54.52:150][  0]LogLinker: Warning: While loading '../../../../../../Users/ethan/Documents/GitHub Repositories/2022/DataArena/ProjectDAGR425/Content/Calibration/Calibration.umap' failed to load '/Game/Calibration/Calibration_BuiltData': Can't find file.
[2022.09.24-03.54.52:150][  0]LogLinker: Warning: While loading '../../../../../../Users/ethan/Documents/GitHub Repositories/2022/DataArena/ProjectDAGR425/Content/Calibration/Calibration.umap' failed to load '/Game/Calibration/Calibration_BuiltData': Can't find file.
[2022.09.24-03.54.52:151][  0]LogLinker: Warning: While loading '../../../../../../Users/ethan/Documents/GitHub Repositories/2022/DataArena/ProjectDAGR425/Content/Calibration/Calibration.umap' failed to load '/Game/Calibration/Calibration_BuiltData': Can't find file.
[2022.09.24-03.54.52:151][  0]LogLinker: Warning: While loading '../../../../../../Users/ethan/Documents/GitHub Repositories/2022/DataArena/ProjectDAGR425/Content/Calibration/Calibration.umap' failed to load '/Game/Calibration/Calibration_BuiltData': Can't find file.
[2022.09.24-03.54.52:152][  0]LogLinker: Warning: Failed to load '/Game/Calibration/Calibration_BuiltData': Can't find file.
[2022.09.24-03.54.52:152][  0]LogLinker: Warning: Failed to load '/Game/Calibration/Calibration_BuiltData': Can't find file.
[2022.09.24-03.54.52:152][  0]LogLinker: Warning: Failed to load '/Game/Calibration/Calibration_BuiltData': Can't find file.
[2022.09.24-03.54.52:152][  0]LogLinker: Warning: Failed to load '/Game/Calibration/Calibration_BuiltData': Can't find file.
[2022.09.24-03.54.52:156][  0]LogLinker: Warning: While loading '../../../../../../Users/ethan/Documents/GitHub Repositories/2022/DataArena/ProjectDAGR425/Content/Calibration/Calibration.umap' failed to load '/Game/Calibration/Calibration_BuiltData': Can't find file.
[2022.09.24-03.54.52:156][  0]LoadErrors: Failed to load /Game/Calibration/Calibration_BuiltData.Calibration_BuiltData Referenced by PersistentLevel
[2022.09.24-03.54.52:156][  0]LogLinker: Warning: While loading '../../../../../../Users/ethan/Documents/GitHub Repositories/2022/DataArena/ProjectDAGR425/Content/Calibration/Calibration.umap' failed to load '/Game/Calibration/Calibration_BuiltData': Can't find file.
[2022.09.24-03.54.52:156][  0]LoadErrors: Failed to load /Game/Calibration/Calibration_BuiltData.Calibration_BuiltData Referenced by PersistentLevel
[2022.09.24-03.54.52:172][  0]LogAIModule: Creating AISystem for world Calibration
[2022.09.24-03.54.52:172][  0]LogAISub: UAISubsystem::UAISubsystem EnvQueryManager (0000029A1CD23200), frame # 0
[2022.09.24-03.54.52:172][  0]LogAISub: UAISubsystem::UAISubsystem AIPerceptionSystem (0000029A12BC8540), frame # 0
[2022.09.24-03.54.52:181][  0]LogEditorServer: Finished looking for orphan Actors (0.000 secs)
[2022.09.24-03.54.52:194][  0]LogUObjectHash: Compacting FUObjectHashTables data took   0.68ms
[2022.09.24-03.54.52:194][  0]Cmd: MAP CHECKDEP NOCLEARLOG
[2022.09.24-03.54.52:194][  0]MapCheck: Map check complete: 0 Error(s), 0 Warning(s), took 0.217ms to complete.
[2022.09.24-03.54.52:194][  0]LogFileHelpers: Loading map 'Calibration' took 0.266
[2022.09.24-03.54.52:195][  0]LogUnrealEdMisc: Total Editor Startup Time, took 45.332
[2022.09.24-03.54.52:294][  0]LogSlate: Updating window title bar state: overlay mode, drag disabled, window buttons hidden, title bar hidden
[2022.09.24-03.54.52:298][  0]LogSlate: Updating window title bar state: overlay mode, drag disabled, window buttons hidden, title bar hidden
[2022.09.24-03.54.52:302][  0]LogSlate: Updating window title bar state: overlay mode, drag disabled, window buttons hidden, title bar hidden
[2022.09.24-03.54.52:306][  0]LogSlate: Updating window title bar state: overlay mode, drag disabled, window buttons hidden, title bar hidden
[2022.09.24-03.54.52:329][  0]LogCollectionManager: Loaded 0 collections in 0.002012 seconds
[2022.09.24-03.54.52:350][  0]LogFileCache: Scanning file cache for directory 'C:/Users/ethan/Documents/GitHub Repositories/2022/DataArena/ProjectDAGR425/Saved/Collections/' took 0.00s
[2022.09.24-03.54.52:350][  0]LogFileCache: Scanning file cache for directory 'C:/Users/ethan/Documents/GitHub Repositories/2022/DataArena/ProjectDAGR425/Content/Developers/ethan/Collections/' took 0.00s
[2022.09.24-03.54.52:350][  0]LogFileCache: Scanning file cache for directory 'C:/Users/ethan/Documents/GitHub Repositories/2022/DataArena/ProjectDAGR425/Content/Collections/' took 0.00s
[2022.09.24-03.54.52:350][  0]LogContentBrowser: Native class hierarchy populated in 0.0080 seconds. Added 3536 classes and 895 folders.
[2022.09.24-03.54.52:354][  0]LogContentBrowser: Native class hierarchy updated for 'WidgetCarousel' in 0.0003 seconds. Added 0 classes and 0 folders.
[2022.09.24-03.54.52:556][  0]LogContentBrowser: Native class hierarchy updated for 'AddContentDialog' in 0.0003 seconds. Added 0 classes and 0 folders.
[2022.09.24-03.54.52:564][  0]LogContentBrowser: Native class hierarchy updated for 'SceneOutliner' in 0.0003 seconds. Added 2 classes and 0 folders.
[2022.09.24-03.54.52:601][  0]LogSlate: Took 0.003071 seconds to synchronously load lazily loaded font '../../../Engine/Content/Slate/Fonts/Roboto-Regular.ttf' (155K)
[2022.09.24-03.54.52:615][  0]LogSlate: Took 0.003114 seconds to synchronously load lazily loaded font '../../../Engine/Content/Slate/Fonts/Roboto-Bold.ttf' (160K)
[2022.09.24-03.54.52:620][  0]LogSlate: Took 0.004026 seconds to synchronously load lazily loaded font '../../../Engine/Content/Editor/Slate/Fonts/FontAwesome.ttf' (139K)
[2022.09.24-03.54.52:664][  0]LogRenderer: Reallocating scene render targets to support 1648x824 Format 10 NumSamples 1 (Frame:1).
[2022.09.24-03.54.52:751][  0]LogContentBrowser: Native class hierarchy updated for 'HierarchicalLODOutliner' in 0.0003 seconds. Added 0 classes and 0 folders.
[2022.09.24-03.54.52:751][  0]LogLoad: (Engine Initialization) Total time: 45.89 seconds
[2022.09.24-03.54.52:751][  0]LogLoad: (Engine Initialization) Total Blueprint compile time: 0.00 seconds
[2022.09.24-03.54.52:760][  0]LogDisplayClusterInputModule: DisplayClusterInput device has been initialized
[2022.09.24-03.54.52:784][  0]LogContentStreaming: Texture pool size now 1000 MB
[2022.09.24-03.54.52:800][  0]LogSlate: Took 0.004072 seconds to synchronously load lazily loaded font '../../../Engine/Content/Slate/Fonts/DroidSansMono.ttf' (77K)
[2022.09.24-03.54.52:803][  1]LogFileCache: Retrieving MD5 hashes for directory 'C:/Users/ethan/Documents/GitHub Repositories/2022/DataArena/ProjectDAGR425/Content/' took 0.04s
[2022.09.24-03.54.53:819][118]LogAssetRegistry: Asset discovery search completed in 8.4391 seconds
[2022.09.24-03.54.53:821][118]LogCollectionManager: Fixed up redirectors for 0 collections in 0.000003 seconds (updated 0 objects)
[2022.09.24-03.55.35:823][431]LogSlate: Took 0.004512 seconds to synchronously load lazily loaded font '../../../Engine/Content/Slate/Fonts/Roboto-Light.ttf' (167K)
[2022.09.24-03.55.36:291][431]LogAssetEditorSubsystem: Opening Asset editor for World /Game/Scenes/Ethan-Scene.Ethan-Scene
[2022.09.24-03.55.36:302][431]LogUObjectHash: Compacting FUObjectHashTables data took   0.73ms
[2022.09.24-03.55.36:302][431]Cmd: MAP LOAD FILE="../../../../../../Users/ethan/Documents/GitHub Repositories/2022/DataArena/ProjectDAGR425/Content/Scenes/Ethan-Scene.umap" TEMPLATE=0 SHOWPROGRESS=1 FEATURELEVEL=3
[2022.09.24-03.55.36:302][431]LightingResults: New page: Lighting Build
[2022.09.24-03.55.36:302][431]LoadErrors: New page: Loading map: Ethan-Scene.umap
[2022.09.24-03.55.36:304][431]LogWorld: UWorld::CleanupWorld for Calibration, bSessionEnded=true, bCleanupResources=true
[2022.09.24-03.55.36:304][431]LogSlate: InvalidateAllWidgets triggered.  All widgets were invalidated
[2022.09.24-03.55.36:304][431]MapCheck: New page: Map Check
[2022.09.24-03.55.36:304][431]LightingResults: New page: Lighting Build
[2022.09.24-03.55.36:314][431]LogAISub: UAISubsystem::~UAISubsystem EnvQueryManager (0000029A1CD23200), frame # 3431
[2022.09.24-03.55.36:314][431]LogAISub: UAISubsystem::~UAISubsystem AIPerceptionSystem (0000029A12BC8540), frame # 3431
[2022.09.24-03.55.36:314][431]LogUObjectHash: Compacting FUObjectHashTables data took   0.62ms
[2022.09.24-03.55.36:316][431]LogEditorServer: Finished looking for orphan Actors (0.000 secs)
[2022.09.24-03.55.36:316][431]LogAIModule: Creating AISystem for world Ethan-Scene
[2022.09.24-03.55.36:316][431]LogAISub: UAISubsystem::UAISubsystem EnvQueryManager (0000029A1CDB0C00), frame # 3431
[2022.09.24-03.55.36:316][431]LogAISub: UAISubsystem::UAISubsystem AIPerceptionSystem (0000029A12BC8A40), frame # 3431
[2022.09.24-03.55.36:325][431]LogUObjectHash: Compacting FUObjectHashTables data took   0.46ms
[2022.09.24-03.55.36:329][431]Cmd: MAP CHECKDEP NOCLEARLOG
[2022.09.24-03.55.36:329][431]MapCheck: Map check complete: 0 Error(s), 0 Warning(s), took 0.086ms to complete.
[2022.09.24-03.55.36:329][431]LogFileHelpers: Loading map 'Ethan-Scene' took 0.026
[2022.09.24-03.55.43:192][230]LogSlate: Took 0.000214 seconds to synchronously load lazily loaded font '../../../Engine/Content/Slate/Fonts/Roboto-Light.ttf' (167K)
[2022.09.24-03.55.54:087][526]LogAssetEditorSubsystem: Opening Asset editor for Blueprint /Game/Blueprints/ShadowShapes/ShadowManager.ShadowManager
[2022.09.24-03.55.54:208][526]LogContentBrowser: Native class hierarchy updated for 'BlueprintGraph' in 0.0005 seconds. Added 125 classes and 0 folders.
[2022.09.24-03.55.54:800][526]LogSlate: Took 0.004064 seconds to synchronously load lazily loaded font '../../../Engine/Content/Slate/Fonts/Roboto-BoldCondensed.ttf' (158K)
[2022.09.24-03.55.57:123][790]LogSlate: Took 0.004074 seconds to synchronously load lazily loaded font '../../../Engine/Content/Slate/Fonts/Roboto-Italic.ttf' (157K)
[2022.09.24-03.55.57:429][827]LogSlate: Window 'ShadowManager' being destroyed
[2022.09.24-03.56.33:186][ 19]LogSavePackage: Moving '../../../../../../Users/ethan/Documents/GitHub Repositories/2022/DataArena/ProjectDAGR425/Saved/ShadowManagerFD60F5904653D48D9EE6768A7CB10C8F.tmp' to '../../../../../../Users/ethan/Documents/GitHub Repositories/2022/DataArena/ProjectDAGR425/Content/Blueprints/ShadowShapes/ShadowManager.uasset'
[2022.09.24-03.56.33:195][ 19]AssetCheck: New page: Asset Save: ShadowManager
[2022.09.24-03.56.33:195][ 19]LogContentValidation: Display: Validating Blueprint /Game/Blueprints/ShadowShapes/ShadowManager.ShadowManager
[2022.09.24-03.57.33:117][138]BlueprintLog: New page: Compile ShadowManager
[2022.09.24-03.57.33:148][138]LogUObjectHash: Compacting FUObjectHashTables data took   1.77ms
[2022.09.24-03.57.36:569][495]LogSavePackage: Moving '../../../../../../Users/ethan/Documents/GitHub Repositories/2022/DataArena/ProjectDAGR425/Saved/ShadowManagerBDBEAE0C4AF9D3B44DEA91BBD3CB71D9.tmp' to '../../../../../../Users/ethan/Documents/GitHub Repositories/2022/DataArena/ProjectDAGR425/Content/Blueprints/ShadowShapes/ShadowManager.uasset'
[2022.09.24-03.57.36:577][495]AssetCheck: New page: Asset Save: ShadowManager
[2022.09.24-03.57.36:577][495]LogContentValidation: Display: Validating Blueprint /Game/Blueprints/ShadowShapes/ShadowManager.ShadowManager
[2022.09.24-03.57.47:379][775]LogSlate: Took 0.004074 seconds to synchronously load lazily loaded font '../../../Engine/Content/Slate/Fonts/Roboto-BoldCondensedItalic.ttf' (160K)
[2022.09.24-03.58.03:617][616]BlueprintLog: New page: Compile ShadowManager
[2022.09.24-03.58.03:649][616]LogUObjectHash: Compacting FUObjectHashTables data took   1.69ms
[2022.09.24-03.58.03:688][616]LogSavePackage: Moving '../../../../../../Users/ethan/Documents/GitHub Repositories/2022/DataArena/ProjectDAGR425/Saved/ShadowManager72219CD54E376AE3083864BB4797EC22.tmp' to '../../../../../../Users/ethan/Documents/GitHub Repositories/2022/DataArena/ProjectDAGR425/Content/Blueprints/ShadowShapes/ShadowManager.uasset'
[2022.09.24-03.58.03:695][616]AssetCheck: New page: Asset Save: ShadowManager
[2022.09.24-03.58.03:695][616]LogContentValidation: Display: Validating Blueprint /Game/Blueprints/ShadowShapes/ShadowManager.ShadowManager
[2022.09.24-03.58.30:542][572]BlueprintLog: New page: Compile ShadowManager
[2022.09.24-03.58.30:574][572]LogUObjectHash: Compacting FUObjectHashTables data took   1.71ms
[2022.09.24-03.58.30:613][572]LogSavePackage: Moving '../../../../../../Users/ethan/Documents/GitHub Repositories/2022/DataArena/ProjectDAGR425/Saved/ShadowManagerB9DEE58248580B8B89E76893D84D90FC.tmp' to '../../../../../../Users/ethan/Documents/GitHub Repositories/2022/DataArena/ProjectDAGR425/Content/Blueprints/ShadowShapes/ShadowManager.uasset'
[2022.09.24-03.58.30:620][572]AssetCheck: New page: Asset Save: ShadowManager
[2022.09.24-03.58.30:620][572]LogContentValidation: Display: Validating Blueprint /Game/Blueprints/ShadowShapes/ShadowManager.ShadowManager
[2022.09.24-03.58.37:342][572]LogWindows: Error: === Critical error: ===
[2022.09.24-03.58.37:342][572]LogWindows: Error: 
[2022.09.24-03.58.37:342][572]LogWindows: Error: Fatal error!
[2022.09.24-03.58.37:342][572]LogWindows: Error: 
[2022.09.24-03.58.37:342][572]LogWindows: Error: Unhandled Exception: EXCEPTION_ACCESS_VIOLATION reading address 0xffffffff
[2022.09.24-03.58.37:342][572]LogWindows: Error: 
[2022.09.24-03.58.37:342][572]LogWindows: Error: [Callstack] 0x00007ffb507117a0 UE4Editor-CoreUObject.dll!FObjectProperty::GetObjectPropertyValue() [D:\Build\++UE4\Sync\Engine\Source\Runtime\CoreUObject\Private\UObject\PropertyObject.cpp:176]
[2022.09.24-03.58.37:342][572]LogWindows: Error: [Callstack] 0x00007ffb506a5255 UE4Editor-CoreUObject.dll!FObjectPropertyBase::ExportTextItem() [D:\Build\++UE4\Sync\Engine\Source\Runtime\CoreUObject\Private\UObject\PropertyBaseObject.cpp:199]
[2022.09.24-03.58.37:342][572]LogWindows: Error: [Callstack] 0x00007ffb506a4f51 UE4Editor-CoreUObject.dll!FArrayProperty::ExportTextInnerItem() [D:\Build\++UE4\Sync\Engine\Source\Runtime\CoreUObject\Private\UObject\PropertyArray.cpp:441]
[2022.09.24-03.58.37:342][572]LogWindows: Error: [Callstack] 0x00007ffb506a5198 UE4Editor-CoreUObject.dll!FArrayProperty::ExportTextItem() [D:\Build\++UE4\Sync\Engine\Source\Runtime\CoreUObject\Private\UObject\PropertyArray.cpp:417]
[2022.09.24-03.58.37:342][572]LogWindows: Error: [Callstack] 0x00007ffb506a59ba UE4Editor-CoreUObject.dll!FProperty::ExportText_Direct() [D:\Build\++UE4\Sync\Engine\Source\Runtime\CoreUObject\Private\UObject\Property.cpp:826]
[2022.09.24-03.58.37:342][572]LogWindows: Error: [Callstack] 0x00007ffb44ad8098 UE4Editor-PropertyEditor.dll!FPropertyTextUtilities::PropertyToTextHelper() [D:\Build\++UE4\Sync\Engine\Source\Editor\PropertyEditor\Private\PropertyTextUtilities.cpp:17]
[2022.09.24-03.58.37:342][572]LogWindows: Error: [Callstack] 0x00007ffb44965229 UE4Editor-PropertyEditor.dll!FPropertyNode::GetPropertyValueString() [D:\Build\++UE4\Sync\Engine\Source\Editor\PropertyEditor\Private\PropertyNode.cpp:688]
[2022.09.24-03.58.37:342][572]LogWindows: Error: [Callstack] 0x00007ffb4496cb03 UE4Editor-PropertyEditor.dll!FPropertyHandleBase::GetValueAsDisplayString() [D:\Build\++UE4\Sync\Engine\Source\Editor\PropertyEditor\Private\PropertyHandleImpl.cpp:2296]
[2022.09.24-03.58.37:342][572]LogWindows: Error: [Callstack] 0x00007ffb44950c16 UE4Editor-PropertyEditor.dll!SPropertyEditorArray::GetArrayTextValue() [D:\Build\++UE4\Sync\Engine\Source\Editor\PropertyEditor\Private\UserInterface\PropertyEditor\SPropertyEditorArray.h:81]
[2022.09.24-03.58.37:342][572]LogWindows: Error: [Callstack] 0x00007ffb44935ffd UE4Editor-PropertyEditor.dll!TBaseSPMethodDelegateInstance<1,SPropertyEditorArray,0,FText __cdecl(void)>::Execute() [D:\Build\++UE4\Sync\Engine\Source\Runtime\Core\Public\Delegates\DelegateInstancesImpl.h:298]
[2022.09.24-03.58.37:342][572]LogWindows: Error: [Callstack] 0x00007ffb4e1e1f2b UE4Editor-Slate.dll!TAttribute<FText>::Get() [D:\Build\++UE4\Sync\Engine\Source\Runtime\Core\Public\Misc\Attribute.h:137]
[2022.09.24-03.58.37:342][572]LogWindows: Error: [Callstack] 0x00007ffb4e3695b1 UE4Editor-Slate.dll!FSlateTextBlockLayout::ComputeDesiredSize() [D:\Build\++UE4\Sync\Engine\Source\Runtime\Slate\Private\Widgets\Text\SlateTextBlockLayout.cpp:51]
[2022.09.24-03.58.37:342][572]LogWindows: Error: [Callstack] 0x00007ffb4e36a0e0 UE4Editor-Slate.dll!STextBlock::ComputeDesiredSize() [D:\Build\++UE4\Sync\Engine\Source\Runtime\Slate\Private\Widgets\Text\STextBlock.cpp:277]
[2022.09.24-03.58.37:342][572]LogWindows: Error: [Callstack] 0x00007ffb4fddafda UE4Editor-SlateCore.dll!SWidget::CacheDesiredSize() [D:\Build\++UE4\Sync\Engine\Source\Runtime\SlateCore\Private\Widgets\SWidget.cpp:831]
[2022.09.24-03.58.37:342][572]LogWindows: Error: [Callstack] 0x00007ffb4fe28c5a UE4Editor-SlateCore.dll!SWidget::Prepass_Internal() [D:\Build\++UE4\Sync\Engine\Source\Runtime\SlateCore\Private\Widgets\SWidget.cpp:1476]
[2022.09.24-03.58.37:342][572]LogWindows: Error: [Callstack] 0x00007ffb4fe28b57 UE4Editor-SlateCore.dll!SWidget::Prepass_Internal() [D:\Build\++UE4\Sync\Engine\Source\Runtime\SlateCore\Private\Widgets\SWidget.cpp:1460]
[2022.09.24-03.58.37:342][572]LogWindows: Error: [Callstack] 0x00007ffb4fe28b57 UE4Editor-SlateCore.dll!SWidget::Prepass_Internal() [D:\Build\++UE4\Sync\Engine\Source\Runtime\SlateCore\Private\Widgets\SWidget.cpp:1460]
[2022.09.24-03.58.37:342][572]LogWindows: Error: [Callstack] 0x00007ffb4fe28b57 UE4Editor-SlateCore.dll!SWidget::Prepass_Internal() [D:\Build\++UE4\Sync\Engine\Source\Runtime\SlateCore\Private\Widgets\SWidget.cpp:1460]
[2022.09.24-03.58.37:342][572]LogWindows: Error: [Callstack] 0x00007ffb4fe28b57 UE4Editor-SlateCore.dll!SWidget::Prepass_Internal() [D:\Build\++UE4\Sync\Engine\Source\Runtime\SlateCore\Private\Widgets\SWidget.cpp:1460]
[2022.09.24-03.58.37:342][572]LogWindows: Error: [Callstack] 0x00007ffb4fe28b57 UE4Editor-SlateCore.dll!SWidget::Prepass_Internal() [D:\Build\++UE4\Sync\Engine\Source\Runtime\SlateCore\Private\Widgets\SWidget.cpp:1460]
[2022.09.24-03.58.37:342][572]LogWindows: Error: [Callstack] 0x00007ffb4fe28b57 UE4Editor-SlateCore.dll!SWidget::Prepass_Internal() [D:\Build\++UE4\Sync\Engine\Source\Runtime\SlateCore\Private\Widgets\SWidget.cpp:1460]
[2022.09.24-03.58.37:342][572]LogWindows: Error: [Callstack] 0x00007ffb4fe28b57 UE4Editor-SlateCore.dll!SWidget::Prepass_Internal() [D:\Build\++UE4\Sync\Engine\Source\Runtime\SlateCore\Private\Widgets\SWidget.cpp:1460]
[2022.09.24-03.58.37:342][572]LogWindows: Error: [Callstack] 0x00007ffb4fe28b57 UE4Editor-SlateCore.dll!SWidget::Prepass_Internal() [D:\Build\++UE4\Sync\Engine\Source\Runtime\SlateCore\Private\Widgets\SWidget.cpp:1460]
[2022.09.24-03.58.37:342][572]LogWindows: Error: [Callstack] 0x00007ffb4fe28b57 UE4Editor-SlateCore.dll!SWidget::Prepass_Internal() [D:\Build\++UE4\Sync\Engine\Source\Runtime\SlateCore\Private\Widgets\SWidget.cpp:1460]
[2022.09.24-03.58.37:342][572]LogWindows: Error: [Callstack] 0x00007ffb4fe28b57 UE4Editor-SlateCore.dll!SWidget::Prepass_Internal() [D:\Build\++UE4\Sync\Engine\Source\Runtime\SlateCore\Private\Widgets\SWidget.cpp:1460]
[2022.09.24-03.58.37:342][572]LogWindows: Error: [Callstack] 0x00007ffb4fe28b57 UE4Editor-SlateCore.dll!SWidget::Prepass_Internal() [D:\Build\++UE4\Sync\Engine\Source\Runtime\SlateCore\Private\Widgets\SWidget.cpp:1460]
[2022.09.24-03.58.37:342][572]LogWindows: Error: [Callstack] 0x00007ffb4fe28b57 UE4Editor-SlateCore.dll!SWidget::Prepass_Internal() [D:\Build\++UE4\Sync\Engine\Source\Runtime\SlateCore\Private\Widgets\SWidget.cpp:1460]
[2022.09.24-03.58.37:342][572]LogWindows: Error: [Callstack] 0x00007ffb4fe28b57 UE4Editor-SlateCore.dll!SWidget::Prepass_Internal() [D:\Build\++UE4\Sync\Engine\Source\Runtime\SlateCore\Private\Widgets\SWidget.cpp:1460]
[2022.09.24-03.58.37:342][572]LogWindows: Error: [Callstack] 0x00007ffb4fe28b57 UE4Editor-SlateCore.dll!SWidget::Prepass_Internal() [D:\Build\++UE4\Sync\Engine\Source\Runtime\SlateCore\Private\Widgets\SWidget.cpp:1460]
[2022.09.24-03.58.37:342][572]LogWindows: Error: [Callstack] 0x00007ffb4fe28b57 UE4Editor-SlateCore.dll!SWidget::Prepass_Internal() [D:\Build\++UE4\Sync\Engine\Source\Runtime\SlateCore\Private\Widgets\SWidget.cpp:1460]
[2022.09.24-03.58.37:342][572]LogWindows: Error: [Callstack] 0x00007ffb4fe28b57 UE4Editor-SlateCore.dll!SWidget::Prepass_Internal() [D:\Build\++UE4\Sync\Engine\Source\Runtime\SlateCore\Private\Widgets\SWidget.cpp:1460]
[2022.09.24-03.58.37:342][572]LogWindows: Error: [Callstack] 0x00007ffb4fe28b57 UE4Editor-SlateCore.dll!SWidget::Prepass_Internal() [D:\Build\++UE4\Sync\Engine\Source\Runtime\SlateCore\Private\Widgets\SWidget.cpp:1460]
[2022.09.24-03.58.37:342][572]LogWindows: Error: [Callstack] 0x00007ffb4fe28b57 UE4Editor-SlateCore.dll!SWidget::Prepass_Internal() [D:\Build\++UE4\Sync\Engine\Source\Runtime\SlateCore\Private\Widgets\SWidget.cpp:1460]
[2022.09.24-03.58.37:342][572]LogWindows: Error: [Callstack] 0x00007ffb4fe28b57 UE4Editor-SlateCore.dll!SWidget::Prepass_Internal() [D:\Build\++UE4\Sync\Engine\Source\Runtime\SlateCore\Private\Widgets\SWidget.cpp:1460]
[2022.09.24-03.58.37:342][572]LogWindows: Error: [Callstack] 0x00007ffb4fe28b57 UE4Editor-SlateCore.dll!SWidget::Prepass_Internal() [D:\Build\++UE4\Sync\Engine\Source\Runtime\SlateCore\Private\Widgets\SWidget.cpp:1460]
[2022.09.24-03.58.37:342][572]LogWindows: Error: [Callstack] 0x00007ffb4fe28b57 UE4Editor-SlateCore.dll!SWidget::Prepass_Internal() [D:\Build\++UE4\Sync\Engine\Source\Runtime\SlateCore\Private\Widgets\SWidget.cpp:1460]
[2022.09.24-03.58.37:342][572]LogWindows: Error: [Callstack] 0x00007ffb4fe28b57 UE4Editor-SlateCore.dll!SWidget::Prepass_Internal() [D:\Build\++UE4\Sync\Engine\Source\Runtime\SlateCore\Private\Widgets\SWidget.cpp:1460]
[2022.09.24-03.58.37:342][572]LogWindows: Error: [Callstack] 0x00007ffb4fe28b57 UE4Editor-SlateCore.dll!SWidget::Prepass_Internal() [D:\Build\++UE4\Sync\Engine\Source\Runtime\SlateCore\Private\Widgets\SWidget.cpp:1460]
[2022.09.24-03.58.37:342][572]LogWindows: Error: [Callstack] 0x00007ffb4fe28b57 UE4Editor-SlateCore.dll!SWidget::Prepass_Internal() [D:\Build\++UE4\Sync\Engine\Source\Runtime\SlateCore\Private\Widgets\SWidget.cpp:1460]
[2022.09.24-03.58.37:342][572]LogWindows: Error: [Callstack] 0x00007ffb4fe28b57 UE4Editor-SlateCore.dll!SWidget::Prepass_Internal() [D:\Build\++UE4\Sync\Engine\Source\Runtime\SlateCore\Private\Widgets\SWidget.cpp:1460]
[2022.09.24-03.58.37:342][572]LogWindows: Error: [Callstack] 0x00007ffb4fe28b57 UE4Editor-SlateCore.dll!SWidget::Prepass_Internal() [D:\Build\++UE4\Sync\Engine\Source\Runtime\SlateCore\Private\Widgets\SWidget.cpp:1460]
[2022.09.24-03.58.37:342][572]LogWindows: Error: [Callstack] 0x00007ffb4fe28b57 UE4Editor-SlateCore.dll!SWidget::Prepass_Internal() [D:\Build\++UE4\Sync\Engine\Source\Runtime\SlateCore\Private\Widgets\SWidget.cpp:1460]
[2022.09.24-03.58.37:342][572]LogWindows: Error: [Callstack] 0x00007ffb4fe28b57 UE4Editor-SlateCore.dll!SWidget::Prepass_Internal() [D:\Build\++UE4\Sync\Engine\Source\Runtime\SlateCore\Private\Widgets\SWidget.cpp:1460]
[2022.09.24-03.58.37:342][572]LogWindows: Error: [Callstack] 0x00007ffb4fe28b57 UE4Editor-SlateCore.dll!SWidget::Prepass_Internal() [D:\Build\++UE4\Sync\Engine\Source\Runtime\SlateCore\Private\Widgets\SWidget.cpp:1460]
[2022.09.24-03.58.37:342][572]LogWindows: Error: [Callstack] 0x00007ffb4fe28b57 UE4Editor-SlateCore.dll!SWidget::Prepass_Internal() [D:\Build\++UE4\Sync\Engine\Source\Runtime\SlateCore\Private\Widgets\SWidget.cpp:1460]
[2022.09.24-03.58.37:342][572]LogWindows: Error: [Callstack] 0x00007ffb4fe28b57 UE4Editor-SlateCore.dll!SWidget::Prepass_Internal() [D:\Build\++UE4\Sync\Engine\Source\Runtime\SlateCore\Private\Widgets\SWidget.cpp:1460]
[2022.09.24-03.58.37:342][572]LogWindows: Error: [Callstack] 0x00007ffb4fe28b57 UE4Editor-SlateCore.dll!SWidget::Prepass_Internal() [D:\Build\++UE4\Sync\Engine\Source\Runtime\SlateCore\Private\Widgets\SWidget.cpp:1460]
[2022.09.24-03.58.37:342][572]LogWindows: Error: [Callstack] 0x00007ffb4fe28b57 UE4Editor-SlateCore.dll!SWidget::Prepass_Internal() [D:\Build\++UE4\Sync\Engine\Source\Runtime\SlateCore\Private\Widgets\SWidget.cpp:1460]
[2022.09.24-03.58.37:342][572]LogWindows: Error: [Callstack] 0x00007ffb4fe28b57 UE4Editor-SlateCore.dll!SWidget::Prepass_Internal() [D:\Build\++UE4\Sync\Engine\Source\Runtime\SlateCore\Private\Widgets\SWidget.cpp:1460]
[2022.09.24-03.58.37:342][572]LogWindows: Error: [Callstack] 0x00007ffb4fe28b57 UE4Editor-SlateCore.dll!SWidget::Prepass_Internal() [D:\Build\++UE4\Sync\Engine\Source\Runtime\SlateCore\Private\Widgets\SWidget.cpp:1460]
[2022.09.24-03.58.37:342][572]LogWindows: Error: [Callstack] 0x00007ffb4fe28b57 UE4Editor-SlateCore.dll!SWidget::Prepass_Internal() [D:\Build\++UE4\Sync\Engine\Source\Runtime\SlateCore\Private\Widgets\SWidget.cpp:1460]
[2022.09.24-03.58.37:342][572]LogWindows: Error: [Callstack] 0x00007ffb4fe28b57 UE4Editor-SlateCore.dll!SWidget::Prepass_Internal() [D:\Build\++UE4\Sync\Engine\Source\Runtime\SlateCore\Private\Widgets\SWidget.cpp:1460]
[2022.09.24-03.58.37:342][572]LogWindows: Error: [Callstack] 0x00007ffb4fe28b57 UE4Editor-SlateCore.dll!SWidget::Prepass_Internal() [D:\Build\++UE4\Sync\Engine\Source\Runtime\SlateCore\Private\Widgets\SWidget.cpp:1460]
[2022.09.24-03.58.37:342][572]LogWindows: Error: [Callstack] 0x00007ffb4fe28b57 UE4Editor-SlateCore.dll!SWidget::Prepass_Internal() [D:\Build\++UE4\Sync\Engine\Source\Runtime\SlateCore\Private\Widgets\SWidget.cpp:1460]
[2022.09.24-03.58.37:342][572]LogWindows: Error: [Callstack] 0x00007ffb4fe28b57 UE4Editor-SlateCore.dll!SWidget::Prepass_Internal() [D:\Build\++UE4\Sync\Engine\Source\Runtime\SlateCore\Private\Widgets\SWidget.cpp:1460]
[2022.09.24-03.58.37:342][572]LogWindows: Error: [Callstack] 0x00007ffb4fe28b57 UE4Editor-SlateCore.dll!SWidget::Prepass_Internal() [D:\Build\++UE4\Sync\Engine\Source\Runtime\SlateCore\Private\Widgets\SWidget.cpp:1460]
[2022.09.24-03.58.37:342][572]LogWindows: Error: [Callstack] 0x00007ffb4fe28b57 UE4Editor-SlateCore.dll!SWidget::Prepass_Internal() [D:\Build\++UE4\Sync\Engine\Source\Runtime\SlateCore\Private\Widgets\SWidget.cpp:1460]
[2022.09.24-03.58.37:342][572]LogWindows: Error: [Callstack] 0x00007ffb4fe28b57 UE4Editor-SlateCore.dll!SWidget::Prepass_Internal() [D:\Build\++UE4\Sync\Engine\Source\Runtime\SlateCore\Private\Widgets\SWidget.cpp:1460]
[2022.09.24-03.58.37:342][572]LogWindows: Error: [Callstack] 0x00007ffb4fe3463d UE4Editor-SlateCore.dll!SWidget::SlatePrepass() [D:\Build\++UE4\Sync\Engine\Source\Runtime\SlateCore\Private\Widgets\SWidget.cpp:608]
[2022.09.24-03.58.37:342][572]LogWindows: Error: [Callstack] 0x00007ffb4e13880d UE4Editor-Slate.dll!PrepassWindowAndChildren() [D:\Build\++UE4\Sync\Engine\Source\Runtime\Slate\Private\Framework\Application\SlateApplication.cpp:1102]
[2022.09.24-03.58.37:342][572]LogWindows: Error: [Callstack] 0x00007ffb4e10959b UE4Editor-Slate.dll!FSlateApplication::DrawPrepass() [D:\Build\++UE4\Sync\Engine\Source\Runtime\Slate\Private\Framework\Application\SlateApplication.cpp:1151]
[2022.09.24-03.58.37:342][572]LogWindows: Error: [Callstack] 0x00007ffb4e13a25a UE4Editor-Slate.dll!FSlateApplication::PrivateDrawWindows() [D:\Build\++UE4\Sync\Engine\Source\Runtime\Slate\Private\Framework\Application\SlateApplication.cpp:1198]
[2022.09.24-03.58.37:342][572]LogWindows: Error: [Callstack] 0x00007ffb4e160af0 UE4Editor-Slate.dll!FSlateApplication::TickApplication() [D:\Build\++UE4\Sync\Engine\Source\Runtime\Slate\Private\Framework\Application\SlateApplication.cpp:1496]
[2022.09.24-03.58.37:342][572]LogWindows: Error: [Callstack] 0x00007ffb4e160024 UE4Editor-Slate.dll!FSlateApplication::Tick() [D:\Build\++UE4\Sync\Engine\Source\Runtime\Slate\Private\Framework\Application\SlateApplication.cpp:1358]
[2022.09.24-03.58.37:342][572]LogWindows: Error: [Callstack] 0x00007ff61b3e8735 UE4Editor.exe!FEngineLoop::Tick() [D:\Build\++UE4\Sync\Engine\Source\Runtime\Launch\Private\LaunchEngineLoop.cpp:4940]
[2022.09.24-03.58.37:342][572]LogWindows: Error: [Callstack] 0x00007ff61b3fba7c UE4Editor.exe!GuardedMain() [D:\Build\++UE4\Sync\Engine\Source\Runtime\Launch\Private\Launch.cpp:169]
[2022.09.24-03.58.37:342][572]LogWindows: Error: [Callstack] 0x00007ff61b3fbb5a UE4Editor.exe!GuardedMainWrapper() [D:\Build\++UE4\Sync\Engine\Source\Runtime\Launch\Private\Windows\LaunchWindows.cpp:137]
[2022.09.24-03.58.37:342][572]LogWindows: Error: [Callstack] 0x00007ff61b40e31d UE4Editor.exe!WinMain() [D:\Build\++UE4\Sync\Engine\Source\Runtime\Launch\Private\Windows\LaunchWindows.cpp:268]
[2022.09.24-03.58.37:342][572]LogWindows: Error: [Callstack] 0x00007ff61b41145a UE4Editor.exe!__scrt_common_main_seh() [d:\agent\_work\5\s\src\vctools\crt\vcstartup\src\startup\exe_common.inl:288]
[2022.09.24-03.58.37:342][572]LogWindows: Error: [Callstack] 0x00007ffc035e7034 KERNEL32.DLL!UnknownFunction []
[2022.09.24-03.58.37:342][572]LogWindows: Error: [Callstack] 0x00007ffc043e26a1 ntdll.dll!UnknownFunction []
[2022.09.24-03.58.37:342][572]LogWindows: Error: 
[2022.09.24-03.58.37:351][572]LogExit: Executing StaticShutdownAfterError
[2022.09.24-03.58.37:354][572]LogWindows: FPlatformMisc::RequestExit(1)
[2022.09.24-03.58.37:354][572]LogCore: Engine exit requested (reason: Win RequestExit)
[2022.09.24-03.58.37:359][572]Log file closed, 09/24/22 13:58:37
